********************************LISTAR********************************
[0] Livre
[1] Ocupado: FOAM090515
[2] Livre
[3] Ocupado: RAIN100116
[4] Ocupado: MOCO060517
[5] Ocupado: GEAM050216
[6] Livre
[7] Livre
[8] Ocupado: RAAS140816
[9] Ocupado: HDWA000415
[10] Ocupado: GEAM071017
[11] Ocupado: RAGI230217
[12] Livre
[13] Livre
[14] Livre
[15] Ocupado: FOCR030817
[16] Ocupado: GEIN190518
[17] Ocupado: I5GI030714
[18] Ocupado: GEIN020218
[19] Livre
[20] Ocupado: MOAS070517
[21] Ocupado: I3AS060315
[22] Livre
[23] Livre
[24] Livre
[25] Ocupado: PLGI120318
[26] Livre
[27] Livre
[28] Livre
[29] Livre
[30] Ocupado: GEKI241215
[31] Ocupado: GECR140217
[32] Livre
[33] Livre
[34] Livre
[35] Livre
[36] Ocupado: GAIN120518
[37] Livre
[38] Livre
[39] Ocupado: HDGI130715
[40] Livre
[41] Livre
[42] Ocupado: GECO180216
[43] Ocupado: GEGI200918
[44] Livre
[45] Livre
[46] Ocupado: GEKI160418
[47] Ocupado: TEAS150215
[48] Livre
[49] Ocupado: RAGI180417
[50] Ocupado: GEGI200118
[51] Ocupado: HDCO001018
[52] Ocupado: GEEV140218
[53] Ocupado: I7MS161015
[54] Ocupado: TEMS100217
[55] Ocupado: GEIN240416
[56] Ocupado: TEAS160217
[57] Ocupado: TEWA190116
[58] Ocupado: GEEV231218
[59] Ocupado: HDAS180316
[60] Ocupado: I3CR160717
[61] Livre
[62] Ocupado: I7CO170714
[63] Livre
[64] Ocupado: I5KI131114
[65] Livre
[66] Livre
[67] Livre
[68] Ocupado: MOMS211017
[69] Ocupado: FOCO020815
[70] Ocupado: GEAM050118
Registro MOAM081014 inserido com sucesso. Numero de colisoes: 0.

********************************BUSCAR********************************
GEAM050118
GEOFORCE GTX 1070 TI
AMD
05/01/10
18
0095.84
HARDWARE 
********************************ALTERAR*******************************
OPERACAO REALIZADA COM SUCESSO!
********************************BUSCAR********************************
GEAM050118
GEOFORCE GTX 1070 TI
AMD
05/01/10
18
0101.96
HARDWARE 
**********************EXCLUIR*********************
OPERACAO REALIZADA COM SUCESSO!
********************************BUSCAR********************************
Registro(s) nao encontrado!
********************************LISTAR********************************
[0] Livre
[1] Ocupado: FOAM090515
[2] Livre
[3] Ocupado: RAIN100116
[4] Ocupado: MOCO060517
[5] Ocupado: GEAM050216
[6] Livre
[7] Livre
[8] Ocupado: RAAS140816
[9] Ocupado: HDWA000415
[10] Ocupado: GEAM071017
[11] Ocupado: RAGI230217
[12] Livre
[13] Livre
[14] Livre
[15] Ocupado: FOCR030817
[16] Ocupado: GEIN190518
[17] Ocupado: I5GI030714
[18] Ocupado: GEIN020218
[19] Livre
[20] Ocupado: MOAS070517
[21] Ocupado: I3AS060315
[22] Livre
[23] Livre
[24] Livre
[25] Ocupado: PLGI120318
[26] Livre
[27] Livre
[28] Livre
[29] Livre
[30] Ocupado: GEKI241215
[31] Ocupado: GECR140217
[32] Livre
[33] Livre
[34] Livre
[35] Livre
[36] Ocupado: GAIN120518
[37] Livre
[38] Livre
[39] Ocupado: HDGI130715
[40] Ocupado: MOAM081014
[41] Livre
[42] Ocupado: GECO180216
[43] Ocupado: GEGI200918
[44] Livre
[45] Livre
[46] Ocupado: GEKI160418
[47] Ocupado: TEAS150215
[48] Livre
[49] Ocupado: RAGI180417
[50] Ocupado: GEGI200118
[51] Ocupado: HDCO001018
[52] Ocupado: GEEV140218
[53] Ocupado: I7MS161015
[54] Ocupado: TEMS100217
[55] Ocupado: GEIN240416
[56] Ocupado: TEAS160217
[57] Ocupado: TEWA190116
[58] Ocupado: GEEV231218
[59] Ocupado: HDAS180316
[60] Ocupado: I3CR160717
[61] Livre
[62] Ocupado: I7CO170714
[63] Livre
[64] Ocupado: I5KI131114
[65] Livre
[66] Livre
[67] Livre
[68] Ocupado: MOMS211017
[69] Ocupado: FOCO020815
[70] Removido
Registro FOEV200216 inserido com sucesso. Numero de colisoes: 9.

Registro GEAS271016 inserido com sucesso. Numero de colisoes: 2.

Registro GECO210815 inserido com sucesso. Numero de colisoes: 10.

Registro FOMS261118 inserido com sucesso. Numero de colisoes: 0.

Registro HDMS210917 inserido com sucesso. Numero de colisoes: 0.

Registro MOKI250718 inserido com sucesso. Numero de colisoes: 0.

Registro I7KI120917 inserido com sucesso. Numero de colisoes: 0.

Registro PLWA060518 inserido com sucesso. Numero de colisoes: 1.

Registro MOAS180714 inserido com sucesso. Numero de colisoes: 18.

********************************BUSCAR********************************
HDAS180316
HD 500GB
ASUS
18/03/13
16
0005.39
FONTE GABINETE HARDWARE HD MEMORIA RAM 
********************************ALTERAR*******************************
OPERACAO REALIZADA COM SUCESSO!
********************************BUSCAR********************************
HDAS180316
HD 500GB
ASUS
18/03/13
16
0002.69
FONTE GABINETE HARDWARE HD MEMORIA RAM 
********************************BUSCAR********************************
I3AS060315
I3 - 7100
ASROCK
06/03/01
15
0016.63
FONTE HARDWARE HD MEMORIA RAM MOUSE PERIFERICO 
********************************LISTAR********************************
[0] Livre
[1] Ocupado: FOAM090515
[2] Livre
[3] Ocupado: RAIN100116
[4] Ocupado: MOCO060517
[5] Ocupado: GEAM050216
[6] Ocupado: PLWA060518
[7] Livre
[8] Ocupado: RAAS140816
[9] Ocupado: HDWA000415
[10] Ocupado: GEAM071017
[11] Ocupado: RAGI230217
[12] Livre
[13] Livre
[14] Livre
[15] Ocupado: FOCR030817
[16] Ocupado: GEIN190518
[17] Ocupado: I5GI030714
[18] Ocupado: GEIN020218
[19] Livre
[20] Ocupado: MOAS070517
[21] Ocupado: I3AS060315
[22] Livre
[23] Livre
[24] Ocupado: MOKI250718
[25] Ocupado: PLGI120318
[26] Livre
[27] Livre
[28] Ocupado: FOMS261118
[29] Livre
[30] Ocupado: GEKI241215
[31] Ocupado: GECR140217
[32] Livre
[33] Livre
[34] Livre
[35] Ocupado: HDMS210917
[36] Ocupado: GAIN120518
[37] Livre
[38] Livre
[39] Ocupado: HDGI130715
[40] Ocupado: MOAM081014
[41] Livre
[42] Ocupado: GECO180216
[43] Ocupado: GEGI200918
[44] Ocupado: GEAS271016
[45] Livre
[46] Ocupado: GEKI160418
[47] Ocupado: TEAS150215
[48] Ocupado: I7KI120917
[49] Ocupado: RAGI180417
[50] Ocupado: GEGI200118
[51] Ocupado: HDCO001018
[52] Ocupado: GEEV140218
[53] Ocupado: I7MS161015
[54] Ocupado: TEMS100217
[55] Ocupado: GEIN240416
[56] Ocupado: TEAS160217
[57] Ocupado: TEWA190116
[58] Ocupado: GEEV231218
[59] Ocupado: HDAS180316
[60] Ocupado: I3CR160717
[61] Ocupado: FOEV200216
[62] Ocupado: I7CO170714
[63] Ocupado: GECO210815
[64] Ocupado: I5KI131114
[65] Ocupado: MOAS180714
[66] Livre
[67] Livre
[68] Ocupado: MOMS211017
[69] Ocupado: FOCO020815
[70] Removido
Registro I7AM101014 inserido com sucesso. Numero de colisoes: 1.

********************************BUSCAR********************************
Registro(s) nao encontrado!
********************************BUSCAR********************************
Registro(s) nao encontrado!
********************************BUSCAR********************************
Registro(s) nao encontrado!
Registro MOEV260615 inserido com sucesso. Numero de colisoes: 10.

ERRO: Ja existe um registro com a chave primaria: I7KI120917.

ERRO: Ja existe um registro com a chave primaria: PLWA060518.

Registro RAKI190816 inserido com sucesso. Numero de colisoes: 4.

Registro RAAS110215 inserido com sucesso. Numero de colisoes: 0.

Registro RAKI030318 inserido com sucesso. Numero de colisoes: 1.

Registro GEIN071115 inserido com sucesso. Numero de colisoes: 1.

Registro GEEV201018 inserido com sucesso. Numero de colisoes: 2.

********************************ALTERAR*******************************
OPERACAO REALIZADA COM SUCESSO!
********************************BUSCAR********************************
TEAS150215
TECLADO GAMMER SEMI MECANICO
ASUS
15/02/03
15
0008.63
FONTE HD MOUSE PERIFERICO PLACA MAE PROCESSADOR 
Registro MOAS231017 inserido com sucesso. Numero de colisoes: 23.

Registro GECO230317 inserido com sucesso. Numero de colisoes: 2.

Registro GEEV150816 inserido com sucesso. Numero de colisoes: 2.

**********************EXCLUIR*********************
OPERACAO REALIZADA COM SUCESSO!
********************************BUSCAR********************************
Registro(s) nao encontrado!
********************************LISTAR********************************
[0] Livre
[1] Ocupado: FOAM090515
[2] Livre
[3] Ocupado: RAIN100116
[4] Ocupado: MOCO060517
[5] Ocupado: GEAM050216
[6] Ocupado: PLWA060518
[7] Livre
[8] Ocupado: RAAS140816
[9] Ocupado: HDWA000415
[10] Ocupado: GEAM071017
[11] Ocupado: RAGI230217
[12] Livre
[13] Ocupado: RAAS110215
[14] Livre
[15] Ocupado: FOCR030817
[16] Ocupado: GEIN190518
[17] Ocupado: I5GI030714
[18] Removido
[19] Ocupado: RAKI030318
[20] Ocupado: MOAS070517
[21] Ocupado: I3AS060315
[22] Livre
[23] Livre
[24] Ocupado: MOKI250718
[25] Ocupado: PLGI120318
[26] Ocupado: GEEV201018
[27] Ocupado: GECO230317
[28] Ocupado: FOMS261118
[29] Ocupado: I7AM101014
[30] Ocupado: GEKI241215
[31] Ocupado: GECR140217
[32] Ocupado: RAKI190816
[33] Livre
[34] Livre
[35] Ocupado: HDMS210917
[36] Ocupado: GAIN120518
[37] Ocupado: GEEV150816
[38] Livre
[39] Ocupado: HDGI130715
[40] Ocupado: MOAM081014
[41] Livre
[42] Ocupado: GECO180216
[43] Ocupado: GEGI200918
[44] Ocupado: GEAS271016
[45] Ocupado: GEIN071115
[46] Ocupado: GEKI160418
[47] Ocupado: TEAS150215
[48] Ocupado: I7KI120917
[49] Ocupado: RAGI180417
[50] Ocupado: GEGI200118
[51] Ocupado: HDCO001018
[52] Ocupado: GEEV140218
[53] Ocupado: I7MS161015
[54] Ocupado: TEMS100217
[55] Ocupado: GEIN240416
[56] Ocupado: TEAS160217
[57] Ocupado: TEWA190116
[58] Ocupado: GEEV231218
[59] Ocupado: HDAS180316
[60] Ocupado: I3CR160717
[61] Ocupado: FOEV200216
[62] Ocupado: I7CO170714
[63] Ocupado: GECO210815
[64] Ocupado: I5KI131114
[65] Ocupado: MOAS180714
[66] Ocupado: MOEV260615
[67] Ocupado: MOAS231017
[68] Ocupado: MOMS211017
[69] Ocupado: FOCO020815
[70] Removido
Registro GECO020818 inserido com sucesso. Numero de colisoes: 21.

Registro I5AS011117 inserido com sucesso. Numero de colisoes: 14.

Registro HDEV051217 inserido com sucesso. Numero de colisoes: 14.

********************************LISTAR********************************
[0] Ocupado: I5AS011117
[1] Ocupado: FOAM090515
[2] Ocupado: HDEV051217
[3] Ocupado: RAIN100116
[4] Ocupado: MOCO060517
[5] Ocupado: GEAM050216
[6] Ocupado: PLWA060518
[7] Livre
[8] Ocupado: RAAS140816
[9] Ocupado: HDWA000415
[10] Ocupado: GEAM071017
[11] Ocupado: RAGI230217
[12] Livre
[13] Ocupado: RAAS110215
[14] Livre
[15] Ocupado: FOCR030817
[16] Ocupado: GEIN190518
[17] Ocupado: I5GI030714
[18] Removido
[19] Ocupado: RAKI030318
[20] Ocupado: MOAS070517
[21] Ocupado: I3AS060315
[22] Livre
[23] Livre
[24] Ocupado: MOKI250718
[25] Ocupado: PLGI120318
[26] Ocupado: GEEV201018
[27] Ocupado: GECO230317
[28] Ocupado: FOMS261118
[29] Ocupado: I7AM101014
[30] Ocupado: GEKI241215
[31] Ocupado: GECR140217
[32] Ocupado: RAKI190816
[33] Livre
[34] Livre
[35] Ocupado: HDMS210917
[36] Ocupado: GAIN120518
[37] Ocupado: GEEV150816
[38] Livre
[39] Ocupado: HDGI130715
[40] Ocupado: MOAM081014
[41] Livre
[42] Ocupado: GECO180216
[43] Ocupado: GEGI200918
[44] Ocupado: GEAS271016
[45] Ocupado: GEIN071115
[46] Ocupado: GEKI160418
[47] Ocupado: TEAS150215
[48] Ocupado: I7KI120917
[49] Ocupado: RAGI180417
[50] Ocupado: GEGI200118
[51] Ocupado: HDCO001018
[52] Ocupado: GEEV140218
[53] Ocupado: I7MS161015
[54] Ocupado: TEMS100217
[55] Ocupado: GEIN240416
[56] Ocupado: TEAS160217
[57] Ocupado: TEWA190116
[58] Ocupado: GEEV231218
[59] Ocupado: HDAS180316
[60] Ocupado: I3CR160717
[61] Ocupado: FOEV200216
[62] Ocupado: I7CO170714
[63] Ocupado: GECO210815
[64] Ocupado: I5KI131114
[65] Ocupado: MOAS180714
[66] Ocupado: MOEV260615
[67] Ocupado: MOAS231017
[68] Ocupado: MOMS211017
[69] Ocupado: FOCO020815
[70] Ocupado: GECO020818
