Registro MOAM081014 inserido com sucesso. Numero de colisoes: 0.

********************************BUSCAR********************************
GEAM050118
GEOFORCE GTX 1070 TI
AMD
05/01/10
18
0095.84
HARDWARE 
********************************ALTERAR*******************************
OPERACAO REALIZADA COM SUCESSO!
********************************BUSCAR********************************
GEAM050118
GEOFORCE GTX 1070 TI
AMD
05/01/10
18
0101.96
HARDWARE 
Registro FOEV200216 inserido com sucesso. Numero de colisoes: 11.

Registro GEAS271016 inserido com sucesso. Numero de colisoes: 2.

Registro GECO210815 inserido com sucesso. Numero de colisoes: 12.

Registro FOMS261118 inserido com sucesso. Numero de colisoes: 0.

Registro HDMS210917 inserido com sucesso. Numero de colisoes: 2.

Registro MOKI250718 inserido com sucesso. Numero de colisoes: 0.

Registro I7KI120917 inserido com sucesso. Numero de colisoes: 3.

Registro PLWA060518 inserido com sucesso. Numero de colisoes: 4.

Registro MOAS180714 inserido com sucesso. Numero de colisoes: 15.

********************************BUSCAR********************************
HDAS180316
HD 500GB
ASUS
18/03/13
16
0005.39
FONTE GABINETE HARDWARE HD MEMORIA RAM 
********************************ALTERAR*******************************
OPERACAO REALIZADA COM SUCESSO!
********************************BUSCAR********************************
HDAS180316
HD 500GB
ASUS
18/03/13
16
0002.69
FONTE GABINETE HARDWARE HD MEMORIA RAM 
********************************BUSCAR********************************
I3AS060315
I3 - 7100
ASROCK
06/03/01
15
0016.63
FONTE HARDWARE HD MEMORIA RAM MOUSE PERIFERICO 
********************************LISTAR********************************
[0] Ocupado: GEIN240416
[1] Ocupado: TEAS160217
[2] Ocupado: TEWA190116
[3] Ocupado: GEEV231218
[4] Ocupado: HDAS180316
[5] Ocupado: I3CR160717
[6] Ocupado: I5KI131114
[7] Ocupado: I7CO170714
[8] Ocupado: FOEV200216
[9] Ocupado: GEAM050118
[10] Ocupado: GECO210815
[11] Ocupado: MOAS180714
[12] Livre
[13] Ocupado: MOMS211017
[14] Ocupado: FOCO020815
[15] Ocupado: RAIN100116
[16] Livre
[17] Ocupado: GEAM050216
[18] Ocupado: FOAM090515
[19] Livre
[20] Ocupado: MOCO060517
[21] Ocupado: HDWA000415
[22] Ocupado: GEAM071017
[23] Ocupado: RAGI230217
[24] Ocupado: RAAS140816
[25] Ocupado: PLWA060518
[26] Livre
[27] Ocupado: GEIN020218
[28] Livre
[29] Ocupado: I5GI030714
[30] Livre
[31] Ocupado: FOCR030817
[32] Ocupado: GEIN190518
[33] Ocupado: I3AS060315
[34] Livre
[35] Livre
[36] Ocupado: MOAS070517
[37] Ocupado: PLGI120318
[38] Livre
[39] Livre
[40] Ocupado: MOKI250718
[41] Livre
[42] Ocupado: GEKI241215
[43] Ocupado: GECR140217
[44] Ocupado: FOMS261118
[45] Livre
[46] Livre
[47] Livre
[48] Ocupado: GAIN120518
[49] Livre
[50] Livre
[51] Ocupado: HDGI130715
[52] Ocupado: MOAM081014
[53] Ocupado: HDMS210917
[54] Ocupado: GECO180216
[55] Ocupado: GEGI200918
[56] Ocupado: GEAS271016
[57] Livre
[58] Ocupado: GEGI200118
[59] Ocupado: TEAS150215
[60] Ocupado: HDCO001018
[61] Ocupado: RAGI180417
[62] Ocupado: GEKI160418
[63] Ocupado: I7KI120917
[64] Ocupado: GEEV140218
[65] Ocupado: I7MS161015
[66] Ocupado: TEMS100217
Registro I7AM101014 inserido com sucesso. Numero de colisoes: 2.

********************************BUSCAR********************************
Registro(s) nao encontrado!
********************************BUSCAR********************************
Registro(s) nao encontrado!
********************************BUSCAR********************************
Registro(s) nao encontrado!
Registro MOEV260615 inserido com sucesso. Numero de colisoes: 7.

ERRO: Ja existe um registro com a chave primaria: I7KI120917.

ERRO: Ja existe um registro com a chave primaria: PLWA060518.

Registro RAKI190816 inserido com sucesso. Numero de colisoes: 1.

Registro RAAS110215 inserido com sucesso. Numero de colisoes: 1.

Registro RAKI030318 inserido com sucesso. Numero de colisoes: 0.

Registro GEIN071115 inserido com sucesso. Numero de colisoes: 1.

Registro GEEV201018 inserido com sucesso. Numero de colisoes: 3.

********************************ALTERAR*******************************
OPERACAO REALIZADA COM SUCESSO!
********************************BUSCAR********************************
TEAS150215
TECLADO GAMMER SEMI MECANICO
ASUS
15/02/03
15
0008.63
FONTE HD MOUSE PERIFERICO PLACA MAE PROCESSADOR 
Registro MOAS231017 inserido com sucesso. Numero de colisoes: 27.

Registro GECO230317 inserido com sucesso. Numero de colisoes: 4.

Registro GEEV150816 inserido com sucesso. Numero de colisoes: 35.

Registro GECO020818 inserido com sucesso. Numero de colisoes: 34.

Registro I5AS011117 inserido com sucesso. Numero de colisoes: 36.

Registro HDEV051217 inserido com sucesso. Numero de colisoes: 31.

********************************LISTAR********************************
[0] Ocupado: GEIN240416
[1] Ocupado: TEAS160217
[2] Ocupado: TEWA190116
[3] Ocupado: GEEV231218
[4] Ocupado: HDAS180316
[5] Ocupado: I3CR160717
[6] Ocupado: I5KI131114
[7] Ocupado: I7CO170714
[8] Ocupado: FOEV200216
[9] Ocupado: GEAM050118
[10] Ocupado: GECO210815
[11] Ocupado: MOAS180714
[12] Ocupado: MOEV260615
[13] Ocupado: MOMS211017
[14] Ocupado: FOCO020815
[15] Ocupado: RAIN100116
[16] Ocupado: MOAS231017
[17] Ocupado: GEAM050216
[18] Ocupado: FOAM090515
[19] Ocupado: GEEV150816
[20] Ocupado: MOCO060517
[21] Ocupado: HDWA000415
[22] Ocupado: GEAM071017
[23] Ocupado: RAGI230217
[24] Ocupado: RAAS140816
[25] Ocupado: PLWA060518
[26] Ocupado: RAAS110215
[27] Ocupado: GEIN020218
[28] Ocupado: GECO020818
[29] Ocupado: I5GI030714
[30] Ocupado: RAKI030318
[31] Ocupado: FOCR030817
[32] Ocupado: GEIN190518
[33] Ocupado: I3AS060315
[34] Ocupado: I5AS011117
[35] Ocupado: HDEV051217
[36] Ocupado: MOAS070517
[37] Ocupado: PLGI120318
[38] Ocupado: I7AM101014
[39] Ocupado: GEEV201018
[40] Ocupado: MOKI250718
[41] Ocupado: GECO230317
[42] Ocupado: GEKI241215
[43] Ocupado: GECR140217
[44] Ocupado: FOMS261118
[45] Ocupado: RAKI190816
[46] Livre
[47] Livre
[48] Ocupado: GAIN120518
[49] Livre
[50] Livre
[51] Ocupado: HDGI130715
[52] Ocupado: MOAM081014
[53] Ocupado: HDMS210917
[54] Ocupado: GECO180216
[55] Ocupado: GEGI200918
[56] Ocupado: GEAS271016
[57] Ocupado: GEIN071115
[58] Ocupado: GEGI200118
[59] Ocupado: TEAS150215
[60] Ocupado: HDCO001018
[61] Ocupado: RAGI180417
[62] Ocupado: GEKI160418
[63] Ocupado: I7KI120917
[64] Ocupado: GEEV140218
[65] Ocupado: I7MS161015
[66] Ocupado: TEMS100217
