********************************LISTAR********************************
[0] Livre
[1] Livre
[2] Livre
[3] Livre
[4] Livre
[5] Livre
[6] Livre
[7] Livre
[8] Livre
[9] Livre
[10] Livre
[11] Livre
[12] Livre
[13] Livre
[14] Livre
[15] Livre
[16] Livre
[17] Livre
[18] Livre
[19] Livre
[20] Livre
[21] Livre
[22] Livre
[23] Livre
[24] Livre
[25] Livre
[26] Livre
[27] Livre
[28] Livre
[29] Livre
[30] Livre
[31] Livre
[32] Livre
[33] Livre
[34] Livre
[35] Livre
[36] Livre
[37] Livre
[38] Livre
[39] Livre
[40] Livre
[41] Livre
[42] Livre
[43] Livre
[44] Livre
[45] Livre
[46] Livre
********************************BUSCAR********************************
Registro(s) nao encontrado!
Registro GEGI200118 inserido com sucesso. Numero de colisoes: 0.

Registro RAGI180417 inserido com sucesso. Numero de colisoes: 0.

Registro I7MS161015 inserido com sucesso. Numero de colisoes: 0.

Registro I3CR160717 inserido com sucesso. Numero de colisoes: 0.

Registro GEGI200918 inserido com sucesso. Numero de colisoes: 0.

Registro TEAS150215 inserido com sucesso. Numero de colisoes: 0.

Registro RAAS140816 inserido com sucesso. Numero de colisoes: 0.

Registro PLGI120318 inserido com sucesso. Numero de colisoes: 0.

Registro RAIN100116 inserido com sucesso. Numero de colisoes: 0.

Registro I5GI030714 inserido com sucesso. Numero de colisoes: 0.

Registro GEKI241215 inserido com sucesso. Numero de colisoes: 0.

Registro TEWA190116 inserido com sucesso. Numero de colisoes: 0.

Registro MOCO060517 inserido com sucesso. Numero de colisoes: 0.

Registro FOCR030817 inserido com sucesso. Numero de colisoes: 0.

Registro MOMS211017 inserido com sucesso. Numero de colisoes: 0.

Registro HDCO001018 inserido com sucesso. Numero de colisoes: 1.

Registro GEAM050216 inserido com sucesso. Numero de colisoes: 0.

Registro GEEV231218 inserido com sucesso. Numero de colisoes: 0.

Registro TEMS100217 inserido com sucesso. Numero de colisoes: 1.

Registro FOCO020815 inserido com sucesso. Numero de colisoes: 1.

Registro HDWA000415 inserido com sucesso. Numero de colisoes: 0.

Registro I7CO170714 inserido com sucesso. Numero de colisoes: 0.

Registro I3AS060315 inserido com sucesso. Numero de colisoes: 2.

Registro GEIN240416 inserido com sucesso. Numero de colisoes: 3.

Registro HDAS180316 inserido com sucesso. Numero de colisoes: 0.

Registro GEAM071017 inserido com sucesso. Numero de colisoes: 6.

Registro GECO180216 inserido com sucesso. Numero de colisoes: 0.

********************************BUSCAR********************************
GECO180216
GEOFORCE GTX 1060 3GB
CORSAIR
18/02/13
16
0007.82
GABINETE HD MEMORIA RAM MOUSE PERIFERICO 
********************************ALTERAR*******************************
Campo invalido! Informe novamente.
Campo invalido! Informe novamente.
OPERACAO REALIZADA COM SUCESSO!
********************************BUSCAR********************************
GECO180216
GEOFORCE GTX 1060 3GB
CORSAIR
18/02/13
16
0001.39
GABINETE HD MEMORIA RAM MOUSE PERIFERICO 
********************************LISTAR********************************
[0] Ocupado: FOCO020815
[1] Ocupado: I3AS060315
[2] Livre
[3] Ocupado: PLGI120318
[4] Ocupado: GEGI200118
[5] Ocupado: HDCO001018
[6] Ocupado: MOCO060517
[7] Livre
[8] Ocupado: GEKI241215
[9] Livre
[10] Ocupado: RAAS140816
[11] Livre
[12] Livre
[13] Livre
[14] Livre
[15] Livre
[16] Livre
[17] Ocupado: FOCR030817
[18] Livre
[19] Livre
[20] Ocupado: GECO180216
[21] Ocupado: GEGI200918
[22] Livre
[23] Livre
[24] Livre
[25] Ocupado: TEAS150215
[26] Livre
[27] Ocupado: RAGI180417
[28] Ocupado: RAIN100116
[29] Livre
[30] Ocupado: GEAM050216
[31] Ocupado: I7MS161015
[32] Ocupado: TEMS100217
[33] Ocupado: HDWA000415
[34] Ocupado: GEIN240416
[35] Ocupado: TEWA190116
[36] Ocupado: GEEV231218
[37] Ocupado: HDAS180316
[38] Ocupado: I3CR160717
[39] Ocupado: GEAM071017
[40] Ocupado: I7CO170714
[41] Livre
[42] Ocupado: I5GI030714
[43] Livre
[44] Livre
[45] Livre
[46] Ocupado: MOMS211017
**********************EXCLUIR*********************
OPERACAO REALIZADA COM SUCESSO!
Registro I5KI131114 inserido com sucesso. Numero de colisoes: 0.

Registro RAGI230217 inserido com sucesso. Numero de colisoes: 8.

Registro GAIN120518 inserido com sucesso. Numero de colisoes: 0.

Registro HDGI130715 inserido com sucesso. Numero de colisoes: 2.

Registro TEAS160217 inserido com sucesso. Numero de colisoes: 12.

Registro FOAM090515 inserido com sucesso. Numero de colisoes: 4.

Registro GEKI160418 inserido com sucesso. Numero de colisoes: 0.

********************************LISTAR********************************
[0] Ocupado: FOCO020815
[1] Ocupado: I3AS060315
[2] Livre
[3] Ocupado: PLGI120318
[4] Ocupado: GEGI200118
[5] Ocupado: HDCO001018
[6] Ocupado: MOCO060517
[7] Ocupado: FOAM090515
[8] Ocupado: GEKI241215
[9] Livre
[10] Ocupado: RAAS140816
[11] Livre
[12] Livre
[13] Livre
[14] Ocupado: GAIN120518
[15] Livre
[16] Livre
[17] Ocupado: FOCR030817
[18] Ocupado: I5KI131114
[19] Ocupado: HDGI130715
[20] Removido
[21] Ocupado: GEGI200918
[22] Livre
[23] Livre
[24] Ocupado: GEKI160418
[25] Ocupado: TEAS150215
[26] Livre
[27] Ocupado: RAGI180417
[28] Ocupado: RAIN100116
[29] Livre
[30] Ocupado: GEAM050216
[31] Ocupado: I7MS161015
[32] Ocupado: TEMS100217
[33] Ocupado: HDWA000415
[34] Ocupado: GEIN240416
[35] Ocupado: TEWA190116
[36] Ocupado: GEEV231218
[37] Ocupado: HDAS180316
[38] Ocupado: I3CR160717
[39] Ocupado: GEAM071017
[40] Ocupado: I7CO170714
[41] Ocupado: RAGI230217
[42] Ocupado: I5GI030714
[43] Ocupado: TEAS160217
[44] Livre
[45] Livre
[46] Ocupado: MOMS211017
Registro GEMS230917 inserido com sucesso. Numero de colisoes: 6.

Registro MOLO301217 inserido com sucesso. Numero de colisoes: 2.

Registro TEWA090116 inserido com sucesso. Numero de colisoes: 15.

Registro PRIN080918 inserido com sucesso. Numero de colisoes: 0.

Registro FOCO170912 inserido com sucesso. Numero de colisoes: 7.

********************************LISTAR********************************
[0] Ocupado: FOCO020815
[1] Ocupado: I3AS060315
[2] Ocupado: FOCO170912
[3] Ocupado: PLGI120318
[4] Ocupado: GEGI200118
[5] Ocupado: HDCO001018
[6] Ocupado: MOCO060517
[7] Ocupado: FOAM090515
[8] Ocupado: GEKI241215
[9] Ocupado: GEMS230917
[10] Ocupado: RAAS140816
[11] Livre
[12] Livre
[13] Livre
[14] Ocupado: GAIN120518
[15] Livre
[16] Livre
[17] Ocupado: FOCR030817
[18] Ocupado: I5KI131114
[19] Ocupado: HDGI130715
[20] Removido
[21] Ocupado: GEGI200918
[22] Livre
[23] Livre
[24] Ocupado: GEKI160418
[25] Ocupado: TEAS150215
[26] Ocupado: PRIN080918
[27] Ocupado: RAGI180417
[28] Ocupado: RAIN100116
[29] Livre
[30] Ocupado: GEAM050216
[31] Ocupado: I7MS161015
[32] Ocupado: TEMS100217
[33] Ocupado: HDWA000415
[34] Ocupado: GEIN240416
[35] Ocupado: TEWA190116
[36] Ocupado: GEEV231218
[37] Ocupado: HDAS180316
[38] Ocupado: I3CR160717
[39] Ocupado: GEAM071017
[40] Ocupado: I7CO170714
[41] Ocupado: RAGI230217
[42] Ocupado: I5GI030714
[43] Ocupado: TEAS160217
[44] Ocupado: MOLO301217
[45] Ocupado: TEWA090116
[46] Ocupado: MOMS211017
Registro MECR251216 inserido com sucesso. Numero de colisoes: 26.

Registro MEKI090716 inserido com sucesso. Numero de colisoes: 0.

Registro FOEV280214 inserido com sucesso. Numero de colisoes: 28.

Registro PLAS081117 inserido com sucesso. Numero de colisoes: 13.

********************************LISTAR********************************
[0] Ocupado: FOCO020815
[1] Ocupado: I3AS060315
[2] Ocupado: FOCO170912
[3] Ocupado: PLGI120318
[4] Ocupado: GEGI200118
[5] Ocupado: HDCO001018
[6] Ocupado: MOCO060517
[7] Ocupado: FOAM090515
[8] Ocupado: GEKI241215
[9] Ocupado: GEMS230917
[10] Ocupado: RAAS140816
[11] Ocupado: MECR251216
[12] Ocupado: FOEV280214
[13] Ocupado: PLAS081117
[14] Ocupado: GAIN120518
[15] Livre
[16] Livre
[17] Ocupado: FOCR030817
[18] Ocupado: I5KI131114
[19] Ocupado: HDGI130715
[20] Ocupado: MEKI090716
[21] Ocupado: GEGI200918
[22] Livre
[23] Livre
[24] Ocupado: GEKI160418
[25] Ocupado: TEAS150215
[26] Ocupado: PRIN080918
[27] Ocupado: RAGI180417
[28] Ocupado: RAIN100116
[29] Livre
[30] Ocupado: GEAM050216
[31] Ocupado: I7MS161015
[32] Ocupado: TEMS100217
[33] Ocupado: HDWA000415
[34] Ocupado: GEIN240416
[35] Ocupado: TEWA190116
[36] Ocupado: GEEV231218
[37] Ocupado: HDAS180316
[38] Ocupado: I3CR160717
[39] Ocupado: GEAM071017
[40] Ocupado: I7CO170714
[41] Ocupado: RAGI230217
[42] Ocupado: I5GI030714
[43] Ocupado: TEAS160217
[44] Ocupado: MOLO301217
[45] Ocupado: TEWA090116
[46] Ocupado: MOMS211017
ERRO: Ja existe um registro com a chave primaria: GEMS230917.

********************************ALTERAR*******************************
OPERACAO REALIZADA COM SUCESSO!
********************************BUSCAR********************************
GEMS230917
GEOFORCE GTX 1080 TI
MSI
23/09/2018
17
1750.56
PLACA DE VIDEO HARDWARE GAMER 
********************************BUSCAR********************************
PLAS081117
PLACA-MAE PARA INTEL LGA 1151 MATX
ASUS
08/11/2018
17
0423.42
PLACA MAE HARDWARE 
**********************EXCLUIR*********************
OPERACAO REALIZADA COM SUCESSO!
********************************LISTAR********************************
[0] Ocupado: FOCO020815
[1] Ocupado: I3AS060315
[2] Ocupado: FOCO170912
[3] Ocupado: PLGI120318
[4] Ocupado: GEGI200118
[5] Ocupado: HDCO001018
[6] Ocupado: MOCO060517
[7] Ocupado: FOAM090515
[8] Ocupado: GEKI241215
[9] Ocupado: GEMS230917
[10] Ocupado: RAAS140816
[11] Ocupado: MECR251216
[12] Ocupado: FOEV280214
[13] Removido
[14] Ocupado: GAIN120518
[15] Livre
[16] Livre
[17] Ocupado: FOCR030817
[18] Ocupado: I5KI131114
[19] Ocupado: HDGI130715
[20] Ocupado: MEKI090716
[21] Ocupado: GEGI200918
[22] Livre
[23] Livre
[24] Ocupado: GEKI160418
[25] Ocupado: TEAS150215
[26] Ocupado: PRIN080918
[27] Ocupado: RAGI180417
[28] Ocupado: RAIN100116
[29] Livre
[30] Ocupado: GEAM050216
[31] Ocupado: I7MS161015
[32] Ocupado: TEMS100217
[33] Ocupado: HDWA000415
[34] Ocupado: GEIN240416
[35] Ocupado: TEWA190116
[36] Ocupado: GEEV231218
[37] Ocupado: HDAS180316
[38] Ocupado: I3CR160717
[39] Ocupado: GEAM071017
[40] Ocupado: I7CO170714
[41] Ocupado: RAGI230217
[42] Ocupado: I5GI030714
[43] Ocupado: TEAS160217
[44] Ocupado: MOLO301217
[45] Ocupado: TEWA090116
[46] Ocupado: MOMS211017
********************************BUSCAR********************************
Registro(s) nao encontrado!
