********************************ALTERAR*******************************
OPERACAO REALIZADA COM SUCESSO!
********************************LISTAR********************************
1 - MOMU301217
2 - GEMS230917, MECR251216
3 - FOCO170912, FOEV280214
3 - GEMS251215
3 - MEKI090716, MOLO301217
2 - PRIN080918
3 - PLAS081117
3 - TEWA090116
********************************ALTERAR*******************************
OPERACAO REALIZADA COM SUCESSO!
********************************LISTAR********************************
1 - MOMU301217
2 - GEMS230917, MECR251216
3 - FOCO170912, FOEV280214
3 - GEMS251215
3 - MEKI090716, MOLO301217
2 - PRIN080918
3 - PLAS081117
3 - TEWA090116
********************************ARQUIVO*******************************
GEMS230917@GEOFORCE GTX 1080 TI@MSI@23/09/2018@17@8752.82@010@PLACA DE VIDEO|HARDWARE|GAMER@####################################################################################################MOLO301217@MOUSE GAMER 12000DPI@LOGITECH@30/12/2017@17@249.29@100@MOUSE|GAMER|PERIFERICO@#######################################################################################################TEWA090116@TECLADO GAMER SEMI MECANICO ABNT2@WARRIOR@09/01/2018@16@177.53@003@TECLADO|GAMER|PERIFERICO@#########################################################################################PRIN080918@PROCESSADOR INTEL CORE I5-8400 8GE@INTEL@08/09/2017@18@1208.78@000@PROCESSADOR|HARDWARE|GAMER@#######################################################################################FOCO170912@FONTE  600W 80 PLUS@CORSAIR@17/09/2016@12@376.35@020@FONTE|HARDWARE@#################################################################################################################MECR251216@MEMORIA RAM 8GB 2400MHZ DDR4@CRUCIAL@25/12/2017@16@341.06@010@MEMORIA|RAM|HARDWARE@##################################################################################################MEKI090716@MEMORIA RAM 8GB 2400MHZ DDR4@KINGSTON HYPERX@09/07/2018@16@611.65@005@MEMORIA|RAM|HARDWARE@##########################################################################################FOEV280214@FONTE 600W 80 PLUS@EVGA@28/02/2015@14@339.88@013@FONTE|HARDWARE@#####################################################################################################################PLAS081117@PLACA-MAE PARA INTEL LGA 1151 MATX@ASUS@08/11/2018@17@470.47@010@PLACA MAE|HARDWARE@#################################################################################################GEMS251215@GEOFORCE GTX 1050 TI@MSI@25/12/2018@15@752.82@010@PLACA DE VIDEO|HARDWARE|GAMER@#####################################################################################################MOMU301217@MOUSE COM FIO SIMPLES PRETO@MULTLASER@30/12/2017@17@249.29@080@MOUSE|GAMER|PERIFERICO@###############################################################################################
ERRO: Ja existe um registro com a chave primaria: GEMS230917.
********************************BUSCAR********************************
Busca por TEWA090116. Nos percorridos:
MOMU301217
PRIN080918
RACR291116, TEWA090116, TEWA150416

TEWA090116
TECLADO GAMER SEMI MECANICO ABNT2
WARRIOR
09/01/2018
16
0172.20
TECLADO GAMER PERIFERICO 
********************************LISTAR********************************
1 - MOMU301217
2 - GEMS230917, MECR251216
3 - FOCO170912, FOEV280214
3 - GEMS251215, ININ180918
3 - MEKI090716, MOLO301217
2 - PRIN080918
3 - PLAS081117, PLGI280917
3 - RACR291116, TEWA090116, TEWA150416
********************************BUSCAR********************************
Busca por MULTLASER$MOUSE COM FIO SIMPLES PRETO.
Nos percorridos:
INTEL$PROCESSADOR INTEL CORE I5-8400 8GE, MSI$GEOFORCE GTX 1080 TI
WARRIOR$TECLADO GAMER MECANICO ABNT2
MULTLASER$MOUSE COM FIO SIMPLES PRETO

MOMU301217
MOUSE COM FIO SIMPLES PRETO
MULTLASER
30/12/2017
17
0049.85
MOUSE GAMER PERIFERICO 
********************************BUSCAR********************************
Busca por CORSAIR$MEMORIA RAM 8GB 2400MHZ DDR4.
Nos percorridos:
INTEL$PROCESSADOR INTEL CORE I5-8400 8GE, MSI$GEOFORCE GTX 1080 TI
CRUCIAL$MEMORIA RAM 8GB 2400MHZ DDR4, EVGA$FONTE 600W 80 PLUS
ASUS$PLACA-MAE PARA INTEL LGA 1151 MATX, CORSAIR$FONTE  600W 80 PLUS

Registro(s) nao encontrado!
***************************INDICE SECUNDÁRIO**************************
002PLAS081117ASUS$PLACA-MAE PARA INTEL LGA 1151 MATX##############################################################FOCO170912CORSAIR$FONTE  600W 80 PLUS##########################################################################F*********
001MOMU301217MULTLASER$MOUSE COM FIO SIMPLES PRETO###############################################################################################################################################################################F*********
002MECR251216CRUCIAL$MEMORIA RAM 8GB 2400MHZ DDR4#################################################################FOEV280214EVGA$FONTE 600W 80 PLUS##############################################################################N000004010
001MEKI090716KINGSTON HYPERX$MEMORIA RAM 8GB 2400MHZ DDR4########################################################################################################################################################################F*********
001RACR291116CRUCIAL$RAM 16GB 2400MHZ DDR4#######################################################################################################################################################################################F*********
001MOLO301217LOGITECH$MOUSE GAMER 12000DPI#######################################################################################################################################################################################N003007***
002PRIN080918INTEL$PROCESSADOR INTEL CORE I5-8400 8GE#############################################################GEMS230917MSI$GEOFORCE GTX 1080 TI#############################################################################N002005009
001GEMS251215MSI$GEOFORCE GTX 1050 TI############################################################################################################################################################################################F*********
001TEWA090116WARRIOR$TECLADO GAMER SEMI MECANICO ABNT2###########################################################################################################################################################################F*********
001TEWA150416WARRIOR$TECLADO GAMER MECANICO ABNT2################################################################################################################################################################################N001008***
002PLGI280917GIGABYTE$PLACA-MAE PARA INTEL LGA 1151 MATX##########################################################ININ180918INTEL$INTEL CORE I7-8400 8GE#########################################################################F*********
********************************BUSCAR********************************
Busca por POPO030303. Nos percorridos:
MOMU301217
PRIN080918
PLAS081117, PLGI280917

Registro(s) nao encontrado!
********************************BUSCAR********************************
Busca por GEMS230917$5.
Nos percorridos:
INTEL$PROCESSADOR INTEL CORE I5-8400 8GE, MSI$GEOFORCE GTX 1080 TI
CRUCIAL$MEMORIA RAM 8GB 2400MHZ DDR4, EVGA$FONTE 600W 80 PLUS
GIGABYTE$PLACA-MAE PARA INTEL LGA 1151 MATX, INTEL$INTEL CORE I7-8400 8GE

Registro(s) nao encontrado!
********************************BUSCAR********************************
Busca por PLAS081117. Nos percorridos:
MOMU301217
PRIN080918
PLAS081117, PLGI280917

PLAS081117
PLACA-MAE PARA INTEL LGA 1151 MATX
ASUS
08/11/2018
17
0423.42
PLACA MAE HARDWARE 
********************************LISTAR********************************
1 - MOMU301217
2 - GEMS230917, MECR251216
3 - FOCO170912, FOEV280214
3 - GEMS251215, ININ180918
3 - MEKI090716, MOLO301217
2 - PRIN080918
3 - PLAS081117, PLGI280917
3 - RACR291116, TEWA090116, TEWA150416
********************************BUSCAR********************************
Busca por FOCO170912. Nos percorridos:
MOMU301217
GEMS230917, MECR251216
FOCO170912, FOEV280214

FOCO170912
FONTE  600W 80 PLUS
CORSAIR
17/09/2016
12
0301.08
FONTE HARDWARE 
********************************BUSCAR********************************
Busca por MSI$GEOFORCE GTX 1050 TI.
Nos percorridos:
INTEL$PROCESSADOR INTEL CORE I5-8400 8GE, MSI$GEOFORCE GTX 1080 TI
LOGITECH$MOUSE GAMER 12000DPI
MSI$GEOFORCE GTX 1050 TI

GEMS251215
GEOFORCE GTX 1050 TI
MSI
25/12/2018
15
0677.53
PLACA DE VIDEO HARDWARE GAMER 
