********************************LISTAR********************************
1 - MECR251216, PRIN080918
2 - FOCO170912, FOEV280214, GEMS230917
2 - MEKI090716, MOLO301217, PLAS081117
2 - TEWA090116
********************************ALTERAR*******************************
OPERACAO REALIZADA COM SUCESSO!
********************************ARQUIVO*******************************
GEMS230917@GEOFORCE GTX 1080 TI@MSI@23/09/2018@17@8752.82@010@PLACA DE VIDEO|HARDWARE|GAMER@####################################################################################################MOLO301217@MOUSE GAMER 12000DPI@LOGITECH@30/12/2017@17@249.29@020@MOUSE|GAMER|PERIFERICO@#######################################################################################################TEWA090116@TECLADO GAMER SEMI MECANICO ABNT2@WARRIOR@09/01/2018@16@177.53@003@TECLADO|GAMER|PERIFERICO@#########################################################################################PRIN080918@PROCESSADOR INTEL CORE I5-8400 8GE@INTEL@08/09/2017@18@1208.78@000@PROCESSADOR|HARDWARE|GAMER@#######################################################################################FOCO170912@FONTE  600W 80 PLUS@CORSAIR@17/09/2016@12@376.35@020@FONTE|HARDWARE@#################################################################################################################MECR251216@MEMORIA RAM 8GB 2400MHZ DDR4@CRUCIAL@25/12/2017@16@341.06@010@MEMORIA|RAM|HARDWARE@##################################################################################################MEKI090716@MEMORIA RAM 8GB 2400MHZ DDR4@KINGSTON HYPERX@09/07/2018@16@611.65@005@MEMORIA|RAM|HARDWARE@##########################################################################################FOEV280214@FONTE 600W 80 PLUS@EVGA@28/02/2015@14@339.88@013@FONTE|HARDWARE@#####################################################################################################################PLAS081117@PLACA-MAE PARA INTEL LGA 1151 MATX@ASUS@08/11/2018@17@470.47@090@PLACA MAE|HARDWARE@#################################################################################################
********************************LISTAR********************************
1 - MECR251216, PRIN080918
2 - FOCO170912, FOEV280214, GEMS230917
2 - MEKI090716, MOLO301217, PLAS081117
2 - TEWA090116
***************************INDICE PRIMÁRIO****************************
002FOCO1709120004FOEV2802140007##############F************
002SSKI2206180010TEWA0901160002##############F************
003GEMS2309170000MECR2512160005PRIN0809180003N000004003001
003MEKI0907160006MOLO3012170001PLAS0811170008F************
001HDSE2205170009############################F************
********************************LISTAR********************************
1 - GEMS230917, MECR251216, PRIN080918
2 - FOCO170912, FOEV280214
2 - HDSE220517
2 - MEKI090716, MOLO301217, PLAS081117
2 - SSKI220618, TEWA090116
ERRO: Ja existe um registro com a chave primaria: GEMS230917.
********************************ARQUIVO*******************************
GEMS230917@GEOFORCE GTX 1080 TI@MSI@23/09/2018@17@8752.82@010@PLACA DE VIDEO|HARDWARE|GAMER@####################################################################################################MOLO301217@MOUSE GAMER 12000DPI@LOGITECH@30/12/2017@17@249.29@020@MOUSE|GAMER|PERIFERICO@#######################################################################################################TEWA090116@TECLADO GAMER SEMI MECANICO ABNT2@WARRIOR@09/01/2018@16@177.53@003@TECLADO|GAMER|PERIFERICO@#########################################################################################PRIN080918@PROCESSADOR INTEL CORE I5-8400 8GE@INTEL@08/09/2017@18@1208.78@000@PROCESSADOR|HARDWARE|GAMER@#######################################################################################FOCO170912@FONTE  600W 80 PLUS@CORSAIR@17/09/2016@12@376.35@020@FONTE|HARDWARE@#################################################################################################################MECR251216@MEMORIA RAM 8GB 2400MHZ DDR4@CRUCIAL@25/12/2017@16@341.06@010@MEMORIA|RAM|HARDWARE@##################################################################################################MEKI090716@MEMORIA RAM 8GB 2400MHZ DDR4@KINGSTON HYPERX@09/07/2018@16@611.65@005@MEMORIA|RAM|HARDWARE@##########################################################################################FOEV280214@FONTE 600W 80 PLUS@EVGA@28/02/2015@14@339.88@013@FONTE|HARDWARE@#####################################################################################################################PLAS081117@PLACA-MAE PARA INTEL LGA 1151 MATX@ASUS@08/11/2018@17@470.47@090@PLACA MAE|HARDWARE@#################################################################################################HDSE220517@HD SEAGATE 2TB 7200RPM 64MB@SEAGATE@22/05/2018@17@375.55@005@ARMAZENAMENTO|HARDWARE@#################################################################################################SSKI220618@SSD KINGSTON 2.5 240GB A400 SATA III@KINGSTON@22/06/2018@18@335.18@020@ARMAZENAMENTO|HARDWARE@#######################################################################################
ERRO: Ja existe um registro com a chave primaria: HEMU181217.
********************************ARQUIVO*******************************
GEMS230917@GEOFORCE GTX 1080 TI@MSI@23/09/2018@17@8752.82@010@PLACA DE VIDEO|HARDWARE|GAMER@####################################################################################################MOLO301217@MOUSE GAMER 12000DPI@LOGITECH@30/12/2017@17@249.29@020@MOUSE|GAMER|PERIFERICO@#######################################################################################################TEWA090116@TECLADO GAMER SEMI MECANICO ABNT2@WARRIOR@09/01/2018@16@177.53@003@TECLADO|GAMER|PERIFERICO@#########################################################################################PRIN080918@PROCESSADOR INTEL CORE I5-8400 8GE@INTEL@08/09/2017@18@1208.78@000@PROCESSADOR|HARDWARE|GAMER@#######################################################################################FOCO170912@FONTE  600W 80 PLUS@CORSAIR@17/09/2016@12@376.35@020@FONTE|HARDWARE@#################################################################################################################MECR251216@MEMORIA RAM 8GB 2400MHZ DDR4@CRUCIAL@25/12/2017@16@341.06@010@MEMORIA|RAM|HARDWARE@##################################################################################################MEKI090716@MEMORIA RAM 8GB 2400MHZ DDR4@KINGSTON HYPERX@09/07/2018@16@611.65@005@MEMORIA|RAM|HARDWARE@##########################################################################################FOEV280214@FONTE 600W 80 PLUS@EVGA@28/02/2015@14@339.88@013@FONTE|HARDWARE@#####################################################################################################################PLAS081117@PLACA-MAE PARA INTEL LGA 1151 MATX@ASUS@08/11/2018@17@470.47@090@PLACA MAE|HARDWARE@#################################################################################################HDSE220517@HD SEAGATE 2TB 7200RPM 64MB@SEAGATE@22/05/2018@17@375.55@005@ARMAZENAMENTO|HARDWARE@#################################################################################################SSKI220618@SSD KINGSTON 2.5 240GB A400 SATA III@KINGSTON@22/06/2018@18@335.18@020@ARMAZENAMENTO|HARDWARE@#######################################################################################HEMU181217@HEADSET GAMER WARRIOR PRETO E AZUL@MULTILASER@18/12/2017@17@171.65@020@HEADSET|PERIFERICO@###########################################################################################
********************************BUSCAR********************************
Busca por FOCO170912. Nos percorridos:
GEMS230917, MECR251216, PRIN080918
FOCO170912, FOEV280214

FOCO170912
FONTE  600W 80 PLUS
CORSAIR
17/09/2016
12
0301.08
FONTE HARDWARE 
********************************BUSCAR********************************
Busca por MSI$GEOFORCE GTX 1050 TI.
Nos percorridos:
EVGA$FONTE 600W 80 PLUS, LOGITECH$MOUSE GAMER 12000DPI
MSI$GEOFORCE GTX 1080 TI, MULTILASER$HEADSET GAMER WARRIOR PRETO E AZUL, SEAGATE$HD SEAGATE 2TB 7200RPM 64MB, WARRIOR$TECLADO GAMER SEMI MECANICO ABNT2

Registro(s) nao encontrado!
