***************************INDICE PRIMÁRIO****************************
003FOCO1709120004FOEV2802140007GEMS2309170000F************
001TEWA0901160002############################F************
002MECR2512160005PRIN0809180003##############N000003001***
003MEKI0907160006MOLO3012170001PLAS0811170008F************
********************************ALTERAR*******************************
OPERACAO REALIZADA COM SUCESSO!
********************************LISTAR********************************
1 - PLAS081117
2 - FOEV280214, MECR251216
3 - COCO231016, FOCO170912
3 - GABL230917, GEMS230917
3 - MEKI090716, MOAS230917, MOLO301217
2 - PRIN080918
3 - PLGI230917, PLZO230816
3 - TEWA090116
********************************ARQUIVO*******************************
GEMS230917@GEOFORCE GTX 1080 TI@MSI@23/09/2018@17@8752.82@010@PLACA DE VIDEO|HARDWARE|GAMER@####################################################################################################MOLO301217@MOUSE GAMER 12000DPI@LOGITECH@30/12/2017@17@249.29@020@MOUSE|GAMER|PERIFERICO@#######################################################################################################TEWA090116@TECLADO GAMER SEMI MECANICO ABNT2@WARRIOR@09/01/2018@16@177.53@003@TECLADO|GAMER|PERIFERICO@#########################################################################################PRIN080918@PROCESSADOR INTEL CORE I5-8400 8GE@INTEL@08/09/2017@18@1208.78@000@PROCESSADOR|HARDWARE|GAMER@#######################################################################################FOCO170912@FONTE  600W 80 PLUS@CORSAIR@17/09/2016@12@376.35@020@FONTE|HARDWARE@#################################################################################################################MECR251216@MEMORIA RAM 8GB 2400MHZ DDR4@CRUCIAL@25/12/2017@16@341.06@030@MEMORIA|RAM|HARDWARE@##################################################################################################MEKI090716@MEMORIA RAM 8GB 2400MHZ DDR4@KINGSTON HYPERX@09/07/2018@16@611.65@005@MEMORIA|RAM|HARDWARE@##########################################################################################FOEV280214@FONTE 600W 80 PLUS@EVGA@28/02/2015@14@339.88@013@FONTE|HARDWARE@#####################################################################################################################PLAS081117@PLACA-MAE PARA INTEL LGA 1151 MATX@ASUS@08/11/2018@17@470.47@010@PLACA MAE|HARDWARE@#################################################################################################PLZO230816@PLACA DE VÍDEO NVIDIA GEFORCE GTX 1060 6G@ZOTAC@23/08/2016@16@1870.47@015@PLACA DE VIDEO|HARDWARE@##################################################################################MOAS230917@MONITOR GAMER LED 24 FULL HD 2MS WIDESCREEN@ASUS@23/09/2018@17@1021.71@020@MONITOR|PERIFERICO|GAMER@#################################################################################PLGI230917@PLACA DE VÍDEO AMD RADEON RX 560 OC 4GB GDDR5@GIGABYTE@23/09/2017@17@1058.79@010@PLACA DE VIDEO|HARDWARE|GAMER@#####################################################################COCO231016@COOLER PARA PROCESSADOR AMD/INTEL HYPER@COOLER MASTER @23/10/2016@16@171.65@010@COOLER|HARDWARE@#####################################################################################GABL230917@GABINETE  GAMER BG-015 SEM FONTE USB 3.0@BLUECASE@23/09/2017@17@189.29@015@GABINETE|GAMER@###########################################################################################
********************************BUSCAR********************************
Busca por CRUCIAL$MEMORIA RAM 8GB 2400MHZ DDR4.
Nos percorridos:
COOLER MASTER $COOLER PARA PROCESSADOR AMD/INTEL HYPER, EVGA$FONTE 600W 80 PLUS, LOGITECH$MOUSE GAMER 12000DPI
CORSAIR$FONTE  600W 80 PLUS, CRUCIAL$MEMORIA RAM 8GB 2400MHZ DDR4

MECR251216
MEMORIA RAM 8GB 2400MHZ DDR4
CRUCIAL
25/12/2017
16
0238.74
MEMORIA RAM HARDWARE 
********************************BUSCAR********************************
Busca por MECR251216. Nos percorridos:
PLAS081117
FOEV280214, MECR251216

MECR251216
MEMORIA RAM 8GB 2400MHZ DDR4
CRUCIAL
25/12/2017
16
0238.74
MEMORIA RAM HARDWARE 
********************************BUSCAR********************************
Busca por CORSAIR$MEMORIA RAM 8GB 2400MHZ DDR4.
Nos percorridos:
COOLER MASTER $COOLER PARA PROCESSADOR AMD/INTEL HYPER, EVGA$FONTE 600W 80 PLUS, LOGITECH$MOUSE GAMER 12000DPI
CORSAIR$FONTE  600W 80 PLUS, CRUCIAL$MEMORIA RAM 8GB 2400MHZ DDR4

Registro(s) nao encontrado!
********************************LISTAR********************************
ASUS---------------------------------------------- MONITOR GAMER LED 24 FULL HD 2MS WIDESCREEN-------
ASUS---------------------------------------------- PLACA-MAE PARA INTEL LGA 1151 MATX----------------
BLUECASE------------------------------------------ GABINETE  GAMER BG-015 SEM FONTE USB 3.0----------
COOLER MASTER ------------------------------------ COOLER PARA PROCESSADOR AMD/INTEL HYPER-----------
CORSAIR------------------------------------------- FONTE  600W 80 PLUS-------------------------------
CRUCIAL------------------------------------------- MEMORIA RAM 8GB 2400MHZ DDR4----------------------
EVGA---------------------------------------------- FONTE 600W 80 PLUS--------------------------------
GIGABYTE------------------------------------------ PLACA DE VÍDEO AMD RADEON RX 560 OC 4GB GDDR5----
INTEL--------------------------------------------- PROCESSADOR INTEL CORE I5-8400 8GE----------------
KINGSTON HYPERX----------------------------------- MEMORIA RAM 8GB 2400MHZ DDR4----------------------
LOGITECH------------------------------------------ MOUSE GAMER 12000DPI------------------------------
MSI----------------------------------------------- GEOFORCE GTX 1080 TI------------------------------
WARRIOR------------------------------------------- TECLADO GAMER SEMI MECANICO ABNT2-----------------
ZOTAC--------------------------------------------- PLACA DE VÍDEO NVIDIA GEFORCE GTX 1060 6G--------
********************************ARQUIVO*******************************
GEMS230917@GEOFORCE GTX 1080 TI@MSI@23/09/2018@17@8752.82@010@PLACA DE VIDEO|HARDWARE|GAMER@####################################################################################################MOLO301217@MOUSE GAMER 12000DPI@LOGITECH@30/12/2017@17@249.29@020@MOUSE|GAMER|PERIFERICO@#######################################################################################################TEWA090116@TECLADO GAMER SEMI MECANICO ABNT2@WARRIOR@09/01/2018@16@177.53@003@TECLADO|GAMER|PERIFERICO@#########################################################################################PRIN080918@PROCESSADOR INTEL CORE I5-8400 8GE@INTEL@08/09/2017@18@1208.78@000@PROCESSADOR|HARDWARE|GAMER@#######################################################################################FOCO170912@FONTE  600W 80 PLUS@CORSAIR@17/09/2016@12@376.35@020@FONTE|HARDWARE@#################################################################################################################MECR251216@MEMORIA RAM 8GB 2400MHZ DDR4@CRUCIAL@25/12/2017@16@341.06@030@MEMORIA|RAM|HARDWARE@##################################################################################################MEKI090716@MEMORIA RAM 8GB 2400MHZ DDR4@KINGSTON HYPERX@09/07/2018@16@611.65@005@MEMORIA|RAM|HARDWARE@##########################################################################################FOEV280214@FONTE 600W 80 PLUS@EVGA@28/02/2015@14@339.88@013@FONTE|HARDWARE@#####################################################################################################################PLAS081117@PLACA-MAE PARA INTEL LGA 1151 MATX@ASUS@08/11/2018@17@470.47@010@PLACA MAE|HARDWARE@#################################################################################################PLZO230816@PLACA DE VÍDEO NVIDIA GEFORCE GTX 1060 6G@ZOTAC@23/08/2016@16@1870.47@015@PLACA DE VIDEO|HARDWARE@##################################################################################MOAS230917@MONITOR GAMER LED 24 FULL HD 2MS WIDESCREEN@ASUS@23/09/2018@17@1021.71@020@MONITOR|PERIFERICO|GAMER@#################################################################################PLGI230917@PLACA DE VÍDEO AMD RADEON RX 560 OC 4GB GDDR5@GIGABYTE@23/09/2017@17@1058.79@010@PLACA DE VIDEO|HARDWARE|GAMER@#####################################################################COCO231016@COOLER PARA PROCESSADOR AMD/INTEL HYPER@COOLER MASTER @23/10/2016@16@171.65@010@COOLER|HARDWARE@#####################################################################################GABL230917@GABINETE  GAMER BG-015 SEM FONTE USB 3.0@BLUECASE@23/09/2017@17@189.29@015@GABINETE|GAMER@###########################################################################################
