********************************LISTAR********************************
1 - GEAM050216, GEGI200918, HDWA000415, I7MS161015, RAGI230217
2 - FOAM090515, FOCO020815, FOCR030817, FOEV200216, FOMS261118, GAIN120518, GEAM050118
2 - GEAM071017, GEAS271016, GECO180216, GECO210815, GECR140217, GEEV140218, GEEV231218, GEGI200118
2 - GEIN020218, GEIN190518, GEIN240416, GEKI160418, GEKI241215, HDAS180316, HDCO001018, HDGI130715, HDMS210917
2 - I3AS060315, I3CR160717, I5GI030714, I5KI131114, I7CO170714, I7KI120917
2 - MOAM081014, MOAS070517, MOAS180714, MOCO060517, MOKI250718, MOMS211017, PLGI120318, PLWA060518, RAAS140816, RAGI180417
2 - RAIN100116, TEAS150215, TEAS160217, TEMS100217, TEWA190116
********************************ALTERAR*******************************
OPERACAO REALIZADA COM SUCESSO!
********************************BUSCAR********************************
Busca por MSI$GEOFORCE GTX 1050 2BG.
Nos percorridos:
ASROCK$I3 - 7100, ASUS$TECLADO GAMMER SEMI MECANICO, CORSAIR$MOUSE PRETO COM FIO USB, GIGABYTE$GEOFORCE GTX 1060 3GB, GIGABYTE$RAM 8GB DDR4, KINGSTON$GEOFORCE GTX 1050 2BG, MSI$MOUSE BRANCO COM FIO USB
KINGSTON$GEOFORCE GTX 1060 3GB, KINGSTON$I5 - 8400, KINGSTON$I7 - 7700, KINGSTON$MOUSE PRETO COM FIO USB, MSI$FONTE 450W, MSI$HD 1TB SATA, MSI$I7 - 8700

Registro(s) nao encontrado!
********************************ALTERAR*******************************
OPERACAO REALIZADA COM SUCESSO!
***************************INDICE PRIMÁRIO****************************
007FOAM0905150032FOCO0208150019FOCR0308170013FOEV2002160041FOMS2611180044GAIN1205180029GEAM0501180034##########################################F*********************************
010MOAM0810140040MOAS0705170036MOAS1807140049MOCO0605170012MOKI2507180046MOMS2110170014PLGI1203180007PLWA0605180048RAAS1408160006RAGI1804170001F*********************************
005GEAM0502160016GEGI2009180004HDWA0004150020I7MS1610150002RAGI2302170028######################################################################N000006003004001005***************
009GEIN0202180039GEIN1905180035GEIN2404160023GEKI1604180033GEKI2412150010HDAS1803160024HDCO0010180015HDGI1307150030HDMS2109170045##############F*********************************
006I3AS0603150022I3CR1607170003I5GI0307140009I5KI1311140027I7CO1707140021I7KI1209170047########################################################F*********************************
005RAIN1001160008TEAS1502150005TEAS1602170031TEMS1002170018TEWA1901160011######################################################################F*********************************
008GEAM0710170025GEAS2710160042GECO1802160026GECO2108150043GECR1402170038GEEV1402180037GEEV2312180017GEGI2001180000############################F*********************************
********************************LISTAR********************************
AMD----------------------------------------------- FONTE 450W----------------------------------------
AMD----------------------------------------------- GEOFORCE GTX 1060 3GB-----------------------------
AMD----------------------------------------------- GEOFORCE GTX 1070---------------------------------
AMD----------------------------------------------- GEOFORCE GTX 1070 TI------------------------------
AMD----------------------------------------------- MOUSE PRETO USB SEM FIO---------------------------
ASROCK-------------------------------------------- GEOFORCE GTX 1070---------------------------------
ASROCK-------------------------------------------- I3 - 7100-----------------------------------------
ASROCK-------------------------------------------- TECLADO GAMMER SEMI MECANICO----------------------
ASUS---------------------------------------------- HD 500GB------------------------------------------
ASUS---------------------------------------------- MOUSE PRETO COM FIO USB---------------------------
ASUS---------------------------------------------- MOUSE PRETO COM FIO USB---------------------------
ASUS---------------------------------------------- RAM 8GB DDR4--------------------------------------
ASUS---------------------------------------------- TECLADO GAMMER SEMI MECANICO----------------------
CORSAIR------------------------------------------- FONTE 500W----------------------------------------
CORSAIR------------------------------------------- GEOFORCE GTX 1060 3GB-----------------------------
CORSAIR------------------------------------------- GEOFORCE GTX 1070 TI------------------------------
CORSAIR------------------------------------------- HD 500GB------------------------------------------
CORSAIR------------------------------------------- I7 - 8700-----------------------------------------
CORSAIR------------------------------------------- MOUSE PRETO COM FIO USB---------------------------
CRUCIAL------------------------------------------- FONTE 500W----------------------------------------
CRUCIAL------------------------------------------- GEOFORCE GTX 1080 TI------------------------------
CRUCIAL------------------------------------------- I3 - 7100-----------------------------------------
EVGA---------------------------------------------- FONTE 600W----------------------------------------
EVGA---------------------------------------------- GEOFORCE GTX 1060 3GB-----------------------------
EVGA---------------------------------------------- GEOFORCE GTX 1080 TI------------------------------
GIGABYTE------------------------------------------ GEOFORCE GTX 1060 3GB-----------------------------
GIGABYTE------------------------------------------ GEOFORCE GTX 1060 3GB-----------------------------
GIGABYTE------------------------------------------ HD 1TB SATA---------------------------------------
GIGABYTE------------------------------------------ I5 - 7400-----------------------------------------
GIGABYTE------------------------------------------ PLACA MAE PARA INTEL 1151 MATX--------------------
GIGABYTE------------------------------------------ RAM 8GB DDR4--------------------------------------
GIGABYTE------------------------------------------ RAM 8GB DDR4--------------------------------------
INTEL--------------------------------------------- GABINETE LATERAL ACRILICO-------------------------
INTEL--------------------------------------------- GEOFORCE GTX 1050 TI 4GB--------------------------
INTEL--------------------------------------------- GEOFORCE GTX 1060 3GB-----------------------------
INTEL--------------------------------------------- GEOFORCE GTX 1070 TI------------------------------
INTEL--------------------------------------------- RAM 8GB DDR4--------------------------------------
KINGSTON------------------------------------------ GEOFORCE GTX 1050 2BG-----------------------------
KINGSTON------------------------------------------ GEOFORCE GTX 1060 3GB-----------------------------
KINGSTON------------------------------------------ I5 - 8400-----------------------------------------
KINGSTON------------------------------------------ I7 - 7700-----------------------------------------
KINGSTON------------------------------------------ MOUSE PRETO COM FIO USB---------------------------
MSI----------------------------------------------- FONTE 450W----------------------------------------
MSI----------------------------------------------- HD 1TB SATA---------------------------------------
MSI----------------------------------------------- I7 - 8700-----------------------------------------
MSI----------------------------------------------- MOUSE BRANCO COM FIO USB--------------------------
MSI----------------------------------------------- TECLADO GAMMER MECANICO---------------------------
WARRIOR------------------------------------------- HD 500GB------------------------------------------
WARRIOR------------------------------------------- PLACA MAE PARA INTEL 1151 MATX--------------------
WARRIOR------------------------------------------- TECLADO GAMMER MECANICO---------------------------
********************************ALTERAR*******************************
Registro(s) nao encontrado!
FALHA AO REALIZAR OPERACAO!
Opcao invalida!
********************************ALTERAR*******************************
Registro(s) nao encontrado!
FALHA AO REALIZAR OPERACAO!
Opcao invalida!
********************************BUSCAR********************************
Busca por I5AS011117. Nos percorridos:
GEAM050216, GEGI200918, HDWA000415, I7MS161015, RAGI230217
I3AS060315, I3CR160717, I5GI030714, I5KI131114, I7AM101014, I7CO170714, I7KI120917

Registro(s) nao encontrado!
********************************BUSCAR********************************
Busca por AMD$I7 - 8700.
Nos percorridos:
ASROCK$I3 - 7100, ASUS$TECLADO GAMMER SEMI MECANICO, CORSAIR$MOUSE PRETO COM FIO USB, GIGABYTE$GEOFORCE GTX 1060 3GB, GIGABYTE$RAM 8GB DDR4, KINGSTON$GEOFORCE GTX 1050 2BG, MSI$MOUSE BRANCO COM FIO USB
AMD$FONTE 450W, AMD$GEOFORCE GTX 1060 3GB, AMD$GEOFORCE GTX 1070, AMD$GEOFORCE GTX 1070 TI, AMD$I7 - 8700, AMD$MOUSE PRETO USB SEM FIO, ASROCK$GEOFORCE GTX 1070

I7AM101014
I7 - 8700
AMD
10/10/17
14
0164.45
FONTE GABINETE HARDWARE HD MEMORIA RAM MOUSE 
********************************BUSCAR********************************
Busca por GEGI051215. Nos percorridos:
GEAM050216, GEGI200918, HDWA000415, I7MS161015, RAGI230217
GEAM071017, GEAS271016, GECO180216, GECO210815, GECR140217, GEEV140218, GEEV231218, GEGI200118

Registro(s) nao encontrado!
********************************LISTAR********************************
1 - GEAM050216, GEGI200918, HDWA000415, I7MS161015, RAGI230217
2 - FOAM090515, FOCO020815, FOCR030817, FOEV200216, FOMS261118, GAIN120518, GEAM050118
2 - GEAM071017, GEAS271016, GECO180216, GECO210815, GECR140217, GEEV140218, GEEV231218, GEGI200118
2 - GEIN020218, GEIN190518, GEIN240416, GEKI160418, GEKI241215, HDAS180316, HDCO001018, HDGI130715, HDMS210917
2 - I3AS060315, I3CR160717, I5GI030714, I5KI131114, I7AM101014, I7CO170714, I7KI120917
2 - MOAM081014, MOAS070517, MOAS180714, MOCO060517, MOKI250718, MOMS211017, PLGI120318, PLWA060518, RAAS140816, RAGI180417
2 - RAIN100116, TEAS150215, TEAS160217, TEMS100217, TEWA190116
********************************ARQUIVO*******************************
GEGI200118@GEOFORCE GTX 1060 3GB@GIGABYTE@20/01/09@18@0122.57@070@FONTE|GABINETE|HARDWARE|HD|MEMORIA RAM@#######################################################################################RAGI180417@RAM 8GB DDR4@GIGABYTE@18/04/07@17@0249.11@055@FONTE|GABINETE|HARDWARE|HD|MEMORIA RAM|MOUSE@##########################################################################################I7MS161015@I7 - 8700@MSI@16/10/06@15@0181.13@010@FONTE|HARDWARE|HD|PLACA DE VIDEO@##############################################################################################################I3CR160717@I3 - 7100@CRUCIAL@16/07/17@17@0133.21@074@FONTE|GABINETE|HARDWARE|HD|MEMORIA RAM|MOUSE@##############################################################################################GEGI200918@GEOFORCE GTX 1060 3GB@GIGABYTE@20/09/15@18@0053.17@006@FONTE|GABINETE|HARDWARE|HD|MEMORIA RAM|MOUSE@#################################################################################TEAS150215@TECLADO GAMMER SEMI MECANICO@ASUS@15/02/03@15@0086.37@017@FONTE|HD|MOUSE|PERIFERICO|PLACA MAE|PROCESSADOR@###########################################################################RAAS140816@RAM 8GB DDR4@ASUS@14/08/16@16@0194.03@048@GABINETE|HARDWARE|HD|MEMORIA RAM|MOUSE@####################################################################################################PLGI120318@PLACA MAE PARA INTEL 1151 MATX@GIGABYTE@12/03/16@18@0023.87@098@FONTE|HARDWARE|HD|MOUSE|PERIFERICO@##################################################################################RAIN100116@RAM 8GB DDR4@INTEL@10/01/14@16@0102.45@019@GABINETE|HARDWARE|MOUSE@##################################################################################################################I5GI030714@I5 - 7400@GIGABYTE@03/07/17@14@0151.61@083@FONTE|GABINETE|HARDWARE|HD|MEMORIA RAM|MOUSE@#############################################################################################GEKI241215@GEOFORCE GTX 1050 2BG@KINGSTON@24/12/05@15@0176.48@016@MOUSE|PLACA DE VIDEO|PLACA MAE@###############################################################################################TEWA190116@TECLADO GAMMER MECANICO@WARRIOR@19/01/03@16@0215.01@043@FONTE|MEMORIA RAM@###########################################################################################################MOCO060517@MOUSE PRETO COM FIO USB@CORSAIR@06/05/10@17@0041.29@027@MOUSE@#######################################################################################################################FOCR030817@FONTE 500W@CRUCIAL@03/08/06@17@0104.76@074@FONTE|GABINETE|HARDWARE|MEMORIA RAM|MOUSE@################################################################################################MOMS211017@MOUSE BRANCO COM FIO USB@MSI@21/10/07@17@0160.13@046@GABINETE@#######################################################################################################################HDCO001018@HD 500GB@CORSAIR@00/10/12@18@0168.91@071@GABINETE|HD|MEMORIA RAM|MOUSE@##############################################################################################################GEAM050216@GEOFORCE GTX 1060 3GB@AMD@05/02/12@16@0008.37@016@FONTE|GABINETE|HARDWARE|HD|MEMORIA RAM|MOUSE@######################################################################################GEEV231218@GEOFORCE GTX 1060 3GB@EVGA@23/12/01@18@0083.02@035@FONTE|HD|MOUSE@###################################################################################################################TEMS100217@TECLADO GAMMER MECANICO@MSI@10/02/03@17@0037.29@001@FONTE|HARDWARE|HD|MEMORIA RAM|MOUSE|PERIFERICO@##################################################################################FOCO020815@FONTE 500W@CORSAIR@02/08/15@15@0053.01@078@FONTE|GABINETE|HARDWARE|HD|MEMORIA RAM|MOUSE@#############################################################################################HDWA000415@HD 500GB@WARRIOR@00/04/13@15@0205.12@063@FONTE|GABINETE|HARDWARE|HD|MEMORIA RAM|MOUSE@###############################################################################################I7CO170714@I7 - 8700@CORSAIR@17/07/13@14@0214.99@046@GABINETE|MOUSE|PERIFERICO|PLACA DE VIDEO@##################################################################################################I3AS060315@I3 - 7100@ASROCK@06/03/01@15@0033.27@040@FONTE|HARDWARE|HD|MEMORIA RAM|MOUSE|PERIFERICO@#############################################################################################GEIN240416@GEOFORCE GTX 1060 3GB@INTEL@24/04/12@16@0180.13@026@GABINETE|HARDWARE|HD|MEMORIA RAM|MOUSE@##########################################################################################HDAS180316@HD 500GB@ASUS@18/03/13@16@0026.97@090@FONTE|GABINETE|HARDWARE|HD|MEMORIA RAM@########################################################################################################GEAM071017@GEOFORCE GTX 1070@AMD@07/10/05@17@0001.51@087@FONTE|GABINETE|HD|MEMORIA RAM|MOUSE|PERIFERICO@########################################################################################GECO180216@GEOFORCE GTX 1060 3GB@CORSAIR@18/02/13@16@0013.97@044@GABINETE|HD|MEMORIA RAM|MOUSE|PERIFERICO@######################################################################################I5KI131114@I5 - 8400@KINGSTON@13/11/01@14@0206.45@025@FONTE|GABINETE|HARDWARE|HD|MEMORIA RAM@###################################################################################################RAGI230217@RAM 8GB DDR4@GIGABYTE@23/02/04@17@0062.08@099@GABINETE|HARDWARE|MEMORIA RAM|MOUSE|PLACA MAE@#########################################################################################GAIN120518@GABINETE LATERAL ACRILICO@INTEL@12/05/12@18@0142.29@090@HARDWARE|PLACA MAE@##########################################################################################################HDGI130715@HD 1TB SATA@GIGABYTE@13/07/05@15@0059.87@066@PLACA MAE@##############################################################################################################################TEAS160217@TECLADO GAMMER SEMI MECANICO@ASROCK@16/02/00@17@0015.62@027@FONTE|GABINETE|HARDWARE|HD|MEMORIA RAM|MOUSE@############################################################################FOAM090515@FONTE 450W@AMD@09/05/09@15@0244.57@054@GABINETE|HARDWARE|HD|MEMORIA RAM|PERIFERICO@##################################################################################################GEKI160418@GEOFORCE GTX 1060 3GB@KINGSTON@16/04/17@18@0068.73@048@GABINETE@#####################################################################################################################GEAM050118@GEOFORCE GTX 1070 TI@AMD@05/01/10@18@0101.96@006@HARDWARE@###########################################################################################################################GEIN190518@GEOFORCE GTX 1050 TI 4GB@INTEL@19/05/06@18@0230.51@007@HARDWARE@#####################################################################################################################MOAS070517@MOUSE PRETO COM FIO USB@ASUS@07/05/00@17@0198.28@076@HARDWARE|MEMORIA RAM|MOUSE|PERIFERICO@##########################################################################################GEEV140218@GEOFORCE GTX 1080 TI@EVGA@14/02/02@18@0207.63@001@FONTE|HARDWARE|MEMORIA RAM|MOUSE@##################################################################################################GECR140217@GEOFORCE GTX 1080 TI@CRUCIAL@14/02/17@17@0073.83@011@FONTE|HARDWARE|HD@##############################################################################################################GEIN020218@GEOFORCE GTX 1070 TI@INTEL@02/02/12@18@0206.03@065@FONTE|GABINETE|HD|MEMORIA RAM|MOUSE|PERIFERICO@###################################################################################MOAM081014@MOUSE PRETO USB SEM FIO@AMD@08/10/14@14@0181.57@058@PLACA DE VIDEO@##################################################################################################################FOEV200216@FONTE 600W@EVGA@20/02/16@16@0236.30@088@GABINETE@####################################################################################################################################GEAS271016@GEOFORCE GTX 1070@ASROCK@27/10/16@16@0062.34@090@FONTE|GABINETE|HARDWARE|HD|MEMORIA RAM|MOUSE@#######################################################################################GECO210815@GEOFORCE GTX 1070 TI@CORSAIR@21/08/09@15@0036.73@012@FONTE|GABINETE|HARDWARE|HD|MEMORIA RAM|MOUSE@###################################################################################FOMS261118@FONTE 450W@MSI@26/11/13@18@0100.37@012@FONTE|GABINETE|HARDWARE|HD|MEMORIA RAM|MOUSE@#################################################################################################HDMS210917@HD 1TB SATA@MSI@21/09/16@17@0188.80@066@FONTE|GABINETE|HD|MEMORIA RAM|MOUSE|PERIFERICO@##############################################################################################MOKI250718@MOUSE PRETO COM FIO USB@KINGSTON@25/07/12@18@0064.40@051@HARDWARE|MEMORIA RAM|PLACA MAE@#############################################################################################I7KI120917@I7 - 7700@KINGSTON@12/09/05@17@0142.94@035@GABINETE|HARDWARE|HD|MEMORIA RAM|MOUSE@###################################################################################################PLWA060518@PLACA MAE PARA INTEL 1151 MATX@WARRIOR@06/05/17@18@0229.23@020@FONTE|HD|MOUSE|PERIFERICO|PLACA DE VIDEO@#############################################################################MOAS180714@MOUSE PRETO COM FIO USB@ASUS@18/07/13@14@0141.14@033@FONTE|GABINETE|HARDWARE|HD|MEMORIA RAM|MOUSE@###################################################################################I7AM101014@I7 - 8700@AMD@10/10/17@14@0231.63@029@FONTE|GABINETE|HARDWARE|HD|MEMORIA RAM|MOUSE@##################################################################################################
********************************BUSCAR********************************
Busca por ASUS$TECLADO USB COM FIO.
Nos percorridos:
ASROCK$I3 - 7100, ASUS$TECLADO GAMMER SEMI MECANICO, CORSAIR$MOUSE PRETO COM FIO USB, GIGABYTE$GEOFORCE GTX 1060 3GB, GIGABYTE$RAM 8GB DDR4, KINGSTON$GEOFORCE GTX 1050 2BG, MSI$MOUSE BRANCO COM FIO USB
CORSAIR$FONTE 500W, CORSAIR$GEOFORCE GTX 1060 3GB, CORSAIR$GEOFORCE GTX 1070 TI, CORSAIR$HD 500GB, CORSAIR$I7 - 8700

Registro(s) nao encontrado!
********************************BUSCAR********************************
Busca por BLA$TECLADO GAMMER MECANICO.
Nos percorridos:
ASROCK$I3 - 7100, ASUS$TECLADO GAMMER SEMI MECANICO, CORSAIR$MOUSE PRETO COM FIO USB, GIGABYTE$GEOFORCE GTX 1060 3GB, GIGABYTE$RAM 8GB DDR4, KINGSTON$GEOFORCE GTX 1050 2BG, MSI$MOUSE BRANCO COM FIO USB
CORSAIR$FONTE 500W, CORSAIR$GEOFORCE GTX 1060 3GB, CORSAIR$GEOFORCE GTX 1070 TI, CORSAIR$HD 500GB, CORSAIR$I7 - 8700

Registro(s) nao encontrado!
********************************ARQUIVO*******************************
GEGI200118@GEOFORCE GTX 1060 3GB@GIGABYTE@20/01/09@18@0122.57@070@FONTE|GABINETE|HARDWARE|HD|MEMORIA RAM@#######################################################################################RAGI180417@RAM 8GB DDR4@GIGABYTE@18/04/07@17@0249.11@055@FONTE|GABINETE|HARDWARE|HD|MEMORIA RAM|MOUSE@##########################################################################################I7MS161015@I7 - 8700@MSI@16/10/06@15@0181.13@010@FONTE|HARDWARE|HD|PLACA DE VIDEO@##############################################################################################################I3CR160717@I3 - 7100@CRUCIAL@16/07/17@17@0133.21@074@FONTE|GABINETE|HARDWARE|HD|MEMORIA RAM|MOUSE@##############################################################################################GEGI200918@GEOFORCE GTX 1060 3GB@GIGABYTE@20/09/15@18@0053.17@006@FONTE|GABINETE|HARDWARE|HD|MEMORIA RAM|MOUSE@#################################################################################TEAS150215@TECLADO GAMMER SEMI MECANICO@ASUS@15/02/03@15@0086.37@017@FONTE|HD|MOUSE|PERIFERICO|PLACA MAE|PROCESSADOR@###########################################################################RAAS140816@RAM 8GB DDR4@ASUS@14/08/16@16@0194.03@048@GABINETE|HARDWARE|HD|MEMORIA RAM|MOUSE@####################################################################################################PLGI120318@PLACA MAE PARA INTEL 1151 MATX@GIGABYTE@12/03/16@18@0023.87@098@FONTE|HARDWARE|HD|MOUSE|PERIFERICO@##################################################################################RAIN100116@RAM 8GB DDR4@INTEL@10/01/14@16@0102.45@019@GABINETE|HARDWARE|MOUSE@##################################################################################################################I5GI030714@I5 - 7400@GIGABYTE@03/07/17@14@0151.61@083@FONTE|GABINETE|HARDWARE|HD|MEMORIA RAM|MOUSE@#############################################################################################GEKI241215@GEOFORCE GTX 1050 2BG@KINGSTON@24/12/05@15@0176.48@016@MOUSE|PLACA DE VIDEO|PLACA MAE@###############################################################################################TEWA190116@TECLADO GAMMER MECANICO@WARRIOR@19/01/03@16@0215.01@043@FONTE|MEMORIA RAM@###########################################################################################################MOCO060517@MOUSE PRETO COM FIO USB@CORSAIR@06/05/10@17@0041.29@027@MOUSE@#######################################################################################################################FOCR030817@FONTE 500W@CRUCIAL@03/08/06@17@0104.76@074@FONTE|GABINETE|HARDWARE|MEMORIA RAM|MOUSE@################################################################################################MOMS211017@MOUSE BRANCO COM FIO USB@MSI@21/10/07@17@0160.13@046@GABINETE@#######################################################################################################################HDCO001018@HD 500GB@CORSAIR@00/10/12@18@0168.91@071@GABINETE|HD|MEMORIA RAM|MOUSE@##############################################################################################################GEAM050216@GEOFORCE GTX 1060 3GB@AMD@05/02/12@16@0008.37@016@FONTE|GABINETE|HARDWARE|HD|MEMORIA RAM|MOUSE@######################################################################################GEEV231218@GEOFORCE GTX 1060 3GB@EVGA@23/12/01@18@0083.02@035@FONTE|HD|MOUSE@###################################################################################################################TEMS100217@TECLADO GAMMER MECANICO@MSI@10/02/03@17@0037.29@001@FONTE|HARDWARE|HD|MEMORIA RAM|MOUSE|PERIFERICO@##################################################################################FOCO020815@FONTE 500W@CORSAIR@02/08/15@15@0053.01@078@FONTE|GABINETE|HARDWARE|HD|MEMORIA RAM|MOUSE@#############################################################################################HDWA000415@HD 500GB@WARRIOR@00/04/13@15@0205.12@063@FONTE|GABINETE|HARDWARE|HD|MEMORIA RAM|MOUSE@###############################################################################################I7CO170714@I7 - 8700@CORSAIR@17/07/13@14@0214.99@046@GABINETE|MOUSE|PERIFERICO|PLACA DE VIDEO@##################################################################################################I3AS060315@I3 - 7100@ASROCK@06/03/01@15@0033.27@040@FONTE|HARDWARE|HD|MEMORIA RAM|MOUSE|PERIFERICO@#############################################################################################GEIN240416@GEOFORCE GTX 1060 3GB@INTEL@24/04/12@16@0180.13@026@GABINETE|HARDWARE|HD|MEMORIA RAM|MOUSE@##########################################################################################HDAS180316@HD 500GB@ASUS@18/03/13@16@0026.97@090@FONTE|GABINETE|HARDWARE|HD|MEMORIA RAM@########################################################################################################GEAM071017@GEOFORCE GTX 1070@AMD@07/10/05@17@0001.51@087@FONTE|GABINETE|HD|MEMORIA RAM|MOUSE|PERIFERICO@########################################################################################GECO180216@GEOFORCE GTX 1060 3GB@CORSAIR@18/02/13@16@0013.97@044@GABINETE|HD|MEMORIA RAM|MOUSE|PERIFERICO@######################################################################################I5KI131114@I5 - 8400@KINGSTON@13/11/01@14@0206.45@025@FONTE|GABINETE|HARDWARE|HD|MEMORIA RAM@###################################################################################################RAGI230217@RAM 8GB DDR4@GIGABYTE@23/02/04@17@0062.08@099@GABINETE|HARDWARE|MEMORIA RAM|MOUSE|PLACA MAE@#########################################################################################GAIN120518@GABINETE LATERAL ACRILICO@INTEL@12/05/12@18@0142.29@090@HARDWARE|PLACA MAE@##########################################################################################################HDGI130715@HD 1TB SATA@GIGABYTE@13/07/05@15@0059.87@066@PLACA MAE@##############################################################################################################################TEAS160217@TECLADO GAMMER SEMI MECANICO@ASROCK@16/02/00@17@0015.62@027@FONTE|GABINETE|HARDWARE|HD|MEMORIA RAM|MOUSE@############################################################################FOAM090515@FONTE 450W@AMD@09/05/09@15@0244.57@054@GABINETE|HARDWARE|HD|MEMORIA RAM|PERIFERICO@##################################################################################################GEKI160418@GEOFORCE GTX 1060 3GB@KINGSTON@16/04/17@18@0068.73@048@GABINETE@#####################################################################################################################GEAM050118@GEOFORCE GTX 1070 TI@AMD@05/01/10@18@0101.96@006@HARDWARE@###########################################################################################################################GEIN190518@GEOFORCE GTX 1050 TI 4GB@INTEL@19/05/06@18@0230.51@007@HARDWARE@#####################################################################################################################MOAS070517@MOUSE PRETO COM FIO USB@ASUS@07/05/00@17@0198.28@076@HARDWARE|MEMORIA RAM|MOUSE|PERIFERICO@##########################################################################################GEEV140218@GEOFORCE GTX 1080 TI@EVGA@14/02/02@18@0207.63@001@FONTE|HARDWARE|MEMORIA RAM|MOUSE@##################################################################################################GECR140217@GEOFORCE GTX 1080 TI@CRUCIAL@14/02/17@17@0073.83@011@FONTE|HARDWARE|HD@##############################################################################################################GEIN020218@GEOFORCE GTX 1070 TI@INTEL@02/02/12@18@0206.03@065@FONTE|GABINETE|HD|MEMORIA RAM|MOUSE|PERIFERICO@###################################################################################MOAM081014@MOUSE PRETO USB SEM FIO@AMD@08/10/14@14@0181.57@058@PLACA DE VIDEO@##################################################################################################################FOEV200216@FONTE 600W@EVGA@20/02/16@16@0236.30@088@GABINETE@####################################################################################################################################GEAS271016@GEOFORCE GTX 1070@ASROCK@27/10/16@16@0062.34@090@FONTE|GABINETE|HARDWARE|HD|MEMORIA RAM|MOUSE@#######################################################################################GECO210815@GEOFORCE GTX 1070 TI@CORSAIR@21/08/09@15@0036.73@012@FONTE|GABINETE|HARDWARE|HD|MEMORIA RAM|MOUSE@###################################################################################FOMS261118@FONTE 450W@MSI@26/11/13@18@0100.37@012@FONTE|GABINETE|HARDWARE|HD|MEMORIA RAM|MOUSE@#################################################################################################HDMS210917@HD 1TB SATA@MSI@21/09/16@17@0188.80@066@FONTE|GABINETE|HD|MEMORIA RAM|MOUSE|PERIFERICO@##############################################################################################MOKI250718@MOUSE PRETO COM FIO USB@KINGSTON@25/07/12@18@0064.40@051@HARDWARE|MEMORIA RAM|PLACA MAE@#############################################################################################I7KI120917@I7 - 7700@KINGSTON@12/09/05@17@0142.94@035@GABINETE|HARDWARE|HD|MEMORIA RAM|MOUSE@###################################################################################################PLWA060518@PLACA MAE PARA INTEL 1151 MATX@WARRIOR@06/05/17@18@0229.23@020@FONTE|HD|MOUSE|PERIFERICO|PLACA DE VIDEO@#############################################################################MOAS180714@MOUSE PRETO COM FIO USB@ASUS@18/07/13@14@0141.14@033@FONTE|GABINETE|HARDWARE|HD|MEMORIA RAM|MOUSE@###################################################################################I7AM101014@I7 - 8700@AMD@10/10/17@14@0231.63@029@FONTE|GABINETE|HARDWARE|HD|MEMORIA RAM|MOUSE@##################################################################################################
********************************ALTERAR*******************************
OPERACAO REALIZADA COM SUCESSO!
********************************ALTERAR*******************************
OPERACAO REALIZADA COM SUCESSO!
********************************BUSCAR********************************
Busca por ASUS$PLACA MAE PARA INTEL 1151 MATX.
Nos percorridos:
GIGABYTE$GEOFORCE GTX 1060 3GB
ASROCK$I3 - 7100, ASUS$TECLADO GAMMER SEMI MECANICO, CORSAIR$MOUSE PRETO COM FIO USB, EVGA$GEOFORCE GTX 1060 3GB
ASROCK$TECLADO GAMMER SEMI MECANICO, ASUS$HD 500GB, ASUS$MOUSE PRETO COM FIO USB, ASUS$MOUSE PRETO COM FIO USB, ASUS$RAM 8GB DDR4

Registro(s) nao encontrado!
********************************ARQUIVO*******************************
GEGI200118@GEOFORCE GTX 1060 3GB@GIGABYTE@20/01/09@18@0122.57@070@FONTE|GABINETE|HARDWARE|HD|MEMORIA RAM@#######################################################################################RAGI180417@RAM 8GB DDR4@GIGABYTE@18/04/07@17@0249.11@055@FONTE|GABINETE|HARDWARE|HD|MEMORIA RAM|MOUSE@##########################################################################################I7MS161015@I7 - 8700@MSI@16/10/06@15@0181.13@010@FONTE|HARDWARE|HD|PLACA DE VIDEO@##############################################################################################################I3CR160717@I3 - 7100@CRUCIAL@16/07/17@17@0133.21@074@FONTE|GABINETE|HARDWARE|HD|MEMORIA RAM|MOUSE@##############################################################################################GEGI200918@GEOFORCE GTX 1060 3GB@GIGABYTE@20/09/15@18@0053.17@006@FONTE|GABINETE|HARDWARE|HD|MEMORIA RAM|MOUSE@#################################################################################TEAS150215@TECLADO GAMMER SEMI MECANICO@ASUS@15/02/03@15@0086.37@017@FONTE|HD|MOUSE|PERIFERICO|PLACA MAE|PROCESSADOR@###########################################################################RAAS140816@RAM 8GB DDR4@ASUS@14/08/16@16@0194.03@048@GABINETE|HARDWARE|HD|MEMORIA RAM|MOUSE@####################################################################################################PLGI120318@PLACA MAE PARA INTEL 1151 MATX@GIGABYTE@12/03/16@18@0023.87@098@FONTE|HARDWARE|HD|MOUSE|PERIFERICO@##################################################################################RAIN100116@RAM 8GB DDR4@INTEL@10/01/14@16@0102.45@019@GABINETE|HARDWARE|MOUSE@##################################################################################################################I5GI030714@I5 - 7400@GIGABYTE@03/07/17@14@0151.61@083@FONTE|GABINETE|HARDWARE|HD|MEMORIA RAM|MOUSE@#############################################################################################GEKI241215@GEOFORCE GTX 1050 2BG@KINGSTON@24/12/05@15@0176.48@016@MOUSE|PLACA DE VIDEO|PLACA MAE@###############################################################################################TEWA190116@TECLADO GAMMER MECANICO@WARRIOR@19/01/03@16@0215.01@043@FONTE|MEMORIA RAM@###########################################################################################################MOCO060517@MOUSE PRETO COM FIO USB@CORSAIR@06/05/10@17@0041.29@027@MOUSE@#######################################################################################################################FOCR030817@FONTE 500W@CRUCIAL@03/08/06@17@0104.76@074@FONTE|GABINETE|HARDWARE|MEMORIA RAM|MOUSE@################################################################################################MOMS211017@MOUSE BRANCO COM FIO USB@MSI@21/10/07@17@0160.13@046@GABINETE@#######################################################################################################################HDCO001018@HD 500GB@CORSAIR@00/10/12@18@0168.91@071@GABINETE|HD|MEMORIA RAM|MOUSE@##############################################################################################################GEAM050216@GEOFORCE GTX 1060 3GB@AMD@05/02/12@16@0008.37@016@FONTE|GABINETE|HARDWARE|HD|MEMORIA RAM|MOUSE@######################################################################################GEEV231218@GEOFORCE GTX 1060 3GB@EVGA@23/12/01@18@0083.02@035@FONTE|HD|MOUSE@###################################################################################################################TEMS100217@TECLADO GAMMER MECANICO@MSI@10/02/03@17@0037.29@001@FONTE|HARDWARE|HD|MEMORIA RAM|MOUSE|PERIFERICO@##################################################################################FOCO020815@FONTE 500W@CORSAIR@02/08/15@15@0053.01@000@FONTE|GABINETE|HARDWARE|HD|MEMORIA RAM|MOUSE@#############################################################################################HDWA000415@HD 500GB@WARRIOR@00/04/13@15@0205.12@063@FONTE|GABINETE|HARDWARE|HD|MEMORIA RAM|MOUSE@###############################################################################################I7CO170714@I7 - 8700@CORSAIR@17/07/13@14@0214.99@046@GABINETE|MOUSE|PERIFERICO|PLACA DE VIDEO@##################################################################################################I3AS060315@I3 - 7100@ASROCK@06/03/01@15@0033.27@040@FONTE|HARDWARE|HD|MEMORIA RAM|MOUSE|PERIFERICO@#############################################################################################GEIN240416@GEOFORCE GTX 1060 3GB@INTEL@24/04/12@16@0180.13@026@GABINETE|HARDWARE|HD|MEMORIA RAM|MOUSE@##########################################################################################HDAS180316@HD 500GB@ASUS@18/03/13@16@0026.97@090@FONTE|GABINETE|HARDWARE|HD|MEMORIA RAM@########################################################################################################GEAM071017@GEOFORCE GTX 1070@AMD@07/10/05@17@0001.51@087@FONTE|GABINETE|HD|MEMORIA RAM|MOUSE|PERIFERICO@########################################################################################GECO180216@GEOFORCE GTX 1060 3GB@CORSAIR@18/02/13@16@0013.97@044@GABINETE|HD|MEMORIA RAM|MOUSE|PERIFERICO@######################################################################################I5KI131114@I5 - 8400@KINGSTON@13/11/01@14@0206.45@025@FONTE|GABINETE|HARDWARE|HD|MEMORIA RAM@###################################################################################################RAGI230217@RAM 8GB DDR4@GIGABYTE@23/02/04@17@0062.08@099@GABINETE|HARDWARE|MEMORIA RAM|MOUSE|PLACA MAE@#########################################################################################GAIN120518@GABINETE LATERAL ACRILICO@INTEL@12/05/12@18@0142.29@090@HARDWARE|PLACA MAE@##########################################################################################################HDGI130715@HD 1TB SATA@GIGABYTE@13/07/05@15@0059.87@066@PLACA MAE@##############################################################################################################################TEAS160217@TECLADO GAMMER SEMI MECANICO@ASROCK@16/02/00@17@0015.62@027@FONTE|GABINETE|HARDWARE|HD|MEMORIA RAM|MOUSE@############################################################################FOAM090515@FONTE 450W@AMD@09/05/09@15@0244.57@099@GABINETE|HARDWARE|HD|MEMORIA RAM|PERIFERICO@##################################################################################################GEKI160418@GEOFORCE GTX 1060 3GB@KINGSTON@16/04/17@18@0068.73@048@GABINETE@#####################################################################################################################GEAM050118@GEOFORCE GTX 1070 TI@AMD@05/01/10@18@0101.96@006@HARDWARE@###########################################################################################################################GEIN190518@GEOFORCE GTX 1050 TI 4GB@INTEL@19/05/06@18@0230.51@007@HARDWARE@#####################################################################################################################MOAS070517@MOUSE PRETO COM FIO USB@ASUS@07/05/00@17@0198.28@076@HARDWARE|MEMORIA RAM|MOUSE|PERIFERICO@##########################################################################################GEEV140218@GEOFORCE GTX 1080 TI@EVGA@14/02/02@18@0207.63@001@FONTE|HARDWARE|MEMORIA RAM|MOUSE@##################################################################################################GECR140217@GEOFORCE GTX 1080 TI@CRUCIAL@14/02/17@17@0073.83@011@FONTE|HARDWARE|HD@##############################################################################################################GEIN020218@GEOFORCE GTX 1070 TI@INTEL@02/02/12@18@0206.03@065@FONTE|GABINETE|HD|MEMORIA RAM|MOUSE|PERIFERICO@###################################################################################MOAM081014@MOUSE PRETO USB SEM FIO@AMD@08/10/14@14@0181.57@058@PLACA DE VIDEO@##################################################################################################################FOEV200216@FONTE 600W@EVGA@20/02/16@16@0236.30@088@GABINETE@####################################################################################################################################GEAS271016@GEOFORCE GTX 1070@ASROCK@27/10/16@16@0062.34@090@FONTE|GABINETE|HARDWARE|HD|MEMORIA RAM|MOUSE@#######################################################################################GECO210815@GEOFORCE GTX 1070 TI@CORSAIR@21/08/09@15@0036.73@012@FONTE|GABINETE|HARDWARE|HD|MEMORIA RAM|MOUSE@###################################################################################FOMS261118@FONTE 450W@MSI@26/11/13@18@0100.37@012@FONTE|GABINETE|HARDWARE|HD|MEMORIA RAM|MOUSE@#################################################################################################HDMS210917@HD 1TB SATA@MSI@21/09/16@17@0188.80@066@FONTE|GABINETE|HD|MEMORIA RAM|MOUSE|PERIFERICO@##############################################################################################MOKI250718@MOUSE PRETO COM FIO USB@KINGSTON@25/07/12@18@0064.40@051@HARDWARE|MEMORIA RAM|PLACA MAE@#############################################################################################I7KI120917@I7 - 7700@KINGSTON@12/09/05@17@0142.94@035@GABINETE|HARDWARE|HD|MEMORIA RAM|MOUSE@###################################################################################################PLWA060518@PLACA MAE PARA INTEL 1151 MATX@WARRIOR@06/05/17@18@0229.23@020@FONTE|HD|MOUSE|PERIFERICO|PLACA DE VIDEO@#############################################################################MOAS180714@MOUSE PRETO COM FIO USB@ASUS@18/07/13@14@0141.14@033@FONTE|GABINETE|HARDWARE|HD|MEMORIA RAM|MOUSE@###################################################################################I7AM101014@I7 - 8700@AMD@10/10/17@14@0231.63@029@FONTE|GABINETE|HARDWARE|HD|MEMORIA RAM|MOUSE@##################################################################################################MOEV260615@MOUSE PRETO USB SEM FIO@EVGA@26/06/04@15@0034.97@002@GABINETE|HARDWARE|HD|MEMORIA RAM|PLACA DE VIDEO@################################################################################
********************************LISTAR********************************
1 - GEAM050216, GEGI200918, HDWA000415, I7MS161015, MOKI250718, RAGI230217
2 - FOAM090515, FOCO020815, FOCR030817, FOEV200216, FOMS261118, GAIN120518, GEAM050118
2 - GEAM071017, GEAS271016, GECO180216, GECO210815, GECR140217, GEEV140218, GEEV231218, GEGI200118
2 - GEIN020218, GEIN190518, GEIN240416, GEKI160418, GEKI241215, HDAS180316, HDCO001018, HDGI130715, HDMS210917
2 - I3AS060315, I3CR160717, I5GI030714, I5KI131114, I7AM101014, I7CO170714, I7KI120917
2 - MOAM081014, MOAS070517, MOAS180714, MOCO060517, MOEV260615
2 - MOMS211017, PLGI120318, PLWA060518, RAAS140816, RAGI180417
2 - RAIN100116, TEAS150215, TEAS160217, TEMS100217, TEWA190116
********************************BUSCAR********************************
Busca por FOCO020815. Nos percorridos:
GEAM050216, GEGI200918, HDWA000415, I7MS161015, MOKI250718, RAGI230217
FOAM090515, FOCO020815, FOCR030817, FOEV200216, FOMS261118, GAIN120518, GEAM050118

FOCO020815
FONTE 500W
CORSAIR
02/08/15
15
0053.01
FONTE GABINETE HARDWARE HD MEMORIA RAM MOUSE 
