***************************INDICE PRIMÁRIO****************************
010FOAM0905150032FOCO0208150019FOCR0308170013FOEV2001140048FOEV2002160065FOMS2611180068FOWA1604180042GAIN0204180044GAIN1205180029GEAM0004140050##############F************************************
008PLIN0403160046RAAS1408160006RAGI1804170001RAGI2302170028RAIN1001160008RAIN1503180058RAIN2204160056RAIN2509170060##########################################F************************************
007GEAM0501180034GEEV2312180017GEKI1604180033HDCO0010180015I5KI1311140027PLGI1203180007RAKI2006150047########################################################N000006004008003005001007************
010HDEV2405170057HDGI1307150030HDMS2109170069HDWA0004150020I3AS0603150022I3AS2309170043I3CR1607170003I3IN0409180040I5CO0310160062I5GI0307140009##############F************************************
006GEGI2001180000GEGI2009180004GEIN0202180039GEIN1905180035GEIN2404160023GEKI1008180053######################################################################F************************************
011I7CO1707140021I7KI1209170071I7MS1610150002MOAM0810140064MOAM2710160055MOAS0705170036MOCO0605170012MOCR1802160054MOKI2507180070MOMS2110170014PLAS0708150049F************************************
008GEAM0502160016GEAM0710170025GEAS2710160066GECO1802160026GECO2108150067GECR1402170038GEEV1402180037GEEV1702150045##########################################F************************************
007RAWA0012180063TEAM1712140059TEAS1502150005TEAS1602170031TEIN1410170051TEMS1002170018TEWA1901160011########################################################F************************************
005GEKI2412150010GEMS0904170052GEWA0501170041HDAS1803160024HDAS2112170061####################################################################################F************************************
********************************ALTERAR*******************************
OPERACAO REALIZADA COM SUCESSO!
********************************ALTERAR*******************************
OPERACAO REALIZADA COM SUCESSO!
********************************ALTERAR*******************************
OPERACAO REALIZADA COM SUCESSO!
********************************BUSCAR********************************
Busca por ASUS$TECLADO GAMMER SEMI MECANICO.
Nos percorridos:
ASROCK$I3 - 7100, ASUS$RAM 8GB DDR4, CORSAIR$MOUSE PRETO COM FIO USB, EVGA$GEOFORCE GTX 1050 2BG, GIGABYTE$I5 - 7400, INTEL$GEOFORCE GTX 1060 3GB, INTEL$RAM 4GB DDR4, KINGSTON$I5 - 8400, MSI$TECLADO GAMMER MECANICO
ASUS$TECLADO GAMMER SEMI MECANICO, CORSAIR$FONTE 500W, CORSAIR$GEOFORCE GTX 1060 3GB, CORSAIR$GEOFORCE GTX 1070 TI, CORSAIR$HD 500GB, CORSAIR$I5 - 8400, CORSAIR$I7 - 8700

TEAS150215
TECLADO GAMMER SEMI MECANICO
ASUS
15/02/03
15
0071.68
FONTE HD MOUSE PERIFERICO PLACA MAE PROCESSADOR 
********************************LISTAR********************************
1 - GEAM050118, GEEV231218, GEKI160418, HDCO001018, I5KI131114, PLGI120318, RAKI200615
2 - FOAM090515, FOCO020815, FOCR030817, FOEV200114, FOEV200216, FOMS261118, FOWA160418, GAIN020418, GAIN120518, GEAM000414
2 - GEAM050216, GEAM071017, GEAS271016, GECO180216, GECO210815, GECR140217, GEEV140218, GEEV170215
2 - GEEV261116, GEGI200118, GEGI200918, GEIN020218, GEIN190518, GEIN240416, GEKI100818
2 - GEKI241215, GEMS090417, GEWA050117, HDAS180316, HDAS211217
2 - HDEV240517, HDGI130715, HDMS210917, HDWA000415, I3AS060315, I3AS230917, I3CR160717, I3IN040918, I5CO031016, I5GI030714
2 - I7CO170714, I7KI120917, I7MS161015, MOAM081014, MOAM271016, MOAS070517, MOCO060517, MOCR180216, MOKI250718, MOMS211017, PLAS070815
2 - PLIN040316, RAAS140816, RAGI180417, RAGI230217, RAIN100116, RAIN150318, RAIN220416, RAIN250917
2 - RAWA001218, TEAM171214, TEAS150215, TEAS160217, TEIN141017, TEMS100217, TEWA190116
********************************ALTERAR*******************************
OPERACAO REALIZADA COM SUCESSO!
***************************INDICE PRIMÁRIO****************************
010FOAM0905150032FOCO0208150019FOCR0308170013FOEV2001140048FOEV2002160065FOMS2611180068FOWA1604180042GAIN0204180044GAIN1205180029GEAM0004140050##############F************************************
008PLIN0403160046RAAS1408160006RAGI1804170001RAGI2302170028RAIN1001160008RAIN1503180058RAIN2204160056RAIN2509170060##########################################F************************************
007GEAM0501180034GEEV2312180017GEKI1604180033HDCO0010180015I5KI1311140027PLGI1203180007RAKI2006150047########################################################N000006004008003005001007************
010HDEV2405170057HDGI1307150030HDMS2109170069HDWA0004150020I3AS0603150022I3AS2309170043I3CR1607170003I3IN0409180040I5CO0310160062I5GI0307140009##############F************************************
007GEEV2611160072GEGI2001180000GEGI2009180004GEIN0202180039GEIN1905180035GEIN2404160023GEKI1008180053########################################################F************************************
011I7CO1707140021I7KI1209170071I7MS1610150002MOAM0810140064MOAM2710160055MOAS0705170036MOCO0605170012MOCR1802160054MOKI2507180070MOMS2110170014PLAS0708150049F************************************
008GEAM0502160016GEAM0710170025GEAS2710160066GECO1802160026GECO2108150067GECR1402170038GEEV1402180037GEEV1702150045##########################################F************************************
007RAWA0012180063TEAM1712140059TEAS1502150005TEAS1602170031TEIN1410170051TEMS1002170018TEWA1901160011########################################################F************************************
005GEKI2412150010GEMS0904170052GEWA0501170041HDAS1803160024HDAS2112170061####################################################################################F************************************
********************************LISTAR********************************
********************************BUSCAR********************************
Busca por INTEL$GABINETE LATERAL ACRILICO.
Nos percorridos:
ASROCK$I3 - 7100, ASUS$RAM 8GB DDR4, CORSAIR$MOUSE PRETO COM FIO USB, EVGA$GEOFORCE GTX 1050 2BG, GIGABYTE$I5 - 7400, INTEL$GEOFORCE GTX 1060 3GB, INTEL$RAM 4GB DDR4, KINGSTON$I5 - 8400, MSI$TECLADO GAMMER MECANICO
GIGABYTE$PLACA MAE PARA INTEL 1151 MATX, GIGABYTE$RAM 8GB DDR4, GIGABYTE$RAM 8GB DDR4, INTEL$GABINETE LATERAL ACRILICO, INTEL$GABINETE LATERAL ACRILICO, INTEL$GEOFORCE GTX 1050 TI 4GB

GAIN120518
GABINETE LATERAL ACRILICO
INTEL
12/05/12
18
0014.22
HARDWARE PLACA MAE 
********************************BUSCAR********************************
Busca por RAGI180417. Nos percorridos:
GEAM050118, GEEV231218, GEKI160418, HDCO001018, I5KI131114, PLGI120318, RAKI200615
PLIN040316, RAAS140816, RAGI180417, RAGI230217, RAIN100116, RAIN150318, RAIN220416, RAIN250917

RAGI180417
RAM 8GB DDR4
GIGABYTE
18/04/07
17
0112.09
FONTE GABINETE HARDWARE HD MEMORIA RAM MOUSE 
********************************BUSCAR********************************
Busca por TEMS100217. Nos percorridos:
GEAM050118, GEEV231218, GEKI160418, HDCO001018, I5KI131114, PLGI120318, RAKI200615
RAWA001218, TEAM171214, TEAS150215, TEAS160217, TEIN141017, TEMS100217, TEWA190116

TEMS100217
TECLADO GAMMER MECANICO
MSI
10/02/03
17
0036.91
FONTE HARDWARE HD MEMORIA RAM MOUSE PERIFERICO 
***************************INDICE PRIMÁRIO****************************
010FOAM0905150032FOCO0208150019FOCR0308170013FOEV2001140048FOEV2002160065FOMS2611180068FOWA1604180042GAIN0204180044GAIN1205180029GEAM0004140050##############F************************************
008PLIN0403160046RAAS1408160006RAGI1804170001RAGI2302170028RAIN1001160008RAIN1503180058RAIN2204160056RAIN2509170060##########################################F************************************
007GEAM0501180034GEEV2312180017GEKI1604180033HDCO0010180015I5KI1311140027PLGI1203180007RAKI2006150047########################################################N000006004008003005001007************
010HDEV2405170057HDGI1307150030HDMS2109170069HDWA0004150020I3AS0603150022I3AS2309170043I3CR1607170003I3IN0409180040I5CO0310160062I5GI0307140009##############F************************************
007GEEV2611160072GEGI2001180000GEGI2009180004GEIN0202180039GEIN1905180035GEIN2404160023GEKI1008180053########################################################F************************************
011I7CO1707140021I7KI1209170071I7MS1610150002MOAM0810140064MOAM2710160055MOAS0705170036MOCO0605170012MOCR1802160054MOKI2507180070MOMS2110170014PLAS0708150049F************************************
008GEAM0502160016GEAM0710170025GEAS2710160066GECO1802160026GECO2108150067GECR1402170038GEEV1402180037GEEV1702150045##########################################F************************************
007RAWA0012180063TEAM1712140059TEAS1502150005TEAS1602170031TEIN1410170051TEMS1002170018TEWA1901160011########################################################F************************************
006GEKI2412150010GEMS0904170052GEMS1106170073GEWA0501170041HDAS1803160024HDAS2112170061######################################################################F************************************
********************************ALTERAR*******************************
OPERACAO REALIZADA COM SUCESSO!
********************************ALTERAR*******************************
OPERACAO REALIZADA COM SUCESSO!
********************************LISTAR********************************
1 - GEAM050118, GEEV231218, GEKI160418, HDCO001018, I5KI131114, PLGI120318, RAKI200615
2 - FOAM090515, FOCO020815, FOCR030817, FOEV200114, FOEV200216, FOMS261118, FOWA160418, GAIN020418, GAIN120518, GEAM000414
2 - GEAM050216, GEAM071017, GEAS271016, GECO180216, GECO210815, GECR140217, GEEV140218, GEEV170215
2 - GEEV261116, GEGI200118, GEGI200918, GEIN020218, GEIN190518, GEIN240416, GEKI100818
2 - GEKI241215, GEMS090417, GEMS110617, GEWA000716, GEWA050117, HDAS180316, HDAS211217
2 - HDEV240517, HDGI130715, HDMS210917, HDWA000415, I3AS060315, I3AS230917, I3CR160717, I3IN040918, I5CO031016, I5GI030714
2 - I7CO170714, I7KI120917, I7MS161015, MOAM081014, MOAM271016, MOAS070517, MOCO060517, MOCR180216, MOKI250718, MOMS211017, PLAS070815
2 - PLIN040316, RAAS140816, RAGI180417, RAGI230217, RAIN100116, RAIN150318, RAIN220416, RAIN250917
2 - RAWA001218, TEAM171214, TEAS150215, TEAS160217, TEIN141017, TEMS100217, TEWA190116
********************************ARQUIVO*******************************
GEGI200118@GEOFORCE GTX 1060 3GB@GIGABYTE@20/01/09@18@0122.57@070@FONTE|GABINETE|HARDWARE|HD|MEMORIA RAM@#######################################################################################RAGI180417@RAM 8GB DDR4@GIGABYTE@18/04/07@17@0249.11@055@FONTE|GABINETE|HARDWARE|HD|MEMORIA RAM|MOUSE@##########################################################################################I7MS161015@I7 - 8700@MSI@16/10/06@15@0181.13@010@FONTE|HARDWARE|HD|PLACA DE VIDEO@##############################################################################################################I3CR160717@I3 - 7100@CRUCIAL@16/07/17@17@0133.21@074@FONTE|GABINETE|HARDWARE|HD|MEMORIA RAM|MOUSE@##############################################################################################GEGI200918@GEOFORCE GTX 1060 3GB@GIGABYTE@20/09/15@18@0053.17@006@FONTE|GABINETE|HARDWARE|HD|MEMORIA RAM|MOUSE@#################################################################################TEAS150215@TECLADO GAMMER SEMI MECANICO@ASUS@15/02/03@15@0086.37@017@FONTE|HD|MOUSE|PERIFERICO|PLACA MAE|PROCESSADOR@###########################################################################RAAS140816@RAM 8GB DDR4@ASUS@14/08/16@16@0194.03@048@GABINETE|HARDWARE|HD|MEMORIA RAM|MOUSE@####################################################################################################PLGI120318@PLACA MAE PARA INTEL 1151 MATX@GIGABYTE@12/03/16@18@0023.87@098@FONTE|HARDWARE|HD|MOUSE|PERIFERICO@##################################################################################RAIN100116@RAM 8GB DDR4@INTEL@10/01/14@16@0102.45@019@GABINETE|HARDWARE|MOUSE@##################################################################################################################I5GI030714@I5 - 7400@GIGABYTE@03/07/17@14@0151.61@083@FONTE|GABINETE|HARDWARE|HD|MEMORIA RAM|MOUSE@#############################################################################################GEKI241215@GEOFORCE GTX 1050 2BG@KINGSTON@24/12/05@15@0176.48@040@MOUSE|PLACA DE VIDEO|PLACA MAE@###############################################################################################TEWA190116@TECLADO GAMMER MECANICO@WARRIOR@19/01/03@16@0215.01@043@FONTE|MEMORIA RAM@###########################################################################################################MOCO060517@MOUSE PRETO COM FIO USB@CORSAIR@06/05/10@17@0041.29@027@MOUSE@#######################################################################################################################FOCR030817@FONTE 500W@CRUCIAL@03/08/06@17@0104.76@023@FONTE|GABINETE|HARDWARE|MEMORIA RAM|MOUSE@################################################################################################MOMS211017@MOUSE BRANCO COM FIO USB@MSI@21/10/07@17@0160.13@046@GABINETE@#######################################################################################################################HDCO001018@HD 500GB@CORSAIR@00/10/12@18@0168.91@071@GABINETE|HD|MEMORIA RAM|MOUSE@##############################################################################################################GEAM050216@GEOFORCE GTX 1060 3GB@AMD@05/02/12@16@0008.37@016@FONTE|GABINETE|HARDWARE|HD|MEMORIA RAM|MOUSE@######################################################################################GEEV231218@GEOFORCE GTX 1060 3GB@EVGA@23/12/01@18@0083.02@035@FONTE|HD|MOUSE@###################################################################################################################TEMS100217@TECLADO GAMMER MECANICO@MSI@10/02/03@17@0037.29@001@FONTE|HARDWARE|HD|MEMORIA RAM|MOUSE|PERIFERICO@##################################################################################FOCO020815@FONTE 500W@CORSAIR@02/08/15@15@0053.01@078@FONTE|GABINETE|HARDWARE|HD|MEMORIA RAM|MOUSE@#############################################################################################HDWA000415@HD 500GB@WARRIOR@00/04/13@15@0205.12@000@FONTE|GABINETE|HARDWARE|HD|MEMORIA RAM|MOUSE@###############################################################################################I7CO170714@I7 - 8700@CORSAIR@17/07/13@14@0214.99@046@GABINETE|MOUSE|PERIFERICO|PLACA DE VIDEO@##################################################################################################I3AS060315@I3 - 7100@ASROCK@06/03/01@15@0033.27@077@FONTE|HARDWARE|HD|MEMORIA RAM|MOUSE|PERIFERICO@#############################################################################################GEIN240416@GEOFORCE GTX 1060 3GB@INTEL@24/04/12@16@0180.13@026@GABINETE|HARDWARE|HD|MEMORIA RAM|MOUSE@##########################################################################################HDAS180316@HD 500GB@ASUS@18/03/13@16@0026.97@080@FONTE|GABINETE|HARDWARE|HD|MEMORIA RAM@########################################################################################################GEAM071017@GEOFORCE GTX 1070@AMD@07/10/05@17@0001.51@087@FONTE|GABINETE|HD|MEMORIA RAM|MOUSE|PERIFERICO@########################################################################################GECO180216@GEOFORCE GTX 1060 3GB@CORSAIR@18/02/13@16@0013.97@044@GABINETE|HD|MEMORIA RAM|MOUSE|PERIFERICO@######################################################################################I5KI131114@I5 - 8400@KINGSTON@13/11/01@14@0206.45@025@FONTE|GABINETE|HARDWARE|HD|MEMORIA RAM@###################################################################################################RAGI230217@RAM 8GB DDR4@GIGABYTE@23/02/04@17@0062.08@099@GABINETE|HARDWARE|MEMORIA RAM|MOUSE|PLACA MAE@#########################################################################################GAIN120518@GABINETE LATERAL ACRILICO@INTEL@12/05/12@18@0142.29@090@HARDWARE|PLACA MAE@##########################################################################################################HDGI130715@HD 1TB SATA@GIGABYTE@13/07/05@15@0059.87@066@PLACA MAE@##############################################################################################################################TEAS160217@TECLADO GAMMER SEMI MECANICO@ASROCK@16/02/00@17@0015.62@027@FONTE|GABINETE|HARDWARE|HD|MEMORIA RAM|MOUSE@############################################################################FOAM090515@FONTE 450W@AMD@09/05/09@15@0244.57@022@GABINETE|HARDWARE|HD|MEMORIA RAM|PERIFERICO@##################################################################################################GEKI160418@GEOFORCE GTX 1060 3GB@KINGSTON@16/04/17@18@0068.73@048@GABINETE@#####################################################################################################################GEAM050118@GEOFORCE GTX 1070 TI@AMD@05/01/10@18@0101.96@099@HARDWARE@###########################################################################################################################GEIN190518@GEOFORCE GTX 1050 TI 4GB@INTEL@19/05/06@18@0230.51@007@HARDWARE@#####################################################################################################################MOAS070517@MOUSE PRETO COM FIO USB@ASUS@07/05/00@17@0198.28@076@HARDWARE|MEMORIA RAM|MOUSE|PERIFERICO@##########################################################################################GEEV140218@GEOFORCE GTX 1080 TI@EVGA@14/02/02@18@0207.63@001@FONTE|HARDWARE|MEMORIA RAM|MOUSE@##################################################################################################GECR140217@GEOFORCE GTX 1080 TI@CRUCIAL@14/02/17@17@0073.83@011@FONTE|HARDWARE|HD@##############################################################################################################GEIN020218@GEOFORCE GTX 1070 TI@INTEL@02/02/12@18@0206.03@065@FONTE|GABINETE|HD|MEMORIA RAM|MOUSE|PERIFERICO@###################################################################################I3IN040918@I3 - 8100@INTEL@04/09/14@18@0222.58@038@HARDWARE|MEMORIA RAM|MOUSE|PERIFERICO@#######################################################################################################GEWA050117@GEOFORCE GTX 1050 TI 4GB@WARRIOR@05/01/15@17@0154.71@013@FONTE|GABINETE|MEMORIA RAM|MOUSE|PERIFERICO@################################################################################FOWA160418@FONTE 500W@WARRIOR@16/04/00@18@0129.16@045@GABINETE|MEMORIA RAM|MOUSE|PLACA MAE@#####################################################################################################I3AS230917@I3 - 8100@ASROCK@23/09/12@17@0051.54@044@HD|MOUSE|PROCESSADOR@#######################################################################################################################GAIN020418@GABINETE LATERAL ACRILICO@INTEL@02/04/06@18@0215.19@075@GABINETE|HD|PLACA DE VIDEO|PLACA MAE@########################################################################################GEEV170215@GEOFORCE GTX 1050 2BG@EVGA@17/02/18@15@0017.42@077@FONTE|GABINETE|HARDWARE|HD|MEMORIA RAM|MOUSE@#####################################################################################PLIN040316@PLACA MAE PARA INTEL 1151 MATX@INTEL@04/03/12@16@0075.76@076@GABINETE|HARDWARE|HD@###################################################################################################RAKI200615@RAM 4GB DDR4@KINGSTON@20/06/14@15@0046.28@050@GABINETE|HARDWARE|HD|PERIFERICO|PLACA DE VIDEO@########################################################################################FOEV200114@FONTE 450W@EVGA@20/01/06@14@0179.97@089@FONTE@#######################################################################################################################################PLAS070815@PLACA MAE PARA AMD AMD3@ASUS@07/08/12@15@0103.75@098@MEMORIA RAM|PERIFERICO|PLACA DE VIDEO@##########################################################################################GEAM000414@GEOFORCE GTX 1070 TI@AMD@00/04/11@14@0100.28@070@FONTE|PERIFERICO@###################################################################################################################TEIN141017@TECLADO USB COM FIO@INTEL@14/10/04@17@0181.37@021@MOUSE|PERIFERICO|PLACA DE VIDEO@###################################################################################################GEMS090417@GEOFORCE GTX 1050 2BG@MSI@09/04/01@17@0036.67@034@FONTE|GABINETE|HD|MOUSE|PERIFERICO@################################################################################################GEKI100818@GEOFORCE GTX 1060 6GB@KINGSTON@10/08/05@18@0070.41@080@HD|MOUSE@#####################################################################################################################MOCR180216@MOUSE PRETO COM FIO USB@CRUCIAL@18/02/15@16@0202.86@076@HD|MEMORIA RAM|PERIFERICO@###################################################################################################MOAM271016@MOUSE BRANCO USB SEM FIO@AMD@27/10/10@16@0112.30@056@PERIFERICO|PROCESSADOR@#########################################################################################################RAIN220416@RAM 4GB DDR4@INTEL@22/04/08@16@0000.50@072@GABINETE|HARDWARE|MEMORIA RAM|MOUSE@######################################################################################################HDEV240517@HD 1TB SATA@EVGA@24/05/02@17@0106.40@049@HARDWARE|HD@################################################################################################################################RAIN150318@RAM 4GB DDR4@INTEL@15/03/09@18@0229.29@018@FONTE|PLACA DE VIDEO|PLACA MAE@###########################################################################################################TEAM171214@TECLADO GAMMER SEMI MECANICO@AMD@17/12/16@14@0087.74@063@GABINETE|HARDWARE|MEMORIA RAM|MOUSE@########################################################################################RAIN250917@RAM 4GB DDR4@INTEL@25/09/11@17@0000.25@094@FONTE|GABINETE|HARDWARE|HD|MEMORIA RAM|MOUSE@#############################################################################################HDAS211217@HD 1TB SATA@ASROCK@21/12/08@17@0105.78@099@FONTE|GABINETE|HARDWARE|MEMORIA RAM|PERIFERICO@###########################################################################################I5CO031016@I5 - 8400@CORSAIR@03/10/15@16@0001.85@001@HARDWARE|MOUSE|PERIFERICO|PLACA MAE@#######################################################################################################RAWA001218@RAM 4GB DDR4@WARRIOR@00/12/12@18@0180.80@089@FONTE|GABINETE|HARDWARE|HD|MEMORIA RAM|MOUSE@###########################################################################################MOAM081014@MOUSE PRETO USB SEM FIO@AMD@08/10/14@14@0181.57@058@PLACA DE VIDEO@##################################################################################################################FOEV200216@FONTE 600W@EVGA@20/02/16@16@0236.30@088@GABINETE@####################################################################################################################################GEAS271016@GEOFORCE GTX 1070@ASROCK@27/10/16@16@0062.34@090@FONTE|GABINETE|HARDWARE|HD|MEMORIA RAM|MOUSE@#######################################################################################GECO210815@GEOFORCE GTX 1070 TI@CORSAIR@21/08/09@15@0036.73@012@FONTE|GABINETE|HARDWARE|HD|MEMORIA RAM|MOUSE@###################################################################################FOMS261118@FONTE 450W@MSI@26/11/13@18@0100.37@012@FONTE|GABINETE|HARDWARE|HD|MEMORIA RAM|MOUSE@#################################################################################################HDMS210917@HD 1TB SATA@MSI@21/09/16@17@0188.80@066@FONTE|GABINETE|HD|MEMORIA RAM|MOUSE|PERIFERICO@##############################################################################################MOKI250718@MOUSE PRETO COM FIO USB@KINGSTON@25/07/12@18@0064.40@051@HARDWARE|MEMORIA RAM|PLACA MAE@#############################################################################################I7KI120917@I7 - 7700@KINGSTON@12/09/05@17@0142.94@035@GABINETE|HARDWARE|HD|MEMORIA RAM|MOUSE@###################################################################################################GEEV261116@GEOFORCE GTX 1050 2BG@EVGA@26/11/07@16@0122.30@018@FONTE|GABINETE|HARDWARE|HD|MEMORIA RAM|MOUSE@#####################################################################################GEMS110617@GEOFORCE GTX 1050 2BG@MSI@11/06/17@17@0053.45@022@HD|MOUSE|PLACA MAE@################################################################################################################GEWA000716@GEOFORCE GTX 1050 TI 4GB@WARRIOR@00/07/04@16@0183.01@050@FONTE|GABINETE|HARDWARE|HD|MEMORIA RAM|MOUSE@###############################################################################
********************************ALTERAR*******************************
Registro(s) nao encontrado!
FALHA AO REALIZAR OPERACAO!
********************************ALTERAR*******************************
Registro(s) nao encontrado!
FALHA AO REALIZAR OPERACAO!
********************************ALTERAR*******************************
OPERACAO REALIZADA COM SUCESSO!
********************************LISTAR********************************
1 - GEAM050118, GEEV231218, GEKI160418, HDCO001018, I5KI131114, MOCO060517, PLGI120318, RAKI200615
2 - FOAM090515, FOCO020815, FOCR030817, FOEV200114, FOEV200216, FOMS261118, FOWA160418, GAIN020418, GAIN120518, GEAM000414
2 - GEAM050216, GEAM071017, GEAS271016, GECO180216, GECO210815, GECR140217, GEEV140218, GEEV170215
2 - GEEV261116, GEGI200118, GEGI200918, GEIN020218, GEIN190518, GEIN240416, GEKI100818
2 - GEKI241215, GEMS090417, GEMS110617, GEWA000716, GEWA050117, HDAS180316, HDAS211217
2 - HDEV240517, HDGI130715, HDMS210917, HDWA000415, I3AS060315, I3AS230917, I3CR160717, I3IN040918, I5CO031016, I5GI030714
2 - I7CO170714, I7KI120917, I7MS161015, MOAM081014, MOAM271016, MOAS070517
2 - MOCR180216, MOGI240117, MOKI250718, MOMS211017, PLAS070815
2 - PLIN040316, RAAS140816, RAGI180417, RAGI230217, RAIN100116, RAIN150318, RAIN220416, RAIN250917
2 - RAWA001218, TEAM171214, TEAS150215, TEAS160217, TEIN141017, TEMS100217, TEWA190116
***************************INDICE SECUNDÁRIO**************************
010FOAM090515AMD$FONTE 450W#######################################################################################GEAM050216AMD$GEOFORCE GTX 1060 3GB############################################################################GEAM071017AMD$GEOFORCE GTX 1070################################################################################GEAM050118AMD$GEOFORCE GTX 1070 TI#############################################################################GEAM000414AMD$GEOFORCE GTX 1070 TI#############################################################################MOAM271016AMD$MOUSE BRANCO USB SEM FIO#########################################################################MOAM081014AMD$MOUSE PRETO USB SEM FIO##########################################################################TEAM171214AMD$TECLADO GAMMER SEMI MECANICO#####################################################################GEAS271016ASROCK$GEOFORCE GTX 1070#############################################################################HDAS211217ASROCK$HD 1TB SATA###################################################################################F*********************************
007MOGI240117GIGABYTE$MOUSE BRANCO USB SEM FIO####################################################################PLGI120318GIGABYTE$PLACA MAE PARA INTEL 1151 MATX##############################################################RAGI180417GIGABYTE$RAM 8GB DDR4################################################################################RAGI230217GIGABYTE$RAM 8GB DDR4################################################################################GAIN120518INTEL$GABINETE LATERAL ACRILICO######################################################################GAIN020418INTEL$GABINETE LATERAL ACRILICO######################################################################GEIN190518INTEL$GEOFORCE GTX 1050 TI 4GB####################################################################################################################################################################################################################################################################################################################################################################################################################F*********************************
009I3AS060315ASROCK$I3 - 7100#####################################################################################RAAS140816ASUS$RAM 8GB DDR4####################################################################################MOCO060517CORSAIR$MOUSE PRETO COM FIO USB######################################################################GEEV170215EVGA$GEOFORCE GTX 1050 2BG###########################################################################I5GI030714GIGABYTE$I5 - 7400###################################################################################GEIN240416INTEL$GEOFORCE GTX 1060 3GB##########################################################################RAIN250917INTEL$RAM 4GB DDR4###################################################################################I5KI131114KINGSTON$I5 - 8400###################################################################################TEMS100217MSI$TECLADO GAMMER MECANICO#########################################################################################################################################################################################N000007005003008001006009004010***
006FOCR030817CRUCIAL$FONTE 500W###################################################################################GECR140217CRUCIAL$GEOFORCE GTX 1080 TI#########################################################################I3CR160717CRUCIAL$I3 - 7100####################################################################################MOCR180216CRUCIAL$MOUSE PRETO COM FIO USB######################################################################FOEV200114EVGA$FONTE 450W######################################################################################FOEV200216EVGA$FONTE 600W##################################################################################################################################################################################################################################################################################################################################################################################################################################################################################################################################################F*********************************
009I7KI120917KINGSTON$I7 - 7700###################################################################################MOKI250718KINGSTON$MOUSE PRETO COM FIO USB#####################################################################RAKI200615KINGSTON$RAM 4GB DDR4################################################################################FOMS261118MSI$FONTE 450W#######################################################################################GEMS090417MSI$GEOFORCE GTX 1050 2BG############################################################################GEMS110617MSI$GEOFORCE GTX 1050 2BG############################################################################HDMS210917MSI$HD 1TB SATA######################################################################################I7MS161015MSI$I7 - 8700########################################################################################MOMS211017MSI$MOUSE BRANCO COM FIO USB########################################################################################################################################################################################F*********************************
007TEAS150215ASUS$TECLADO GAMMER SEMI MECANICO####################################################################FOCO020815CORSAIR$FONTE 500W###################################################################################GECO180216CORSAIR$GEOFORCE GTX 1060 3GB########################################################################GECO210815CORSAIR$GEOFORCE GTX 1070 TI#########################################################################HDCO001018CORSAIR$HD 500GB#####################################################################################I5CO031016CORSAIR$I5 - 8400####################################################################################I7CO170714CORSAIR$I7 - 8700#################################################################################################################################################################################################################################################################################################################################################################################################################################F*********************************
005GEIN020218INTEL$GEOFORCE GTX 1070 TI###########################################################################I3IN040918INTEL$I3 - 8100######################################################################################PLIN040316INTEL$PLACA MAE PARA INTEL 1151 MATX#################################################################RAIN220416INTEL$RAM 4GB DDR4###################################################################################RAIN150318INTEL$RAM 4GB DDR4##############################################################################################################################################################################################################################################################################################################################################################################################################################################################################################################################################################################################################################################################F*********************************
005I3AS230917ASROCK$I3 - 8100#####################################################################################TEAS160217ASROCK$TECLADO GAMMER SEMI MECANICO##################################################################HDAS180316ASUS$HD 500GB########################################################################################MOAS070517ASUS$MOUSE PRETO COM FIO USB#########################################################################PLAS070815ASUS$PLACA MAE PARA AMD AMD3####################################################################################################################################################################################################################################################################################################################################################################################################################################################################################################################################################################################################################################################F*********************************
007GEEV261116EVGA$GEOFORCE GTX 1050 2BG###########################################################################GEEV231218EVGA$GEOFORCE GTX 1060 3GB###########################################################################GEEV140218EVGA$GEOFORCE GTX 1080 TI############################################################################HDEV240517EVGA$HD 1TB SATA#####################################################################################GEGI200118GIGABYTE$GEOFORCE GTX 1060 3GB#######################################################################GEGI200918GIGABYTE$GEOFORCE GTX 1060 3GB#######################################################################HDGI130715GIGABYTE$HD 1TB SATA##############################################################################################################################################################################################################################################################################################################################################################################################################################F*********************************
005RAIN100116INTEL$RAM 8GB DDR4###################################################################################TEIN141017INTEL$TECLADO USB COM FIO############################################################################GEKI241215KINGSTON$GEOFORCE GTX 1050 2BG#######################################################################GEKI160418KINGSTON$GEOFORCE GTX 1060 3GB#######################################################################GEKI100818KINGSTON$GEOFORCE GTX 1060 6GB##################################################################################################################################################################################################################################################################################################################################################################################################################################################################################################################################################################################################################################################F*********************************
006FOWA160418WARRIOR$FONTE 500W###################################################################################GEWA050117WARRIOR$GEOFORCE GTX 1050 TI 4GB#####################################################################GEWA000716WARRIOR$GEOFORCE GTX 1050 TI 4GB#####################################################################HDWA000415WARRIOR$HD 500GB#####################################################################################RAWA001218WARRIOR$RAM 4GB DDR4#################################################################################TEWA190116WARRIOR$TECLADO GAMMER MECANICO##################################################################################################################################################################################################################################################################################################################################################################################################################################################################################################################################F*********************************
********************************LISTAR********************************
AMD----------------------------------------------- FONTE 450W----------------------------------------
AMD----------------------------------------------- GEOFORCE GTX 1060 3GB-----------------------------
AMD----------------------------------------------- GEOFORCE GTX 1070---------------------------------
AMD----------------------------------------------- GEOFORCE GTX 1070 TI------------------------------
AMD----------------------------------------------- GEOFORCE GTX 1070 TI------------------------------
AMD----------------------------------------------- MOUSE BRANCO USB SEM FIO--------------------------
AMD----------------------------------------------- MOUSE PRETO USB SEM FIO---------------------------
AMD----------------------------------------------- TECLADO GAMMER SEMI MECANICO----------------------
ASROCK-------------------------------------------- GEOFORCE GTX 1070---------------------------------
ASROCK-------------------------------------------- HD 1TB SATA---------------------------------------
ASROCK-------------------------------------------- I3 - 7100-----------------------------------------
ASROCK-------------------------------------------- I3 - 8100-----------------------------------------
ASROCK-------------------------------------------- TECLADO GAMMER SEMI MECANICO----------------------
ASUS---------------------------------------------- HD 500GB------------------------------------------
ASUS---------------------------------------------- MOUSE PRETO COM FIO USB---------------------------
ASUS---------------------------------------------- PLACA MAE PARA AMD AMD3---------------------------
ASUS---------------------------------------------- RAM 8GB DDR4--------------------------------------
ASUS---------------------------------------------- TECLADO GAMMER SEMI MECANICO----------------------
CORSAIR------------------------------------------- FONTE 500W----------------------------------------
CORSAIR------------------------------------------- GEOFORCE GTX 1060 3GB-----------------------------
CORSAIR------------------------------------------- GEOFORCE GTX 1070 TI------------------------------
CORSAIR------------------------------------------- HD 500GB------------------------------------------
CORSAIR------------------------------------------- I5 - 8400-----------------------------------------
CORSAIR------------------------------------------- I7 - 8700-----------------------------------------
CORSAIR------------------------------------------- MOUSE PRETO COM FIO USB---------------------------
CRUCIAL------------------------------------------- FONTE 500W----------------------------------------
CRUCIAL------------------------------------------- GEOFORCE GTX 1080 TI------------------------------
CRUCIAL------------------------------------------- I3 - 7100-----------------------------------------
CRUCIAL------------------------------------------- MOUSE PRETO COM FIO USB---------------------------
EVGA---------------------------------------------- FONTE 450W----------------------------------------
EVGA---------------------------------------------- FONTE 600W----------------------------------------
EVGA---------------------------------------------- GEOFORCE GTX 1050 2BG-----------------------------
EVGA---------------------------------------------- GEOFORCE GTX 1050 2BG-----------------------------
EVGA---------------------------------------------- GEOFORCE GTX 1060 3GB-----------------------------
EVGA---------------------------------------------- GEOFORCE GTX 1080 TI------------------------------
EVGA---------------------------------------------- HD 1TB SATA---------------------------------------
GIGABYTE------------------------------------------ GEOFORCE GTX 1060 3GB-----------------------------
GIGABYTE------------------------------------------ GEOFORCE GTX 1060 3GB-----------------------------
GIGABYTE------------------------------------------ HD 1TB SATA---------------------------------------
GIGABYTE------------------------------------------ I5 - 7400-----------------------------------------
GIGABYTE------------------------------------------ MOUSE BRANCO USB SEM FIO--------------------------
GIGABYTE------------------------------------------ PLACA MAE PARA INTEL 1151 MATX--------------------
GIGABYTE------------------------------------------ RAM 8GB DDR4--------------------------------------
GIGABYTE------------------------------------------ RAM 8GB DDR4--------------------------------------
INTEL--------------------------------------------- GABINETE LATERAL ACRILICO-------------------------
INTEL--------------------------------------------- GABINETE LATERAL ACRILICO-------------------------
INTEL--------------------------------------------- GEOFORCE GTX 1050 TI 4GB--------------------------
INTEL--------------------------------------------- GEOFORCE GTX 1060 3GB-----------------------------
INTEL--------------------------------------------- GEOFORCE GTX 1070 TI------------------------------
INTEL--------------------------------------------- I3 - 8100-----------------------------------------
INTEL--------------------------------------------- PLACA MAE PARA INTEL 1151 MATX--------------------
INTEL--------------------------------------------- RAM 4GB DDR4--------------------------------------
INTEL--------------------------------------------- RAM 4GB DDR4--------------------------------------
INTEL--------------------------------------------- RAM 4GB DDR4--------------------------------------
INTEL--------------------------------------------- RAM 8GB DDR4--------------------------------------
INTEL--------------------------------------------- TECLADO USB COM FIO-------------------------------
KINGSTON------------------------------------------ GEOFORCE GTX 1050 2BG-----------------------------
KINGSTON------------------------------------------ GEOFORCE GTX 1060 3GB-----------------------------
KINGSTON------------------------------------------ GEOFORCE GTX 1060 6GB-----------------------------
KINGSTON------------------------------------------ I5 - 8400-----------------------------------------
KINGSTON------------------------------------------ I7 - 7700-----------------------------------------
KINGSTON------------------------------------------ MOUSE PRETO COM FIO USB---------------------------
KINGSTON------------------------------------------ RAM 4GB DDR4--------------------------------------
MSI----------------------------------------------- FONTE 450W----------------------------------------
MSI----------------------------------------------- GEOFORCE GTX 1050 2BG-----------------------------
MSI----------------------------------------------- GEOFORCE GTX 1050 2BG-----------------------------
MSI----------------------------------------------- HD 1TB SATA---------------------------------------
MSI----------------------------------------------- I7 - 8700-----------------------------------------
MSI----------------------------------------------- MOUSE BRANCO COM FIO USB--------------------------
MSI----------------------------------------------- TECLADO GAMMER MECANICO---------------------------
WARRIOR------------------------------------------- FONTE 500W----------------------------------------
WARRIOR------------------------------------------- GEOFORCE GTX 1050 TI 4GB--------------------------
WARRIOR------------------------------------------- GEOFORCE GTX 1050 TI 4GB--------------------------
WARRIOR------------------------------------------- HD 500GB------------------------------------------
WARRIOR------------------------------------------- RAM 4GB DDR4--------------------------------------
WARRIOR------------------------------------------- TECLADO GAMMER MECANICO---------------------------
********************************ALTERAR*******************************
OPERACAO REALIZADA COM SUCESSO!
********************************BUSCAR********************************
Busca por HDWA000415. Nos percorridos:
GEAM050118, GEEV231218, GEKI160418, HDCO001018, I5KI131114, MOCO060517, PLGI120318, RAKI200615
HDEV240517, HDGI130715, HDMS210917, HDWA000415, I3AS060315, I3AS230917, I3CR160717, I3IN040918, I5CO031016, I5GI030714

HDWA000415
HD 500GB
WARRIOR
00/04/13
15
0205.12
FONTE GABINETE HARDWARE HD MEMORIA RAM MOUSE 
********************************ALTERAR*******************************
Registro(s) nao encontrado!
FALHA AO REALIZAR OPERACAO!
********************************BUSCAR********************************
Busca por vrivlr
. Nos percorridos:
GEAM050118, GEEV231218, GEKI160418, HDCO001018, I5KI131114, MOCO060517, PLGI120318, RAKI200615
RAWA001218, TEAM171214, TEAS150215, TEAS160217, TEAS200717, TEIN141017, TEMS100217, TEWA190116

Registro(s) nao encontrado!
********************************LISTAR********************************
1 - GEAM050118, GEEV231218, GEKI160418, HDCO001018, I5KI131114, MOCO060517, PLGI120318, RAKI200615
2 - FOAM090515, FOCO020815, FOCR030817, FOEV200114, FOEV200216, FOMS261118, FOWA160418, GAIN020418, GAIN120518, GEAM000414
2 - GEAM050216, GEAM071017, GEAS271016, GECO180216, GECO210815, GECR140217, GEEV140218, GEEV170215
2 - GEEV261116, GEGI200118, GEGI200918, GEIN020218, GEIN190518, GEIN240416, GEKI100818
2 - GEKI241215, GEMS090417, GEMS110617, GEWA000716, GEWA050117, HDAS180316, HDAS211217
2 - HDEV240517, HDGI130715, HDMS210917, HDWA000415, I3AS060315, I3AS230917, I3CR160717, I3IN040918, I5CO031016, I5GI030714
2 - I7CO170714, I7KI120917, I7MS161015, MOAM081014, MOAM271016, MOAS070517
2 - MOCR180216, MOGI240117, MOKI250718, MOMS211017, PLAS070815
2 - PLIN040316, RAAS140816, RAGI180417, RAGI230217, RAIN100116, RAIN150318, RAIN220416, RAIN250917
2 - RAWA001218, TEAM171214, TEAS150215, TEAS160217, TEAS200717, TEIN141017, TEMS100217, TEWA190116
********************************LISTAR********************************
********************************LISTAR********************************
1 - GEAM050118, GEEV231218, GEKI160418, HDCO001018, I5KI131114, MOCO060517, PLGI120318, RAKI200615
2 - FOAM090515, FOCO020815, FOCR030817, FOEV200114, FOEV200216, FOMS261118, FOWA160418, GAIN020418, GAIN120518, GEAM000414
2 - GEAM050216, GEAM071017, GEAS271016, GECO180216, GECO210815, GECR140217, GEEV140218, GEEV170215
2 - GEEV261116, GEGI200118, GEGI200918, GEIN020218, GEIN190518, GEIN240416, GEKI100818
2 - GEKI241215, GEMS090417, GEMS110617, GEWA000716, GEWA050117, HDAS180316, HDAS211217
2 - HDEV240517, HDGI130715, HDMS210917, HDWA000415, I3AS060315, I3AS230917, I3CR160717, I3IN040918, I5CO031016, I5GI030714
2 - I7CO170714, I7KI120917, I7MS161015, MOAM081014, MOAM271016, MOAS070517
2 - MOCR180216, MOGI240117, MOKI250718, MOMS211017, PLAS070815
2 - PLIN040316, RAAS140816, RAGI180417, RAGI230217, RAIN100116, RAIN150318, RAIN220416, RAIN250917
2 - RAWA001218, TEAM171214, TEAS150215, TEAS160217, TEAS200717, TEIN141017, TEMS100217, TEWA190116
********************************BUSCAR********************************
********************************ARQUIVO*******************************
GEGI200118@GEOFORCE GTX 1060 3GB@GIGABYTE@20/01/09@18@0122.57@088@FONTE|GABINETE|HARDWARE|HD|MEMORIA RAM@#######################################################################################RAGI180417@RAM 8GB DDR4@GIGABYTE@18/04/07@17@0249.11@055@FONTE|GABINETE|HARDWARE|HD|MEMORIA RAM|MOUSE@##########################################################################################I7MS161015@I7 - 8700@MSI@16/10/06@15@0181.13@010@FONTE|HARDWARE|HD|PLACA DE VIDEO@##############################################################################################################I3CR160717@I3 - 7100@CRUCIAL@16/07/17@17@0133.21@074@FONTE|GABINETE|HARDWARE|HD|MEMORIA RAM|MOUSE@##############################################################################################GEGI200918@GEOFORCE GTX 1060 3GB@GIGABYTE@20/09/15@18@0053.17@006@FONTE|GABINETE|HARDWARE|HD|MEMORIA RAM|MOUSE@#################################################################################TEAS150215@TECLADO GAMMER SEMI MECANICO@ASUS@15/02/03@15@0086.37@017@FONTE|HD|MOUSE|PERIFERICO|PLACA MAE|PROCESSADOR@###########################################################################RAAS140816@RAM 8GB DDR4@ASUS@14/08/16@16@0194.03@048@GABINETE|HARDWARE|HD|MEMORIA RAM|MOUSE@####################################################################################################PLGI120318@PLACA MAE PARA INTEL 1151 MATX@GIGABYTE@12/03/16@18@0023.87@098@FONTE|HARDWARE|HD|MOUSE|PERIFERICO@##################################################################################RAIN100116@RAM 8GB DDR4@INTEL@10/01/14@16@0102.45@019@GABINETE|HARDWARE|MOUSE@##################################################################################################################I5GI030714@I5 - 7400@GIGABYTE@03/07/17@14@0151.61@083@FONTE|GABINETE|HARDWARE|HD|MEMORIA RAM|MOUSE@#############################################################################################GEKI241215@GEOFORCE GTX 1050 2BG@KINGSTON@24/12/05@15@0176.48@040@MOUSE|PLACA DE VIDEO|PLACA MAE@###############################################################################################TEWA190116@TECLADO GAMMER MECANICO@WARRIOR@19/01/03@16@0215.01@043@FONTE|MEMORIA RAM@###########################################################################################################MOCO060517@MOUSE PRETO COM FIO USB@CORSAIR@06/05/10@17@0041.29@027@MOUSE@#######################################################################################################################FOCR030817@FONTE 500W@CRUCIAL@03/08/06@17@0104.76@023@FONTE|GABINETE|HARDWARE|MEMORIA RAM|MOUSE@################################################################################################MOMS211017@MOUSE BRANCO COM FIO USB@MSI@21/10/07@17@0160.13@046@GABINETE@#######################################################################################################################HDCO001018@HD 500GB@CORSAIR@00/10/12@18@0168.91@071@GABINETE|HD|MEMORIA RAM|MOUSE@##############################################################################################################GEAM050216@GEOFORCE GTX 1060 3GB@AMD@05/02/12@16@0008.37@016@FONTE|GABINETE|HARDWARE|HD|MEMORIA RAM|MOUSE@######################################################################################GEEV231218@GEOFORCE GTX 1060 3GB@EVGA@23/12/01@18@0083.02@035@FONTE|HD|MOUSE@###################################################################################################################TEMS100217@TECLADO GAMMER MECANICO@MSI@10/02/03@17@0037.29@001@FONTE|HARDWARE|HD|MEMORIA RAM|MOUSE|PERIFERICO@##################################################################################FOCO020815@FONTE 500W@CORSAIR@02/08/15@15@0053.01@078@FONTE|GABINETE|HARDWARE|HD|MEMORIA RAM|MOUSE@#############################################################################################HDWA000415@HD 500GB@WARRIOR@00/04/13@15@0205.12@000@FONTE|GABINETE|HARDWARE|HD|MEMORIA RAM|MOUSE@###############################################################################################I7CO170714@I7 - 8700@CORSAIR@17/07/13@14@0214.99@046@GABINETE|MOUSE|PERIFERICO|PLACA DE VIDEO@##################################################################################################I3AS060315@I3 - 7100@ASROCK@06/03/01@15@0033.27@077@FONTE|HARDWARE|HD|MEMORIA RAM|MOUSE|PERIFERICO@#############################################################################################GEIN240416@GEOFORCE GTX 1060 3GB@INTEL@24/04/12@16@0180.13@026@GABINETE|HARDWARE|HD|MEMORIA RAM|MOUSE@##########################################################################################HDAS180316@HD 500GB@ASUS@18/03/13@16@0026.97@080@FONTE|GABINETE|HARDWARE|HD|MEMORIA RAM@########################################################################################################GEAM071017@GEOFORCE GTX 1070@AMD@07/10/05@17@0001.51@087@FONTE|GABINETE|HD|MEMORIA RAM|MOUSE|PERIFERICO@########################################################################################GECO180216@GEOFORCE GTX 1060 3GB@CORSAIR@18/02/13@16@0013.97@044@GABINETE|HD|MEMORIA RAM|MOUSE|PERIFERICO@######################################################################################I5KI131114@I5 - 8400@KINGSTON@13/11/01@14@0206.45@025@FONTE|GABINETE|HARDWARE|HD|MEMORIA RAM@###################################################################################################RAGI230217@RAM 8GB DDR4@GIGABYTE@23/02/04@17@0062.08@099@GABINETE|HARDWARE|MEMORIA RAM|MOUSE|PLACA MAE@#########################################################################################GAIN120518@GABINETE LATERAL ACRILICO@INTEL@12/05/12@18@0142.29@090@HARDWARE|PLACA MAE@##########################################################################################################HDGI130715@HD 1TB SATA@GIGABYTE@13/07/05@15@0059.87@066@PLACA MAE@##############################################################################################################################TEAS160217@TECLADO GAMMER SEMI MECANICO@ASROCK@16/02/00@17@0015.62@027@FONTE|GABINETE|HARDWARE|HD|MEMORIA RAM|MOUSE@############################################################################FOAM090515@FONTE 450W@AMD@09/05/09@15@0244.57@022@GABINETE|HARDWARE|HD|MEMORIA RAM|PERIFERICO@##################################################################################################GEKI160418@GEOFORCE GTX 1060 3GB@KINGSTON@16/04/17@18@0068.73@088@GABINETE@#####################################################################################################################GEAM050118@GEOFORCE GTX 1070 TI@AMD@05/01/10@18@0101.96@099@HARDWARE@###########################################################################################################################GEIN190518@GEOFORCE GTX 1050 TI 4GB@INTEL@19/05/06@18@0230.51@007@HARDWARE@#####################################################################################################################MOAS070517@MOUSE PRETO COM FIO USB@ASUS@07/05/00@17@0198.28@076@HARDWARE|MEMORIA RAM|MOUSE|PERIFERICO@##########################################################################################GEEV140218@GEOFORCE GTX 1080 TI@EVGA@14/02/02@18@0207.63@001@FONTE|HARDWARE|MEMORIA RAM|MOUSE@##################################################################################################GECR140217@GEOFORCE GTX 1080 TI@CRUCIAL@14/02/17@17@0073.83@011@FONTE|HARDWARE|HD@##############################################################################################################GEIN020218@GEOFORCE GTX 1070 TI@INTEL@02/02/12@18@0206.03@065@FONTE|GABINETE|HD|MEMORIA RAM|MOUSE|PERIFERICO@###################################################################################I3IN040918@I3 - 8100@INTEL@04/09/14@18@0222.58@038@HARDWARE|MEMORIA RAM|MOUSE|PERIFERICO@#######################################################################################################GEWA050117@GEOFORCE GTX 1050 TI 4GB@WARRIOR@05/01/15@17@0154.71@013@FONTE|GABINETE|MEMORIA RAM|MOUSE|PERIFERICO@################################################################################FOWA160418@FONTE 500W@WARRIOR@16/04/00@18@0129.16@045@GABINETE|MEMORIA RAM|MOUSE|PLACA MAE@#####################################################################################################I3AS230917@I3 - 8100@ASROCK@23/09/12@17@0051.54@044@HD|MOUSE|PROCESSADOR@#######################################################################################################################GAIN020418@GABINETE LATERAL ACRILICO@INTEL@02/04/06@18@0215.19@075@GABINETE|HD|PLACA DE VIDEO|PLACA MAE@########################################################################################GEEV170215@GEOFORCE GTX 1050 2BG@EVGA@17/02/18@15@0017.42@077@FONTE|GABINETE|HARDWARE|HD|MEMORIA RAM|MOUSE@#####################################################################################PLIN040316@PLACA MAE PARA INTEL 1151 MATX@INTEL@04/03/12@16@0075.76@076@GABINETE|HARDWARE|HD@###################################################################################################RAKI200615@RAM 4GB DDR4@KINGSTON@20/06/14@15@0046.28@050@GABINETE|HARDWARE|HD|PERIFERICO|PLACA DE VIDEO@########################################################################################FOEV200114@FONTE 450W@EVGA@20/01/06@14@0179.97@089@FONTE@#######################################################################################################################################PLAS070815@PLACA MAE PARA AMD AMD3@ASUS@07/08/12@15@0103.75@098@MEMORIA RAM|PERIFERICO|PLACA DE VIDEO@##########################################################################################GEAM000414@GEOFORCE GTX 1070 TI@AMD@00/04/11@14@0100.28@070@FONTE|PERIFERICO@###################################################################################################################TEIN141017@TECLADO USB COM FIO@INTEL@14/10/04@17@0181.37@021@MOUSE|PERIFERICO|PLACA DE VIDEO@###################################################################################################GEMS090417@GEOFORCE GTX 1050 2BG@MSI@09/04/01@17@0036.67@034@FONTE|GABINETE|HD|MOUSE|PERIFERICO@################################################################################################GEKI100818@GEOFORCE GTX 1060 6GB@KINGSTON@10/08/05@18@0070.41@080@HD|MOUSE@#####################################################################################################################MOCR180216@MOUSE PRETO COM FIO USB@CRUCIAL@18/02/15@16@0202.86@076@HD|MEMORIA RAM|PERIFERICO@###################################################################################################MOAM271016@MOUSE BRANCO USB SEM FIO@AMD@27/10/10@16@0112.30@056@PERIFERICO|PROCESSADOR@#########################################################################################################RAIN220416@RAM 4GB DDR4@INTEL@22/04/08@16@0000.50@072@GABINETE|HARDWARE|MEMORIA RAM|MOUSE@######################################################################################################HDEV240517@HD 1TB SATA@EVGA@24/05/02@17@0106.40@049@HARDWARE|HD@################################################################################################################################RAIN150318@RAM 4GB DDR4@INTEL@15/03/09@18@0229.29@018@FONTE|PLACA DE VIDEO|PLACA MAE@###########################################################################################################TEAM171214@TECLADO GAMMER SEMI MECANICO@AMD@17/12/16@14@0087.74@063@GABINETE|HARDWARE|MEMORIA RAM|MOUSE@########################################################################################RAIN250917@RAM 4GB DDR4@INTEL@25/09/11@17@0000.25@094@FONTE|GABINETE|HARDWARE|HD|MEMORIA RAM|MOUSE@#############################################################################################HDAS211217@HD 1TB SATA@ASROCK@21/12/08@17@0105.78@099@FONTE|GABINETE|HARDWARE|MEMORIA RAM|PERIFERICO@###########################################################################################I5CO031016@I5 - 8400@CORSAIR@03/10/15@16@0001.85@001@HARDWARE|MOUSE|PERIFERICO|PLACA MAE@#######################################################################################################RAWA001218@RAM 4GB DDR4@WARRIOR@00/12/12@18@0180.80@089@FONTE|GABINETE|HARDWARE|HD|MEMORIA RAM|MOUSE@###########################################################################################MOAM081014@MOUSE PRETO USB SEM FIO@AMD@08/10/14@14@0181.57@058@PLACA DE VIDEO@##################################################################################################################FOEV200216@FONTE 600W@EVGA@20/02/16@16@0236.30@088@GABINETE@####################################################################################################################################GEAS271016@GEOFORCE GTX 1070@ASROCK@27/10/16@16@0062.34@090@FONTE|GABINETE|HARDWARE|HD|MEMORIA RAM|MOUSE@#######################################################################################GECO210815@GEOFORCE GTX 1070 TI@CORSAIR@21/08/09@15@0036.73@012@FONTE|GABINETE|HARDWARE|HD|MEMORIA RAM|MOUSE@###################################################################################FOMS261118@FONTE 450W@MSI@26/11/13@18@0100.37@012@FONTE|GABINETE|HARDWARE|HD|MEMORIA RAM|MOUSE@#################################################################################################HDMS210917@HD 1TB SATA@MSI@21/09/16@17@0188.80@066@FONTE|GABINETE|HD|MEMORIA RAM|MOUSE|PERIFERICO@##############################################################################################MOKI250718@MOUSE PRETO COM FIO USB@KINGSTON@25/07/12@18@0064.40@051@HARDWARE|MEMORIA RAM|PLACA MAE@#############################################################################################I7KI120917@I7 - 7700@KINGSTON@12/09/05@17@0142.94@035@GABINETE|HARDWARE|HD|MEMORIA RAM|MOUSE@###################################################################################################GEEV261116@GEOFORCE GTX 1050 2BG@EVGA@26/11/07@16@0122.30@018@FONTE|GABINETE|HARDWARE|HD|MEMORIA RAM|MOUSE@#####################################################################################GEMS110617@GEOFORCE GTX 1050 2BG@MSI@11/06/17@17@0053.45@022@HD|MOUSE|PLACA MAE@################################################################################################################GEWA000716@GEOFORCE GTX 1050 TI 4GB@WARRIOR@00/07/04@16@0183.01@050@FONTE|GABINETE|HARDWARE|HD|MEMORIA RAM|MOUSE@###############################################################################MOGI240117@MOUSE BRANCO USB SEM FIO@GIGABYTE@24/01/02@17@0150.19@035@FONTE|MEMORIA RAM@#########################################################################################################TEAS200717@TECLADO GAMMER MECANICO@ASROCK@20/07/11@17@0184.04@049@FONTE|HARDWARE|MEMORIA RAM|MOUSE|PLACA DE VIDEO@##############################################################################
