********************************ALTERAR*******************************
OPERACAO REALIZADA COM SUCESSO!
********************************ARQUIVO*******************************
GEMS230917@GEOFORCE GTX 1080 TI@MSI@23/09/2018@17@8752.82@010@PLACA DE VIDEO|HARDWARE|GAMER@####################################################################################################MOLO301217@MOUSE GAMER 12000DPI@LOGITECH@30/12/2017@17@249.29@020@MOUSE|GAMER|PERIFERICO@#######################################################################################################TEWA090116@TECLADO GAMER SEMI MECANICO ABNT2@WARRIOR@09/01/2018@16@177.53@003@TECLADO|GAMER|PERIFERICO@#########################################################################################PRIN080918@PROCESSADOR INTEL CORE I5-8400 8GE@INTEL@08/09/2017@18@1208.78@000@PROCESSADOR|HARDWARE|GAMER@#######################################################################################FOCO170912@FONTE  600W 80 PLUS@CORSAIR@17/09/2016@12@376.35@020@FONTE|HARDWARE@#################################################################################################################MECR251216@MEMORIA RAM 8GB 2400MHZ DDR4@CRUCIAL@25/12/2017@16@341.06@010@MEMORIA|RAM|HARDWARE@##################################################################################################MEKI090716@MEMORIA RAM 8GB 2400MHZ DDR4@KINGSTON HYPERX@09/07/2018@16@611.65@005@MEMORIA|RAM|HARDWARE@##########################################################################################FOEV280214@FONTE 600W 80 PLUS@EVGA@28/02/2015@14@339.88@013@FONTE|HARDWARE@#####################################################################################################################PLAS081117@PLACA-MAE PARA INTEL LGA 1151 MATX@ASUS@08/11/2018@17@470.47@010@PLACA MAE|HARDWARE@#################################################################################################GEMS251215@GEOFORCE GTX 1050 TI@MSI@25/12/2018@15@752.82@010@PLACA DE VIDEO|HARDWARE|GAMER@#####################################################################################################MOMU301217@MOUSE COM FIO SIMPLES PRETO@MULTLASER@30/12/2017@17@249.29@080@MOUSE|GAMER|PERIFERICO@###############################################################################################
********************************LISTAR********************************
1 - MOMU301217
2 - GEMS230917, MECR251216
3 - FOCO170912, FOEV280214
3 - GEMS251215
3 - MEKI090716, MOLO301217
2 - PRIN080918
3 - PLAS081117
3 - TEWA090116
********************************ALTERAR*******************************
Campo invalido! Informe novamente.
OPERACAO REALIZADA COM SUCESSO!
********************************LISTAR********************************
1 - MOMU301217
2 - GEMS230917, MECR251216
3 - FOCO170912, FOEV280214
3 - GEMS251215
3 - MEKI090716, MOLO301217
2 - PRIN080918
3 - PLAS081117
3 - TEWA090116
ERRO: Ja existe um registro com a chave primaria: GEMS230917.
********************************BUSCAR********************************
Busca por TEWA090116. Nos percorridos:
MOMU301217
PRIN080918
RACR291116, TEWA090116, TEWA150416

TEWA090116
TECLADO GAMER SEMI MECANICO ABNT2
WARRIOR
09/01/2018
16
0172.20
TECLADO GAMER PERIFERICO 
********************************LISTAR********************************
1 - MOMU301217
2 - GEMS230917, MECR251216
3 - FOCO170912, FOEV280214
3 - GEMS251215, ININ180918
3 - MEKI090716, MOLO301217
2 - PRIN080918
3 - PLAS081117, PLGI280917
3 - RACR291116, TEWA090116, TEWA150416
********************************BUSCAR********************************
Busca por MULTLASER$MOUSE COM FIO SIMPLES PRETO.
Nos percorridos:
INTEL$PROCESSADOR INTEL CORE I5-8400 8GE, MSI$GEOFORCE GTX 1080 TI
WARRIOR$TECLADO GAMER MECANICO ABNT2
MULTLASER$MOUSE COM FIO SIMPLES PRETO

MOMU301217
MOUSE COM FIO SIMPLES PRETO
MULTLASER
30/12/2017
17
0049.85
MOUSE GAMER PERIFERICO 
********************************LISTAR********************************
1 - MOMU301217
2 - GEMS230917, MECR251216
3 - FOCO170912, FOEV280214
3 - GEMS251215, ININ180918
3 - MEKI090716, MOLO301217
2 - PRIN080918
3 - PLAS081117, PLGI280917
3 - RACR291116, TEWA090116, TEWA150416
********************************ALTERAR*******************************
Registro(s) nao encontrado!
FALHA AO REALIZAR OPERACAO!
***************************INDICE SECUNDÁRIO**************************
002PLAS081117ASUS$PLACA-MAE PARA INTEL LGA 1151 MATX##############################################################FOCO170912CORSAIR$FONTE  600W 80 PLUS##########################################################################F*********
001MOMU301217MULTLASER$MOUSE COM FIO SIMPLES PRETO###############################################################################################################################################################################F*********
002MECR251216CRUCIAL$MEMORIA RAM 8GB 2400MHZ DDR4#################################################################FOEV280214EVGA$FONTE 600W 80 PLUS##############################################################################N000004010
001MEKI090716KINGSTON HYPERX$MEMORIA RAM 8GB 2400MHZ DDR4########################################################################################################################################################################F*********
001RACR291116CRUCIAL$RAM 16GB 2400MHZ DDR4#######################################################################################################################################################################################F*********
001MOLO301217LOGITECH$MOUSE GAMER 12000DPI#######################################################################################################################################################################################N003007***
002PRIN080918INTEL$PROCESSADOR INTEL CORE I5-8400 8GE#############################################################GEMS230917MSI$GEOFORCE GTX 1080 TI#############################################################################N002005009
001GEMS251215MSI$GEOFORCE GTX 1050 TI############################################################################################################################################################################################F*********
001TEWA090116WARRIOR$TECLADO GAMER SEMI MECANICO ABNT2###########################################################################################################################################################################F*********
001TEWA150416WARRIOR$TECLADO GAMER MECANICO ABNT2################################################################################################################################################################################N001008***
002PLGI280917GIGABYTE$PLACA-MAE PARA INTEL LGA 1151 MATX##########################################################ININ180918INTEL$INTEL CORE I7-8400 8GE#########################################################################F*********
********************************ALTERAR*******************************
Registro(s) nao encontrado!
FALHA AO REALIZAR OPERACAO!
********************************BUSCAR********************************
Busca por GEMS230917. Nos percorridos:
MOMU301217
GEMS230917, MECR251216

GEMS230917
GEOFORCE GTX 1080 TI
MSI
23/09/2018
17
7877.53
PLACA DE VIDEO HARDWARE GAMER 
********************************ARQUIVO*******************************
GEMS230917@GEOFORCE GTX 1080 TI@MSI@23/09/2018@17@8752.82@010@PLACA DE VIDEO|HARDWARE|GAMER@####################################################################################################MOLO301217@MOUSE GAMER 12000DPI@LOGITECH@30/12/2017@17@249.29@020@MOUSE|GAMER|PERIFERICO@#######################################################################################################TEWA090116@TECLADO GAMER SEMI MECANICO ABNT2@WARRIOR@09/01/2018@16@177.53@003@TECLADO|GAMER|PERIFERICO@#########################################################################################PRIN080918@PROCESSADOR INTEL CORE I5-8400 8GE@INTEL@08/09/2017@18@1208.78@000@PROCESSADOR|HARDWARE|GAMER@#######################################################################################FOCO170912@FONTE  600W 80 PLUS@CORSAIR@17/09/2016@12@376.35@020@FONTE|HARDWARE@#################################################################################################################MECR251216@MEMORIA RAM 8GB 2400MHZ DDR4@CRUCIAL@25/12/2017@16@341.06@010@MEMORIA|RAM|HARDWARE@##################################################################################################MEKI090716@MEMORIA RAM 8GB 2400MHZ DDR4@KINGSTON HYPERX@09/07/2018@16@611.65@005@MEMORIA|RAM|HARDWARE@##########################################################################################FOEV280214@FONTE 600W 80 PLUS@EVGA@28/02/2015@14@339.88@013@FONTE|HARDWARE@#####################################################################################################################PLAS081117@PLACA-MAE PARA INTEL LGA 1151 MATX@ASUS@08/11/2018@17@470.47@010@PLACA MAE|HARDWARE@#################################################################################################GEMS251215@GEOFORCE GTX 1050 TI@MSI@25/12/2018@15@752.82@010@PLACA DE VIDEO|HARDWARE|GAMER@#####################################################################################################MOMU301217@MOUSE COM FIO SIMPLES PRETO@MULTLASER@30/12/2017@17@249.29@080@MOUSE|GAMER|PERIFERICO@###############################################################################################TEWA150416@TECLADO GAMER MECANICO ABNT2@WARRIOR@15/04/2018@16@1177.53@000@TECLADO|GAMER|PERIFERICO@#############################################################################################ININ180918@INTEL CORE I7-8400 8GE@INTEL@18/09/2018@18@2208.78@010@PROCESSADOR|HARDWARE|GAMER@###################################################################################################RACR291116@RAM 16GB 2400MHZ DDR4@CRUCIAL@29/11/2017@16@641.06@010@MEMORIA|RAM|HARDWARE@#########################################################################################################PLGI280917@PLACA-MAE PARA INTEL LGA 1151 MATX@GIGABYTE@28/09/2018@17@370.47@010@PLACA MAE|HARDWARE@#############################################################################################
