********************************ARQUIVO*******************************
GEMS230917@GEOFORCE GTX 1080 TI@MSI@23/09/2018@17@8752.82@010@PLACA DE VIDEO|HARDWARE|GAMER@####################################################################################################MOLO301217@MOUSE GAMER 12000DPI@LOGITECH@30/12/2017@17@249.29@020@MOUSE|GAMER|PERIFERICO@#######################################################################################################
***************************INDICE PRIMÁRIO****************************
002GEMS2309170000MOLO3012170001F*********
***************************INDICE SECUNDÁRIO**************************
002MOLO301217LOGITECH$MOUSE GAMER 12000DPI########################################################################GEMS230917MSI$GEOFORCE GTX 1080 TI#############################################################################F*********
********************************BUSCAR********************************
Busca por TEWA090116. Nos percorridos:
MOLO301217
PRIN080918, TEWA090116

TEWA090116
TECLADO GAMER SEMI MECaNICO ABNT2
WARRIOR
09/01/2018
16
0172.20
TECLADO GAMER PERIFERICO 
********************************LISTAR********************************
1 - MOLO301217
2 - GEMS230917
2 - PRIN080918, TEWA090116
********************************BUSCAR********************************
Busca por LOGITECH$MOUSE GAMER 12000DPI.
Nos percorridos:
MSI$GEOFORCE GTX 1080 TI
INTEL$PROCESSADOR INTEL CORE I5-8400 8GE, LOGITECH$MOUSE GAMER 12000DPI

MOLO301217
MOUSE GAMER 12000DPI
LOGITECH
30/12/2017
17
0199.43
MOUSE GAMER PERIFERICO 
********************************LISTAR********************************
INTEL--------------------------------------------- PROCESSADOR INTEL CORE I5-8400 8GE----------------
LOGITECH------------------------------------------ MOUSE GAMER 12000DPI------------------------------
MSI----------------------------------------------- GEOFORCE GTX 1080 TI------------------------------
WARRIOR------------------------------------------- TECLADO GAMER SEMI MECaNICO ABNT2-----------------
********************************LISTAR********************************
CORSAIR------------------------------------------- FONTE  600W 80 PLUS-------------------------------
INTEL--------------------------------------------- PROCESSADOR INTEL CORE I5-8400 8GE----------------
LOGITECH------------------------------------------ MOUSE GAMER 12000DPI------------------------------
MSI----------------------------------------------- GEOFORCE GTX 1080 TI------------------------------
WARRIOR------------------------------------------- TECLADO GAMER SEMI MECaNICO ABNT2-----------------
***************************INDICE SECUNDÁRIO**************************
001FOCO170912CORSAIR$FONTE  600W 80 PLUS#########################################################################################################################################################################################F*********
001TEWA090116WARRIOR$TECLADO GAMER SEMI MECaNICO ABNT2###########################################################################################################################################################################F*********
002PRIN080918INTEL$PROCESSADOR INTEL CORE I5-8400 8GE#############################################################GEMS230917MSI$GEOFORCE GTX 1080 TI#############################################################################N000003001
001MOLO301217LOGITECH$MOUSE GAMER 12000DPI#######################################################################################################################################################################################F*********
********************************LISTAR********************************
1 - GEMS230917, MOLO301217
2 - FOCO170912
2 - MECR251216, MEKI090716
2 - PRIN080918, TEWA090116
********************************LISTAR********************************
CORSAIR------------------------------------------- FONTE  600W 80 PLUS-------------------------------
CRUCIAL------------------------------------------- MEMORIA RAM 8GB 2400MHZ DDR4----------------------
INTEL--------------------------------------------- PROCESSADOR INTEL CORE I5-8400 8GE----------------
KINGSTON HYPERX----------------------------------- MEMORIA RAM 8GB 2400MHZ DDR4----------------------
LOGITECH------------------------------------------ MOUSE GAMER 12000DPI------------------------------
MSI----------------------------------------------- GEOFORCE GTX 1080 TI------------------------------
WARRIOR------------------------------------------- TECLADO GAMER SEMI MECaNICO ABNT2-----------------
********************************BUSCAR********************************
Busca por HHGG998812. Nos percorridos:
GEMS230917, MOLO301217
MECR251216, MEKI090716

Registro(s) nao encontrado!
ERRO: Ja existe um registro com a chave primaria: GEMS230917.
***************************INDICE PRIMÁRIO****************************
002FOCO1709120004FOEV2802140007F*********
001PLAS0811170008##############F*********
001GEMS2309170000##############N000003***
002MECR2512160005MEKI0907160006F*********
001TEWA0901160002##############F*********
001PRIN0809180003##############N001004***
001MOLO3012170001##############N002005***
********************************LISTAR********************************
1 - MOLO301217
2 - GEMS230917
3 - FOCO170912, FOEV280214
3 - MECR251216, MEKI090716
2 - PRIN080918
3 - PLAS081117
3 - TEWA090116
********************************BUSCAR********************************
Busca por GEMS230917. Nos percorridos:
MOLO301217
GEMS230917

GEMS230917
GEOFORCE GTX 1080 TI
MSI
23/09/2018
17
7877.53
PLACA DE VIDEO HARDWARE GAMER 
********************************BUSCAR********************************
Busca por ASUS$PLACA-MAE PARA INTEL LGA 1151 MATX.
Nos percorridos:
INTEL$PROCESSADOR INTEL CORE I5-8400 8GE
CRUCIAL$MEMORIA RAM 8GB 2400MHZ DDR4
ASUS$PLACA-MAE PARA INTEL LGA 1151 MATX, CORSAIR$FONTE  600W 80 PLUS

PLAS081117
PLACA-MAE PARA INTEL LGA 1151 MATX
ASUS
08/11/2018
17
0423.42
PLACA MAE HARDWARE 
********************************LISTAR********************************
ASUS---------------------------------------------- PLACA-MAE PARA INTEL LGA 1151 MATX----------------
CORSAIR------------------------------------------- FONTE  600W 80 PLUS-------------------------------
CRUCIAL------------------------------------------- MEMORIA RAM 8GB 2400MHZ DDR4----------------------
EVGA---------------------------------------------- FONTE 600W 80 PLUS--------------------------------
INTEL--------------------------------------------- PROCESSADOR INTEL CORE I5-8400 8GE----------------
KINGSTON HYPERX----------------------------------- MEMORIA RAM 8GB 2400MHZ DDR4----------------------
LOGITECH------------------------------------------ MOUSE GAMER 12000DPI------------------------------
MSI----------------------------------------------- GEOFORCE GTX 1080 TI------------------------------
WARRIOR------------------------------------------- TECLADO GAMER SEMI MECaNICO ABNT2-----------------
***************************INDICE SECUNDÁRIO**************************
002PLAS081117ASUS$PLACA-MAE PARA INTEL LGA 1151 MATX##############################################################FOCO170912CORSAIR$FONTE  600W 80 PLUS##########################################################################F*********
001TEWA090116WARRIOR$TECLADO GAMER SEMI MECaNICO ABNT2###########################################################################################################################################################################F*********
001MECR251216CRUCIAL$MEMORIA RAM 8GB 2400MHZ DDR4################################################################################################################################################################################N000004***
002MEKI090716KINGSTON HYPERX$MEMORIA RAM 8GB 2400MHZ DDR4#########################################################MOLO301217LOGITECH$MOUSE GAMER 12000DPI########################################################################F*********
001FOEV280214EVGA$FONTE 600W 80 PLUS#############################################################################################################################################################################################F*********
001GEMS230917MSI$GEOFORCE GTX 1080 TI############################################################################################################################################################################################N003001***
001PRIN080918INTEL$PROCESSADOR INTEL CORE I5-8400 8GE############################################################################################################################################################################N002005***
