ERRO: Ja existe um registro com a chave primaria: FOCO170912.
********************************ARQUIVO*******************************
GEMS230917@GEOFORCE GTX 1080 TI@MSI@23/09/2018@17@8752.82@010@PLACA DE VIDEO|HARDWARE|GAMER@####################################################################################################MOLO301217@MOUSE GAMER 12000DPI@LOGITECH@30/12/2017@17@249.29@020@MOUSE|GAMER|PERIFERICO@#######################################################################################################TEWA090116@TECLADO GAMER SEMI MECANICO ABNT2@WARRIOR@09/01/2018@16@177.53@003@TECLADO|GAMER|PERIFERICO@#########################################################################################PRIN080918@PROCESSADOR INTEL CORE I5-8400 8GE@INTEL@08/09/2017@18@1208.78@000@PROCESSADOR|HARDWARE|GAMER@#######################################################################################FOCO170912@FONTE  600W 80 PLUS@CORSAIR@17/09/2016@12@376.35@020@FONTE|HARDWARE@#################################################################################################################MECR251216@MEMORIA RAM 8GB 2400MHZ DDR4@CRUCIAL@25/12/2017@16@341.06@010@MEMORIA|RAM|HARDWARE@##################################################################################################MEKI090716@MEMORIA RAM 8GB 2400MHZ DDR4@KINGSTON HYPERX@09/07/2018@16@611.65@005@MEMORIA|RAM|HARDWARE@##########################################################################################FOEV280214@FONTE 600W 80 PLUS@EVGA@28/02/2015@14@339.88@013@FONTE|HARDWARE@#####################################################################################################################PLAS081117@PLACA-MAE PARA INTEL LGA 1151 MATX@ASUS@08/11/2018@17@470.47@010@PLACA MAE|HARDWARE@#################################################################################################HEMU181217@HEADSET GAMER WARRIOR PRETO E AZUL@MULTILASER@18/12/2017@17@171.65@020@HEADSET|PERIFERICO@###########################################################################################GASH190317@GABINETE SHARKOON TG5 BLUE VIDRO TEMPERADO ATX@SHARKOON@19/03/2018@17@329.29@010@GABINETE@###########################################################################################
***************************INDICE PRIMÁRIO****************************
003FOCO1709120004FOEV2802140007GASH1903170010##############F***************
003PLAS0811170008PRIN0809180003TEWA0901160002##############F***************
002GEMS2309170000MOLO3012170001############################N000003001******
003HEMU1812170009MECR2512160005MEKI0907160006##############F***************
********************************ALTERAR*******************************
OPERACAO REALIZADA COM SUCESSO!
********************************ARQUIVO*******************************
GEMS230917@GEOFORCE GTX 1080 TI@MSI@23/09/2018@17@8752.82@010@PLACA DE VIDEO|HARDWARE|GAMER@####################################################################################################MOLO301217@MOUSE GAMER 12000DPI@LOGITECH@30/12/2017@17@249.29@020@MOUSE|GAMER|PERIFERICO@#######################################################################################################TEWA090116@TECLADO GAMER SEMI MECANICO ABNT2@WARRIOR@09/01/2018@16@177.53@003@TECLADO|GAMER|PERIFERICO@#########################################################################################PRIN080918@PROCESSADOR INTEL CORE I5-8400 8GE@INTEL@08/09/2017@18@1208.78@080@PROCESSADOR|HARDWARE|GAMER@#######################################################################################FOCO170912@FONTE  600W 80 PLUS@CORSAIR@17/09/2016@12@376.35@020@FONTE|HARDWARE@#################################################################################################################MECR251216@MEMORIA RAM 8GB 2400MHZ DDR4@CRUCIAL@25/12/2017@16@341.06@010@MEMORIA|RAM|HARDWARE@##################################################################################################MEKI090716@MEMORIA RAM 8GB 2400MHZ DDR4@KINGSTON HYPERX@09/07/2018@16@611.65@005@MEMORIA|RAM|HARDWARE@##########################################################################################FOEV280214@FONTE 600W 80 PLUS@EVGA@28/02/2015@14@339.88@013@FONTE|HARDWARE@#####################################################################################################################PLAS081117@PLACA-MAE PARA INTEL LGA 1151 MATX@ASUS@08/11/2018@17@470.47@010@PLACA MAE|HARDWARE@#################################################################################################HEMU181217@HEADSET GAMER WARRIOR PRETO E AZUL@MULTILASER@18/12/2017@17@171.65@020@HEADSET|PERIFERICO@###########################################################################################GASH190317@GABINETE SHARKOON TG5 BLUE VIDRO TEMPERADO ATX@SHARKOON@19/03/2018@17@329.29@010@GABINETE@###########################################################################################
********************************ALTERAR*******************************
OPERACAO REALIZADA COM SUCESSO!
********************************LISTAR********************************
1 - GEMS230917, MOLO301217
2 - FOCO170912, FOEV280214, GASH190317
2 - HEMU181217, MECR251216, MEKI090716
2 - PLAS081117, PRIN080918, TEWA090116
********************************LISTAR********************************
ASUS---------------------------------------------- PLACA-MAE PARA INTEL LGA 1151 MATX----------------
CORSAIR------------------------------------------- FONTE  600W 80 PLUS-------------------------------
CRUCIAL------------------------------------------- MEMORIA RAM 8GB 2400MHZ DDR4----------------------
EVGA---------------------------------------------- FONTE 600W 80 PLUS--------------------------------
INTEL--------------------------------------------- PROCESSADOR INTEL CORE I5-8400 8GE----------------
KINGSTON HYPERX----------------------------------- MEMORIA RAM 8GB 2400MHZ DDR4----------------------
LOGITECH------------------------------------------ MOUSE GAMER 12000DPI------------------------------
MSI----------------------------------------------- GEOFORCE GTX 1080 TI------------------------------
MULTILASER---------------------------------------- HEADSET GAMER WARRIOR PRETO E AZUL----------------
SHARKOON------------------------------------------ GABINETE SHARKOON TG5 BLUE VIDRO TEMPERADO ATX----
WARRIOR------------------------------------------- TECLADO GAMER SEMI MECANICO ABNT2-----------------
********************************ARQUIVO*******************************
GEMS230917@GEOFORCE GTX 1080 TI@MSI@23/09/2018@17@8752.82@010@PLACA DE VIDEO|HARDWARE|GAMER@####################################################################################################MOLO301217@MOUSE GAMER 12000DPI@LOGITECH@30/12/2017@17@249.29@020@MOUSE|GAMER|PERIFERICO@#######################################################################################################TEWA090116@TECLADO GAMER SEMI MECANICO ABNT2@WARRIOR@09/01/2018@16@177.53@003@TECLADO|GAMER|PERIFERICO@#########################################################################################PRIN080918@PROCESSADOR INTEL CORE I5-8400 8GE@INTEL@08/09/2017@18@1208.78@080@PROCESSADOR|HARDWARE|GAMER@#######################################################################################FOCO170912@FONTE  600W 80 PLUS@CORSAIR@17/09/2016@12@376.35@020@FONTE|HARDWARE@#################################################################################################################MECR251216@MEMORIA RAM 8GB 2400MHZ DDR4@CRUCIAL@25/12/2017@16@341.06@020@MEMORIA|RAM|HARDWARE@##################################################################################################MEKI090716@MEMORIA RAM 8GB 2400MHZ DDR4@KINGSTON HYPERX@09/07/2018@16@611.65@005@MEMORIA|RAM|HARDWARE@##########################################################################################FOEV280214@FONTE 600W 80 PLUS@EVGA@28/02/2015@14@339.88@013@FONTE|HARDWARE@#####################################################################################################################PLAS081117@PLACA-MAE PARA INTEL LGA 1151 MATX@ASUS@08/11/2018@17@470.47@010@PLACA MAE|HARDWARE@#################################################################################################HEMU181217@HEADSET GAMER WARRIOR PRETO E AZUL@MULTILASER@18/12/2017@17@171.65@020@HEADSET|PERIFERICO@###########################################################################################GASH190317@GABINETE SHARKOON TG5 BLUE VIDRO TEMPERADO ATX@SHARKOON@19/03/2018@17@329.29@010@GABINETE@###########################################################################################RACR291116@RAM 16GB 2400MHZ DDR4@CRUCIAL@29/11/2017@16@641.06@010@MEMORIA|RAM|HARDWARE@#########################################################################################################PLGI280917@PLACA-MAE PARA INTEL LGA 1151 MATX@GIGABYTE@28/09/2018@17@370.47@010@PLACA MAE|HARDWARE@#############################################################################################
ERRO: Ja existe um registro com a chave primaria: GEMS230917.
********************************ALTERAR*******************************
Registro(s) nao encontrado!
FALHA AO REALIZAR OPERACAO!
Opcao invalida!
********************************ARQUIVO*******************************
GEMS230917@GEOFORCE GTX 1080 TI@MSI@23/09/2018@17@8752.82@010@PLACA DE VIDEO|HARDWARE|GAMER@####################################################################################################MOLO301217@MOUSE GAMER 12000DPI@LOGITECH@30/12/2017@17@249.29@020@MOUSE|GAMER|PERIFERICO@#######################################################################################################TEWA090116@TECLADO GAMER SEMI MECANICO ABNT2@WARRIOR@09/01/2018@16@177.53@003@TECLADO|GAMER|PERIFERICO@#########################################################################################PRIN080918@PROCESSADOR INTEL CORE I5-8400 8GE@INTEL@08/09/2017@18@1208.78@080@PROCESSADOR|HARDWARE|GAMER@#######################################################################################FOCO170912@FONTE  600W 80 PLUS@CORSAIR@17/09/2016@12@376.35@020@FONTE|HARDWARE@#################################################################################################################MECR251216@MEMORIA RAM 8GB 2400MHZ DDR4@CRUCIAL@25/12/2017@16@341.06@020@MEMORIA|RAM|HARDWARE@##################################################################################################MEKI090716@MEMORIA RAM 8GB 2400MHZ DDR4@KINGSTON HYPERX@09/07/2018@16@611.65@005@MEMORIA|RAM|HARDWARE@##########################################################################################FOEV280214@FONTE 600W 80 PLUS@EVGA@28/02/2015@14@339.88@013@FONTE|HARDWARE@#####################################################################################################################PLAS081117@PLACA-MAE PARA INTEL LGA 1151 MATX@ASUS@08/11/2018@17@470.47@010@PLACA MAE|HARDWARE@#################################################################################################HEMU181217@HEADSET GAMER WARRIOR PRETO E AZUL@MULTILASER@18/12/2017@17@171.65@020@HEADSET|PERIFERICO@###########################################################################################GASH190317@GABINETE SHARKOON TG5 BLUE VIDRO TEMPERADO ATX@SHARKOON@19/03/2018@17@329.29@010@GABINETE@###########################################################################################RACR291116@RAM 16GB 2400MHZ DDR4@CRUCIAL@29/11/2017@16@641.06@010@MEMORIA|RAM|HARDWARE@#########################################################################################################PLGI280917@PLACA-MAE PARA INTEL LGA 1151 MATX@GIGABYTE@28/09/2018@17@370.47@010@PLACA MAE|HARDWARE@#############################################################################################
********************************LISTAR********************************
1 - GEMS230917, MOLO301217, PRIN080918
2 - FOCO170912, FOEV280214, GASH190317
2 - HEMU181217, MECR251216, MEKI090716
2 - PLAS081117, PLGI280917
2 - RACR291116, TEWA090116
********************************LISTAR********************************
ASUS---------------------------------------------- PLACA-MAE PARA INTEL LGA 1151 MATX----------------
CORSAIR------------------------------------------- FONTE  600W 80 PLUS-------------------------------
CRUCIAL------------------------------------------- MEMORIA RAM 8GB 2400MHZ DDR4----------------------
CRUCIAL------------------------------------------- RAM 16GB 2400MHZ DDR4-----------------------------
EVGA---------------------------------------------- FONTE 600W 80 PLUS--------------------------------
GIGABYTE------------------------------------------ PLACA-MAE PARA INTEL LGA 1151 MATX----------------
INTEL--------------------------------------------- PROCESSADOR INTEL CORE I5-8400 8GE----------------
KINGSTON HYPERX----------------------------------- MEMORIA RAM 8GB 2400MHZ DDR4----------------------
LOGITECH------------------------------------------ MOUSE GAMER 12000DPI------------------------------
MSI----------------------------------------------- GEOFORCE GTX 1080 TI------------------------------
MULTILASER---------------------------------------- HEADSET GAMER WARRIOR PRETO E AZUL----------------
SHARKOON------------------------------------------ GABINETE SHARKOON TG5 BLUE VIDRO TEMPERADO ATX----
WARRIOR------------------------------------------- TECLADO GAMER SEMI MECANICO ABNT2-----------------
ERRO: Ja existe um registro com a chave primaria: MECR251216.
ERRO: Ja existe um registro com a chave primaria: PLAS081117.
ERRO: Ja existe um registro com a chave primaria: PRIN080918.
Opcao invalida!
ERRO: Ja existe um registro com a chave primaria: TEWA090116.
********************************ALTERAR*******************************
OPERACAO REALIZADA COM SUCESSO!
********************************ALTERAR*******************************
OPERACAO REALIZADA COM SUCESSO!
********************************ALTERAR*******************************
OPERACAO REALIZADA COM SUCESSO!
********************************ARQUIVO*******************************
GEMS230917@GEOFORCE GTX 1080 TI@MSI@23/09/2018@17@8752.82@010@PLACA DE VIDEO|HARDWARE|GAMER@####################################################################################################MOLO301217@MOUSE GAMER 12000DPI@LOGITECH@30/12/2017@17@249.29@020@MOUSE|GAMER|PERIFERICO@#######################################################################################################TEWA090116@TECLADO GAMER SEMI MECANICO ABNT2@WARRIOR@09/01/2018@16@177.53@003@TECLADO|GAMER|PERIFERICO@#########################################################################################PRIN080918@PROCESSADOR INTEL CORE I5-8400 8GE@INTEL@08/09/2017@18@1208.78@080@PROCESSADOR|HARDWARE|GAMER@#######################################################################################FOCO170912@FONTE  600W 80 PLUS@CORSAIR@17/09/2016@12@376.35@070@FONTE|HARDWARE@#################################################################################################################MECR251216@MEMORIA RAM 8GB 2400MHZ DDR4@CRUCIAL@25/12/2017@16@341.06@020@MEMORIA|RAM|HARDWARE@##################################################################################################MEKI090716@MEMORIA RAM 8GB 2400MHZ DDR4@KINGSTON HYPERX@09/07/2018@16@611.65@005@MEMORIA|RAM|HARDWARE@##########################################################################################FOEV280214@FONTE 600W 80 PLUS@EVGA@28/02/2015@14@339.88@013@FONTE|HARDWARE@#####################################################################################################################PLAS081117@PLACA-MAE PARA INTEL LGA 1151 MATX@ASUS@08/11/2018@17@470.47@080@PLACA MAE|HARDWARE@#################################################################################################HEMU181217@HEADSET GAMER WARRIOR PRETO E AZUL@MULTILASER@18/12/2017@17@171.65@090@HEADSET|PERIFERICO@###########################################################################################GASH190317@GABINETE SHARKOON TG5 BLUE VIDRO TEMPERADO ATX@SHARKOON@19/03/2018@17@329.29@010@GABINETE@###########################################################################################RACR291116@RAM 16GB 2400MHZ DDR4@CRUCIAL@29/11/2017@16@641.06@010@MEMORIA|RAM|HARDWARE@#########################################################################################################PLGI280917@PLACA-MAE PARA INTEL LGA 1151 MATX@GIGABYTE@28/09/2018@17@370.47@010@PLACA MAE|HARDWARE@#############################################################################################
********************************BUSCAR********************************
Busca por HEMU181217. Nos percorridos:
GEMS230917, MOLO301217, PRIN080918
HEMU181217, MECR251216, MEKI090716

HEMU181217
HEADSET GAMER WARRIOR PRETO E AZUL
MULTILASER
18/12/2017
17
0017.16
HEADSET PERIFERICO 
********************************LISTAR********************************
ASUS---------------------------------------------- PLACA-MAE PARA INTEL LGA 1151 MATX----------------
CORSAIR------------------------------------------- FONTE  600W 80 PLUS-------------------------------
CRUCIAL------------------------------------------- MEMORIA RAM 8GB 2400MHZ DDR4----------------------
CRUCIAL------------------------------------------- RAM 16GB 2400MHZ DDR4-----------------------------
EVGA---------------------------------------------- FONTE 600W 80 PLUS--------------------------------
GIGABYTE------------------------------------------ PLACA-MAE PARA INTEL LGA 1151 MATX----------------
INTEL--------------------------------------------- PROCESSADOR INTEL CORE I5-8400 8GE----------------
KINGSTON HYPERX----------------------------------- MEMORIA RAM 8GB 2400MHZ DDR4----------------------
LOGITECH------------------------------------------ MOUSE GAMER 12000DPI------------------------------
MSI----------------------------------------------- GEOFORCE GTX 1080 TI------------------------------
MULTILASER---------------------------------------- HEADSET GAMER WARRIOR PRETO E AZUL----------------
SHARKOON------------------------------------------ GABINETE SHARKOON TG5 BLUE VIDRO TEMPERADO ATX----
WARRIOR------------------------------------------- TECLADO GAMER SEMI MECANICO ABNT2-----------------
***************************INDICE SECUNDÁRIO**************************
004PLAS081117ASUS$PLACA-MAE PARA INTEL LGA 1151 MATX##############################################################FOCO170912CORSAIR$FONTE  600W 80 PLUS##########################################################################MECR251216CRUCIAL$MEMORIA RAM 8GB 2400MHZ DDR4#################################################################RACR291116CRUCIAL$RAM 16GB 2400MHZ DDR4########################################################################F***************
004GEMS230917MSI$GEOFORCE GTX 1080 TI#############################################################################HEMU181217MULTILASER$HEADSET GAMER WARRIOR PRETO E AZUL########################################################GASH190317SHARKOON$GABINETE SHARKOON TG5 BLUE VIDRO TEMPERADO ATX##############################################TEWA090116WARRIOR$TECLADO GAMER SEMI MECANICO ABNT2############################################################F***************
002FOEV280214EVGA$FONTE 600W 80 PLUS##############################################################################MOLO301217LOGITECH$MOUSE GAMER 12000DPI######################################################################################################################################################################################################################################################################################################N000003001******
003PLGI280917GIGABYTE$PLACA-MAE PARA INTEL LGA 1151 MATX##########################################################PRIN080918INTEL$PROCESSADOR INTEL CORE I5-8400 8GE#############################################################MEKI090716KINGSTON HYPERX$MEMORIA RAM 8GB 2400MHZ DDR4########################################################################################################################################################################F***************
