***************************INDICE PRIMÁRIO****************************
004FOEV0009170055FOEV2001140065FOEV2002160082FOIN0903160034##########################################F************************
006GEEV1508160097GEEV1702150062GEEV2010180094GEGI0512150039GEIN0711150093GEIN1105160020##############F************************
007FOMS2512180004GAGI0105170044GEAS1702160027GEEV0207140002GEIN1505170013HDAM0707150026HDGI0803170045N000019012006001020013022
005MOGI2712150040MOKI2507180087MOMS2201150046MOMS2308140050PLAM1301140031############################F************************
004I7IN1905180021I7IN1907150003I7KI1209170088I7WA0211150017##########################################F************************
007RAGI1410160037RAIN1503180075RAIN2204160073RAIN2509170077RAKI0303180092RAKI1406150032RAKI1908160090F************************
007GEAS2311170014GEAS2710160083GECO0208180098GECO2103150000GECO2108150084GECO2303170096GECO2306140023F************************
005I3IN0409180057I3MS1509170024I5AS0111170099I5AS0202180054I5CO0310160079############################F************************
004RAAS0408150001RAAS0711170033RAAS1102150091RACR0503170009##########################################F************************
005TECR1203160048TECR2606160005TECR2712170019TEGI0312160038TEIN1410170068############################F************************
005PLAS0708150066RAAM0502150043RAGI0511140025RAKI2006150064TECO1310170041############################N003014008005016009******
002I3EV0207180015MOGI2407160008######################################################################N002018010***************
005GAIN0204180061GEAM0004140067GEAM0306160052GEAS0609160056GEAS1103180007############################F************************
004HDAS2112170078HDEV0512170100HDEV2405170074HDEV2408180051##########################################F************************
004PLGI1609170030PLIN0403160063PLIN2712140042PLWA0605180089##########################################F************************
003MOEV2503160022MOEV2606160028MOEV2706150018########################################################F************************
005RAMS1110160053RAWA0008150016RAWA0012180080TEAM0403150047TEAM1712140076############################F************************
003I5WA0511140035I5WA2509140049I7CO0412160010########################################################F************************
004I5MS0406180036I7IN0702150011MOAM0810140081MOCR1802160071##########################################N007017004021015*********
003FOMS2611180085FOWA1604180059GAAS0810160006########################################################F************************
003GEKI1008180070GEMS0904170069GEWA0501170058########################################################F************************
003MOAM2710160072MOAS2310170095MOCO0004180029########################################################F************************
003HDMS2109170086I3AS1807140012I3AS2309170060########################################################F************************
