********************************ARQUIVO*******************************
Arquivo vazio!
***************************INDICE PRIMÁRIO****************************
Arquivo vazio!
***************************INDICE SECUNDÁRIO**************************
Arquivo vazio!
********************************LISTAR********************************
1 - HDSE220517, SSKI220618
********************************BUSCAR********************************
Busca por KINGSTON
. Nos percorridos:
HDSE220517, SSKI220618

Registro(s) nao encontrado!
********************************ARQUIVO*******************************
HDSE220517@HD SEAGATE 2TB 7200RPM 64MB@SEAGATE@22/05/2018@17@375.55@005@ARMAZENAMENTO|HARDWARE@#################################################################################################SSKI220618@SSD KINGSTON 2.5 240GB A400 SATA III@KINGSTON@22/06/2018@18@335.18@020@ARMAZENAMENTO|HARDWARE@#######################################################################################MECR251216@MEMORIA RAM 8GB 2400MHZ DDR4@CRUCIAL@25/12/2017@16@341.06@010@MEMORIA|RAM|HARDWARE@##################################################################################################PLAS081117@PLACA-MAE PARA INTEL LGA 1151 MATX@ASUS@08/11/2018@17@470.47@010@PLACA MAE|HARDWARE@#################################################################################################PRIN080918@PROCESSADOR INTEL CORE I5-8400 8GE@INTEL@08/09/2017@18@1208.78@000@PROCESSADOR|HARDWARE@#############################################################################################
***************************INDICE PRIMÁRIO****************************
001HDSE2205170000##############F*********
001PLAS0811170003##############F*********
002MECR2512160002PRIN0809180004N000001003
001SSKI2206180001##############F*********
********************************ALTERAR*******************************
OPERACAO REALIZADA COM SUCESSO!
********************************BUSCAR********************************
Busca por HDSE220517. Nos percorridos:
MECR251216, PRIN080918
HDSE220517

HDSE220517
HD SEAGATE 2TB 7200RPM 64MB
SEAGATE
22/05/2018
17
0356.77
ARMAZENAMENTO HARDWARE 
********************************ARQUIVO*******************************
HDSE220517@HD SEAGATE 2TB 7200RPM 64MB@SEAGATE@22/05/2018@17@375.55@005@ARMAZENAMENTO|HARDWARE@#################################################################################################SSKI220618@SSD KINGSTON 2.5 240GB A400 SATA III@KINGSTON@22/06/2018@18@335.18@020@ARMAZENAMENTO|HARDWARE@#######################################################################################MECR251216@MEMORIA RAM 8GB 2400MHZ DDR4@CRUCIAL@25/12/2017@16@341.06@010@MEMORIA|RAM|HARDWARE@##################################################################################################PLAS081117@PLACA-MAE PARA INTEL LGA 1151 MATX@ASUS@08/11/2018@17@470.47@010@PLACA MAE|HARDWARE@#################################################################################################PRIN080918@PROCESSADOR INTEL CORE I5-8400 8GE@INTEL@08/09/2017@18@1208.78@070@PROCESSADOR|HARDWARE@#############################################################################################
ERRO: Ja existe um registro com a chave primaria: HDSE220517.
********************************ARQUIVO*******************************
HDSE220517@HD SEAGATE 2TB 7200RPM 64MB@SEAGATE@22/05/2018@17@375.55@005@ARMAZENAMENTO|HARDWARE@#################################################################################################SSKI220618@SSD KINGSTON 2.5 240GB A400 SATA III@KINGSTON@22/06/2018@18@335.18@020@ARMAZENAMENTO|HARDWARE@#######################################################################################MECR251216@MEMORIA RAM 8GB 2400MHZ DDR4@CRUCIAL@25/12/2017@16@341.06@010@MEMORIA|RAM|HARDWARE@##################################################################################################PLAS081117@PLACA-MAE PARA INTEL LGA 1151 MATX@ASUS@08/11/2018@17@470.47@010@PLACA MAE|HARDWARE@#################################################################################################PRIN080918@PROCESSADOR INTEL CORE I5-8400 8GE@INTEL@08/09/2017@18@1208.78@070@PROCESSADOR|HARDWARE@#############################################################################################
***************************INDICE PRIMÁRIO****************************
001HDSE2205170000##############F*********
001PLAS0811170003##############F*********
002MECR2512160002PRIN0809180004N000001003
001SSKI2206180001##############F*********
***************************INDICE SECUNDÁRIO**************************
003PLAS081117ASUS$PLACA-MAE PARA INTEL LGA 1151 MATX##############################################################MECR251216CRUCIAL$MEMORIA RAM 8GB 2400MHZ DDR4#################################################################PRIN080918INTEL$PROCESSADOR INTEL CORE I5-8400 8GE#############################################################F************
001HDSE220517SEAGATE$HD SEAGATE 2TB 7200RPM 64MB################################################################################################################################################################################################################################################################################################F************
001SSKI220618KINGSTON$SSD KINGSTON 2.5 240GB A400 SATA III######################################################################################################################################################################################################################################################################################N000001******
