********************************LISTAR********************************
1 - GEMS230917, MOLO301217
2 - FOCO170912, FOEV280214
2 - MECR251216, MEKI090716
2 - PLAS081117, PRIN080918, TEWA090116
ERRO: Ja existe um registro com a chave primaria: GEMS230917.
********************************ARQUIVO*******************************
GEMS230917@GEOFORCE GTX 1080 TI@MSI@23/09/2018@17@8752.82@010@PLACA DE VIDEO|HARDWARE|GAMER@####################################################################################################MOLO301217@MOUSE GAMER 12000DPI@LOGITECH@30/12/2017@17@249.29@020@MOUSE|GAMER|PERIFERICO@#######################################################################################################TEWA090116@TECLADO GAMER SEMI MECANICO ABNT2@WARRIOR@09/01/2018@16@177.53@003@TECLADO|GAMER|PERIFERICO@#########################################################################################PRIN080918@PROCESSADOR INTEL CORE I5-8400 8GE@INTEL@08/09/2017@18@1208.78@000@PROCESSADOR|HARDWARE|GAMER@#######################################################################################FOCO170912@FONTE  600W 80 PLUS@CORSAIR@17/09/2016@12@376.35@020@FONTE|HARDWARE@#################################################################################################################MECR251216@MEMORIA RAM 8GB 2400MHZ DDR4@CRUCIAL@25/12/2017@16@341.06@010@MEMORIA|RAM|HARDWARE@##################################################################################################MEKI090716@MEMORIA RAM 8GB 2400MHZ DDR4@KINGSTON HYPERX@09/07/2018@16@611.65@005@MEMORIA|RAM|HARDWARE@##########################################################################################FOEV280214@FONTE 600W 80 PLUS@EVGA@28/02/2015@14@339.88@013@FONTE|HARDWARE@#####################################################################################################################PLAS081117@PLACA-MAE PARA INTEL LGA 1151 MATX@ASUS@08/11/2018@17@470.47@010@PLACA MAE|HARDWARE@#################################################################################################
ERRO: Ja existe um registro com a chave primaria: HEMU181217.
ERRO: Ja existe um registro com a chave primaria: GEMS230917.
********************************ARQUIVO*******************************
GEMS230917@GEOFORCE GTX 1080 TI@MSI@23/09/2018@17@8752.82@010@PLACA DE VIDEO|HARDWARE|GAMER@####################################################################################################MOLO301217@MOUSE GAMER 12000DPI@LOGITECH@30/12/2017@17@249.29@020@MOUSE|GAMER|PERIFERICO@#######################################################################################################TEWA090116@TECLADO GAMER SEMI MECANICO ABNT2@WARRIOR@09/01/2018@16@177.53@003@TECLADO|GAMER|PERIFERICO@#########################################################################################PRIN080918@PROCESSADOR INTEL CORE I5-8400 8GE@INTEL@08/09/2017@18@1208.78@000@PROCESSADOR|HARDWARE|GAMER@#######################################################################################FOCO170912@FONTE  600W 80 PLUS@CORSAIR@17/09/2016@12@376.35@020@FONTE|HARDWARE@#################################################################################################################MECR251216@MEMORIA RAM 8GB 2400MHZ DDR4@CRUCIAL@25/12/2017@16@341.06@010@MEMORIA|RAM|HARDWARE@##################################################################################################MEKI090716@MEMORIA RAM 8GB 2400MHZ DDR4@KINGSTON HYPERX@09/07/2018@16@611.65@005@MEMORIA|RAM|HARDWARE@##########################################################################################FOEV280214@FONTE 600W 80 PLUS@EVGA@28/02/2015@14@339.88@013@FONTE|HARDWARE@#####################################################################################################################PLAS081117@PLACA-MAE PARA INTEL LGA 1151 MATX@ASUS@08/11/2018@17@470.47@010@PLACA MAE|HARDWARE@#################################################################################################HEMU181217@HEADSET GAMER WARRIOR PRETO E AZUL@MULTILASER@18/12/2017@17@171.65@020@HEADSET|PERIFERICO@###########################################################################################
ERRO: Ja existe um registro com a chave primaria: HEMU181217.
ERRO: Ja existe um registro com a chave primaria: HEMU181217.
********************************ARQUIVO*******************************
GEMS230917@GEOFORCE GTX 1080 TI@MSI@23/09/2018@17@8752.82@010@PLACA DE VIDEO|HARDWARE|GAMER@####################################################################################################MOLO301217@MOUSE GAMER 12000DPI@LOGITECH@30/12/2017@17@249.29@020@MOUSE|GAMER|PERIFERICO@#######################################################################################################TEWA090116@TECLADO GAMER SEMI MECANICO ABNT2@WARRIOR@09/01/2018@16@177.53@003@TECLADO|GAMER|PERIFERICO@#########################################################################################PRIN080918@PROCESSADOR INTEL CORE I5-8400 8GE@INTEL@08/09/2017@18@1208.78@000@PROCESSADOR|HARDWARE|GAMER@#######################################################################################FOCO170912@FONTE  600W 80 PLUS@CORSAIR@17/09/2016@12@376.35@020@FONTE|HARDWARE@#################################################################################################################MECR251216@MEMORIA RAM 8GB 2400MHZ DDR4@CRUCIAL@25/12/2017@16@341.06@010@MEMORIA|RAM|HARDWARE@##################################################################################################MEKI090716@MEMORIA RAM 8GB 2400MHZ DDR4@KINGSTON HYPERX@09/07/2018@16@611.65@005@MEMORIA|RAM|HARDWARE@##########################################################################################FOEV280214@FONTE 600W 80 PLUS@EVGA@28/02/2015@14@339.88@013@FONTE|HARDWARE@#####################################################################################################################PLAS081117@PLACA-MAE PARA INTEL LGA 1151 MATX@ASUS@08/11/2018@17@470.47@010@PLACA MAE|HARDWARE@#################################################################################################HEMU181217@HEADSET GAMER WARRIOR PRETO E AZUL@MULTILASER@18/12/2017@17@171.65@020@HEADSET|PERIFERICO@###########################################################################################SSKI220618@SSD KINGSTON 2.5 240GB A400 SATA III@KINGSTON@22/06/2018@18@335.18@020@ARMAZENAMENTO|HARDWARE@#######################################################################################
********************************ALTERAR*******************************
Registro(s) nao encontrado!
FALHA AO REALIZAR OPERACAO!
Opcao invalida!
********************************ARQUIVO*******************************
GEMS230917@GEOFORCE GTX 1080 TI@MSI@23/09/2018@17@8752.82@010@PLACA DE VIDEO|HARDWARE|GAMER@####################################################################################################MOLO301217@MOUSE GAMER 12000DPI@LOGITECH@30/12/2017@17@249.29@020@MOUSE|GAMER|PERIFERICO@#######################################################################################################TEWA090116@TECLADO GAMER SEMI MECANICO ABNT2@WARRIOR@09/01/2018@16@177.53@003@TECLADO|GAMER|PERIFERICO@#########################################################################################PRIN080918@PROCESSADOR INTEL CORE I5-8400 8GE@INTEL@08/09/2017@18@1208.78@000@PROCESSADOR|HARDWARE|GAMER@#######################################################################################FOCO170912@FONTE  600W 80 PLUS@CORSAIR@17/09/2016@12@376.35@020@FONTE|HARDWARE@#################################################################################################################MECR251216@MEMORIA RAM 8GB 2400MHZ DDR4@CRUCIAL@25/12/2017@16@341.06@010@MEMORIA|RAM|HARDWARE@##################################################################################################MEKI090716@MEMORIA RAM 8GB 2400MHZ DDR4@KINGSTON HYPERX@09/07/2018@16@611.65@005@MEMORIA|RAM|HARDWARE@##########################################################################################FOEV280214@FONTE 600W 80 PLUS@EVGA@28/02/2015@14@339.88@013@FONTE|HARDWARE@#####################################################################################################################PLAS081117@PLACA-MAE PARA INTEL LGA 1151 MATX@ASUS@08/11/2018@17@470.47@010@PLACA MAE|HARDWARE@#################################################################################################HEMU181217@HEADSET GAMER WARRIOR PRETO E AZUL@MULTILASER@18/12/2017@17@171.65@020@HEADSET|PERIFERICO@###########################################################################################SSKI220618@SSD KINGSTON 2.5 240GB A400 SATA III@KINGSTON@22/06/2018@18@335.18@020@ARMAZENAMENTO|HARDWARE@#######################################################################################
********************************LISTAR********************************
1 - GEMS230917, MOLO301217
2 - FOCO170912, FOEV280214
2 - HEMU181217, MECR251216, MEKI090716
2 - PLAS081117, PRIN080918, SSKI220618, TEWA090116
ERRO: Ja existe um registro com a chave primaria: MECR251216.
ERRO: Ja existe um registro com a chave primaria: MEKI090716.
ERRO: Ja existe um registro com a chave primaria: FOEV280214.
ERRO: Ja existe um registro com a chave primaria: PLAS081117.
********************************ARQUIVO*******************************
GEMS230917@GEOFORCE GTX 1080 TI@MSI@23/09/2018@17@8752.82@010@PLACA DE VIDEO|HARDWARE|GAMER@####################################################################################################MOLO301217@MOUSE GAMER 12000DPI@LOGITECH@30/12/2017@17@249.29@020@MOUSE|GAMER|PERIFERICO@#######################################################################################################TEWA090116@TECLADO GAMER SEMI MECANICO ABNT2@WARRIOR@09/01/2018@16@177.53@003@TECLADO|GAMER|PERIFERICO@#########################################################################################PRIN080918@PROCESSADOR INTEL CORE I5-8400 8GE@INTEL@08/09/2017@18@1208.78@000@PROCESSADOR|HARDWARE|GAMER@#######################################################################################FOCO170912@FONTE  600W 80 PLUS@CORSAIR@17/09/2016@12@376.35@020@FONTE|HARDWARE@#################################################################################################################MECR251216@MEMORIA RAM 8GB 2400MHZ DDR4@CRUCIAL@25/12/2017@16@341.06@010@MEMORIA|RAM|HARDWARE@##################################################################################################MEKI090716@MEMORIA RAM 8GB 2400MHZ DDR4@KINGSTON HYPERX@09/07/2018@16@611.65@005@MEMORIA|RAM|HARDWARE@##########################################################################################FOEV280214@FONTE 600W 80 PLUS@EVGA@28/02/2015@14@339.88@013@FONTE|HARDWARE@#####################################################################################################################PLAS081117@PLACA-MAE PARA INTEL LGA 1151 MATX@ASUS@08/11/2018@17@470.47@010@PLACA MAE|HARDWARE@#################################################################################################HEMU181217@HEADSET GAMER WARRIOR PRETO E AZUL@MULTILASER@18/12/2017@17@171.65@020@HEADSET|PERIFERICO@###########################################################################################SSKI220618@SSD KINGSTON 2.5 240GB A400 SATA III@KINGSTON@22/06/2018@18@335.18@020@ARMAZENAMENTO|HARDWARE@#######################################################################################
********************************BUSCAR********************************
Busca por PLAS081117. Nos percorridos:
GEMS230917, MOLO301217
PLAS081117, PRIN080918, SSKI220618, TEWA090116

PLAS081117
PLACA-MAE PARA INTEL LGA 1151 MATX
ASUS
08/11/2018
17
0423.42
PLACA MAE HARDWARE 
********************************LISTAR********************************
1 - GEMS230917, MOLO301217
2 - FOCO170912, FOEV280214
2 - HEMU181217, MECR251216, MEKI090716
2 - PLAS081117, PRIN080918, SSKI220618, TEWA090116
********************************ARQUIVO*******************************
GEMS230917@GEOFORCE GTX 1080 TI@MSI@23/09/2018@17@8752.82@010@PLACA DE VIDEO|HARDWARE|GAMER@####################################################################################################MOLO301217@MOUSE GAMER 12000DPI@LOGITECH@30/12/2017@17@249.29@020@MOUSE|GAMER|PERIFERICO@#######################################################################################################TEWA090116@TECLADO GAMER SEMI MECANICO ABNT2@WARRIOR@09/01/2018@16@177.53@003@TECLADO|GAMER|PERIFERICO@#########################################################################################PRIN080918@PROCESSADOR INTEL CORE I5-8400 8GE@INTEL@08/09/2017@18@1208.78@000@PROCESSADOR|HARDWARE|GAMER@#######################################################################################FOCO170912@FONTE  600W 80 PLUS@CORSAIR@17/09/2016@12@376.35@020@FONTE|HARDWARE@#################################################################################################################MECR251216@MEMORIA RAM 8GB 2400MHZ DDR4@CRUCIAL@25/12/2017@16@341.06@010@MEMORIA|RAM|HARDWARE@##################################################################################################MEKI090716@MEMORIA RAM 8GB 2400MHZ DDR4@KINGSTON HYPERX@09/07/2018@16@611.65@005@MEMORIA|RAM|HARDWARE@##########################################################################################FOEV280214@FONTE 600W 80 PLUS@EVGA@28/02/2015@14@339.88@013@FONTE|HARDWARE@#####################################################################################################################PLAS081117@PLACA-MAE PARA INTEL LGA 1151 MATX@ASUS@08/11/2018@17@470.47@010@PLACA MAE|HARDWARE@#################################################################################################HEMU181217@HEADSET GAMER WARRIOR PRETO E AZUL@MULTILASER@18/12/2017@17@171.65@020@HEADSET|PERIFERICO@###########################################################################################SSKI220618@SSD KINGSTON 2.5 240GB A400 SATA III@KINGSTON@22/06/2018@18@335.18@020@ARMAZENAMENTO|HARDWARE@#######################################################################################
********************************BUSCAR********************************
Busca por FOCO170912. Nos percorridos:
GEMS230917, MOLO301217
FOCO170912, FOEV280214

FOCO170912
FONTE  600W 80 PLUS
CORSAIR
17/09/2016
12
0301.08
FONTE HARDWARE 
********************************ARQUIVO*******************************
GEMS230917@GEOFORCE GTX 1080 TI@MSI@23/09/2018@17@8752.82@010@PLACA DE VIDEO|HARDWARE|GAMER@####################################################################################################MOLO301217@MOUSE GAMER 12000DPI@LOGITECH@30/12/2017@17@249.29@020@MOUSE|GAMER|PERIFERICO@#######################################################################################################TEWA090116@TECLADO GAMER SEMI MECANICO ABNT2@WARRIOR@09/01/2018@16@177.53@003@TECLADO|GAMER|PERIFERICO@#########################################################################################PRIN080918@PROCESSADOR INTEL CORE I5-8400 8GE@INTEL@08/09/2017@18@1208.78@000@PROCESSADOR|HARDWARE|GAMER@#######################################################################################FOCO170912@FONTE  600W 80 PLUS@CORSAIR@17/09/2016@12@376.35@020@FONTE|HARDWARE@#################################################################################################################MECR251216@MEMORIA RAM 8GB 2400MHZ DDR4@CRUCIAL@25/12/2017@16@341.06@010@MEMORIA|RAM|HARDWARE@##################################################################################################MEKI090716@MEMORIA RAM 8GB 2400MHZ DDR4@KINGSTON HYPERX@09/07/2018@16@611.65@005@MEMORIA|RAM|HARDWARE@##########################################################################################FOEV280214@FONTE 600W 80 PLUS@EVGA@28/02/2015@14@339.88@013@FONTE|HARDWARE@#####################################################################################################################PLAS081117@PLACA-MAE PARA INTEL LGA 1151 MATX@ASUS@08/11/2018@17@470.47@010@PLACA MAE|HARDWARE@#################################################################################################HEMU181217@HEADSET GAMER WARRIOR PRETO E AZUL@MULTILASER@18/12/2017@17@171.65@020@HEADSET|PERIFERICO@###########################################################################################SSKI220618@SSD KINGSTON 2.5 240GB A400 SATA III@KINGSTON@22/06/2018@18@335.18@020@ARMAZENAMENTO|HARDWARE@#######################################################################################
********************************LISTAR********************************
***************************INDICE SECUNDÁRIO**************************
002PLAS081117ASUS$PLACA-MAE PARA INTEL LGA 1151 MATX##############################################################FOCO170912CORSAIR$FONTE  600W 80 PLUS#########################################################################################################################################################################################F************
002HEMU181217MULTILASER$HEADSET GAMER WARRIOR PRETO E AZUL########################################################TEWA090116WARRIOR$TECLADO GAMER SEMI MECANICO ABNT2###########################################################################################################################################################################F************
003MECR251216CRUCIAL$MEMORIA RAM 8GB 2400MHZ DDR4#################################################################PRIN080918INTEL$PROCESSADOR INTEL CORE I5-8400 8GE#############################################################GEMS230917MSI$GEOFORCE GTX 1080 TI#############################################################################N000004003001
003MEKI090716KINGSTON HYPERX$MEMORIA RAM 8GB 2400MHZ DDR4#########################################################SSKI220618KINGSTON$SSD KINGSTON 2.5 240GB A400 SATA III########################################################MOLO301217LOGITECH$MOUSE GAMER 12000DPI########################################################################F************
001FOEV280214EVGA$FONTE 600W 80 PLUS############################################################################################################################################################################################################################################################################################################F************
ERRO: Ja existe um registro com a chave primaria: FOCO170912.
***************************INDICE PRIMÁRIO****************************
002FOCO1709120004FOEV2802140007############################F***************
004PLAS0811170008PRIN0809180003SSKI2206180010TEWA0901160002F***************
002GEMS2309170000MOLO3012170001############################N000003001******
003HEMU1812170009MECR2512160005MEKI0907160006##############F***************
********************************ARQUIVO*******************************
GEMS230917@GEOFORCE GTX 1080 TI@MSI@23/09/2018@17@8752.82@010@PLACA DE VIDEO|HARDWARE|GAMER@####################################################################################################MOLO301217@MOUSE GAMER 12000DPI@LOGITECH@30/12/2017@17@249.29@020@MOUSE|GAMER|PERIFERICO@#######################################################################################################TEWA090116@TECLADO GAMER SEMI MECANICO ABNT2@WARRIOR@09/01/2018@16@177.53@003@TECLADO|GAMER|PERIFERICO@#########################################################################################PRIN080918@PROCESSADOR INTEL CORE I5-8400 8GE@INTEL@08/09/2017@18@1208.78@000@PROCESSADOR|HARDWARE|GAMER@#######################################################################################FOCO170912@FONTE  600W 80 PLUS@CORSAIR@17/09/2016@12@376.35@020@FONTE|HARDWARE@#################################################################################################################MECR251216@MEMORIA RAM 8GB 2400MHZ DDR4@CRUCIAL@25/12/2017@16@341.06@010@MEMORIA|RAM|HARDWARE@##################################################################################################MEKI090716@MEMORIA RAM 8GB 2400MHZ DDR4@KINGSTON HYPERX@09/07/2018@16@611.65@005@MEMORIA|RAM|HARDWARE@##########################################################################################FOEV280214@FONTE 600W 80 PLUS@EVGA@28/02/2015@14@339.88@013@FONTE|HARDWARE@#####################################################################################################################PLAS081117@PLACA-MAE PARA INTEL LGA 1151 MATX@ASUS@08/11/2018@17@470.47@010@PLACA MAE|HARDWARE@#################################################################################################HEMU181217@HEADSET GAMER WARRIOR PRETO E AZUL@MULTILASER@18/12/2017@17@171.65@020@HEADSET|PERIFERICO@###########################################################################################SSKI220618@SSD KINGSTON 2.5 240GB A400 SATA III@KINGSTON@22/06/2018@18@335.18@020@ARMAZENAMENTO|HARDWARE@#######################################################################################
***************************INDICE SECUNDÁRIO**************************
002PLAS081117ASUS$PLACA-MAE PARA INTEL LGA 1151 MATX##############################################################FOCO170912CORSAIR$FONTE  600W 80 PLUS#########################################################################################################################################################################################F************
002HEMU181217MULTILASER$HEADSET GAMER WARRIOR PRETO E AZUL########################################################TEWA090116WARRIOR$TECLADO GAMER SEMI MECANICO ABNT2###########################################################################################################################################################################F************
003MECR251216CRUCIAL$MEMORIA RAM 8GB 2400MHZ DDR4#################################################################PRIN080918INTEL$PROCESSADOR INTEL CORE I5-8400 8GE#############################################################GEMS230917MSI$GEOFORCE GTX 1080 TI#############################################################################N000004003001
003MEKI090716KINGSTON HYPERX$MEMORIA RAM 8GB 2400MHZ DDR4#########################################################SSKI220618KINGSTON$SSD KINGSTON 2.5 240GB A400 SATA III########################################################MOLO301217LOGITECH$MOUSE GAMER 12000DPI########################################################################F************
001FOEV280214EVGA$FONTE 600W 80 PLUS############################################################################################################################################################################################################################################################################################################F************
