***************************INDICE SECUNDÁRIO**************************
Arquivo vazio!
***************************INDICE PRIMÁRIO****************************
Arquivo vazio!
********************************ARQUIVO*******************************
Arquivo vazio!
********************************LISTAR********************************
1 - HDSE220517
********************************ALTERAR*******************************
OPERACAO REALIZADA COM SUCESSO!
********************************ARQUIVO*******************************
HDSE220517@HD SEAGATE 2TB 7200RPM 64MB@SEAGATE@22/05/2018@17@375.55@040@ARMAZENAMENTO|HARDWARE@#################################################################################################
********************************BUSCAR********************************
Busca por PRIN080917. Nos percorridos:
MECR251216
PLAS081117

Registro(s) nao encontrado!
ERRO: Ja existe um registro com a chave primaria: MECR251216.
********************************ARQUIVO*******************************
HDSE220517@HD SEAGATE 2TB 7200RPM 64MB@SEAGATE@22/05/2018@17@375.55@040@ARMAZENAMENTO|HARDWARE@#################################################################################################MECR251216@MEMORIA RAM 8GB 2400MHZ DDR4@CRUCIAL@25/12/2017@16@341.06@010@MEMORIA|RAM|HARDWARE@##################################################################################################PLAS081117@PLACA-MAE PARA INTEL LGA@ASUS@08/11/2018@17@470.47@010@PLACA MAE|HARDWARE@###########################################################################################################ININ080918@INTEL CORE I5-8400 8GE@INTEL@08/09/2017@18@1208.78@000@PROCESSADOR|HARDWARE@#########################################################################################################MEKI090716@MEMORIA RAM 8GB 2400MHZ DDR4@KINGSTON HYPERX@09/07/2018@16@611.65@005@MEMORIA|RAM|HARDWARE@##########################################################################################
********************************ALTERAR*******************************
OPERACAO REALIZADA COM SUCESSO!
********************************ALTERAR*******************************
OPERACAO REALIZADA COM SUCESSO!
***************************INDICE SECUNDÁRIO**************************
003PLAS081117ASUS$PLACA-MAE PARA INTEL LGA########################################################################FOCO170912CORSAIR$FONTE 600W 80 PLUS###########################################################################MECR251216CRUCIAL$MEMORIA RAM 8GB 2400MHZ DDR4#################################################################F************
002MEKI090716KINGSTON HYPERX$MEMORIA RAM 8GB 2400MHZ DDR4#########################################################HEMU181217MULTILASER$HEADSET GAMER WARRIOR PRETO E AZUL#######################################################################################################################################################################F************
002ININ080918INTEL$INTEL CORE I5-8400 8GE#########################################################################HDSE220517SEAGATE$HD SEAGATE 2TB 7200RPM 64MB#################################################################################################################################################################################N000001003***
001GASH190317SHARKOON$GABINETE SHARKOON TG5 BLUE VIDRO TEMPERADO ATX############################################################################################################################################################################################################################################################################F************
***************************INDICE PRIMÁRIO****************************
002FOCO1709120005GASH1903170007F*********
002MEKI0907160004PLAS0811170002F*********
002HDSE2205170000MECR2512160001N000003001
002HEMU1812170006ININ0809180003F*********
