********************************ARQUIVO*******************************
GEMS230917@GEOFORCE GTX 1080 TI@MSI@23/09/2018@17@8752.82@010@PLACA DE VIDEO|HARDWARE|GAMER@####################################################################################################MOLO301217@MOUSE GAMER 12000DPI@LOGITECH@30/12/2017@17@249.29@020@MOUSE|GAMER|PERIFERICO@#######################################################################################################
***************************INDICE PRIMÁRIO****************************
002GEMS2309170000MOLO3012170001F*********
********************************BUSCAR********************************
Busca por TEWA090116. Nos percorridos:
MOLO301217
PRIN080918, TEWA090116

TEWA090116
TECLADO GAMER SEMI MECANICO ABNT2
WARRIOR
09/01/2018
16
0172.20
TECLADO GAMER PERIFERICO 
********************************LISTAR********************************
1 - MOLO301217
2 - GEMS230917
2 - PRIN080918, TEWA090116
********************************ARQUIVO*******************************
GEMS230917@GEOFORCE GTX 1080 TI@MSI@23/09/2018@17@8752.82@010@PLACA DE VIDEO|HARDWARE|GAMER@####################################################################################################MOLO301217@MOUSE GAMER 12000DPI@LOGITECH@30/12/2017@17@249.29@020@MOUSE|GAMER|PERIFERICO@#######################################################################################################TEWA090116@TECLADO GAMER SEMI MECANICO ABNT2@WARRIOR@09/01/2018@16@177.53@003@TECLADO|GAMER|PERIFERICO@#########################################################################################PRIN080918@PROCESSADOR INTEL CORE I5-8400 8GE@INTEL@08/09/2017@18@1208.78@000@PROCESSADOR|HARDWARE|GAMER@#######################################################################################FOCO170912@FONTE  600W 80 PLUS@CORSAIR@17/09/2016@12@376.35@020@FONTE|HARDWARE@#################################################################################################################
********************************LISTAR********************************
1 - GEMS230917, MOLO301217
2 - FOCO170912
2 - MECR251216, MEKI090716
2 - PRIN080918, TEWA090116
********************************BUSCAR********************************
Busca por HHGG998812. Nos percorridos:
GEMS230917, MOLO301217
MECR251216, MEKI090716

Registro(s) nao encontrado!
********************************ARQUIVO*******************************
GEMS230917@GEOFORCE GTX 1080 TI@MSI@23/09/2018@17@8752.82@010@PLACA DE VIDEO|HARDWARE|GAMER@####################################################################################################MOLO301217@MOUSE GAMER 12000DPI@LOGITECH@30/12/2017@17@249.29@020@MOUSE|GAMER|PERIFERICO@#######################################################################################################TEWA090116@TECLADO GAMER SEMI MECANICO ABNT2@WARRIOR@09/01/2018@16@177.53@003@TECLADO|GAMER|PERIFERICO@#########################################################################################PRIN080918@PROCESSADOR INTEL CORE I5-8400 8GE@INTEL@08/09/2017@18@1208.78@000@PROCESSADOR|HARDWARE|GAMER@#######################################################################################FOCO170912@FONTE  600W 80 PLUS@CORSAIR@17/09/2016@12@376.35@020@FONTE|HARDWARE@#################################################################################################################MECR251216@MEMORIA RAM 8GB 2400MHZ DDR4@CRUCIAL@25/12/2017@16@341.06@010@MEMORIA|RAM|HARDWARE@##################################################################################################MEKI090716@MEMORIA RAM 8GB 2400MHZ DDR4@KINGSTON HYPERX@09/07/2018@16@611.65@005@MEMORIA|RAM|HARDWARE@##########################################################################################FOEV280214@FONTE 600W 80 PLUS@EVGA@28/02/2015@14@339.88@013@FONTE|HARDWARE@#####################################################################################################################PLAS081117@PLACA-MAE PARA INTEL LGA 1151 MATX@ASUS@08/11/2018@17@470.47@010@PLACA MAE|HARDWARE@#################################################################################################
ERRO: Ja existe um registro com a chave primaria: GEMS230917.
***************************INDICE PRIMÁRIO****************************
002FOCO1709120004FOEV2802140007F*********
001PLAS0811170008##############F*********
001GEMS2309170000##############N000003***
002MECR2512160005MEKI0907160006F*********
001TEWA0901160002##############F*********
001PRIN0809180003##############N001004***
001MOLO3012170001##############N002005***
********************************LISTAR********************************
1 - MOLO301217
2 - GEMS230917
3 - FOCO170912, FOEV280214
3 - MECR251216, MEKI090716
2 - PRIN080918
3 - PLAS081117
3 - TEWA090116
********************************BUSCAR********************************
Busca por GEMS230917. Nos percorridos:
MOLO301217
GEMS230917

GEMS230917
GEOFORCE GTX 1080 TI
MSI
23/09/2018
17
7877.53
PLACA DE VIDEO HARDWARE GAMER 
