ERRO: Ja existe um registro com a chave primaria: FOCO170912.
********************************ALTERAR*******************************
Registro(s) nao encontrado!
FALHA AO REALIZAR OPERACAO!
Opcao invalida!
********************************ARQUIVO*******************************
FOCO170912@FONTE 600W 80 PLUS@CORSAIR@17/09/2016@12@376.35@020@FONTE|HARDWARE@##################################################################################################################HEMU181217@HEADSET GAMER WARRIOR PRETO E AZUL@MULTILASER@18/12/2017@17@171.65@020@HEADSET|PERIFERICO@###########################################################################################GASH190317@GABINETE SHARKOON TG5 BLUE VIDRO TEMPERADO ATX@SHARKOON@19/03/2018@17@329.29@010@GABINETE@###########################################################################################MECR251216@MEMORIA RAM 8GB 2400MHZ DDR4@CRUCIAL@25/12/2017@16@341.06@010@MEMORIA|RAM|HARDWARE@##################################################################################################MEKI090716@MEMORIA RAM 8GB 2400MHZ DDR4@KINGSTON HYPERX@09/07/2018@16@611.65@005@MEMORIA|RAM|HARDWARE@##########################################################################################HDSE220517@HD SEAGATE 2TB 7200RPM 64MB@SEAGATE@22/05/2018@17@375.55@005@ARMAZENAMENTO|HARDWARE@#################################################################################################
********************************ALTERAR*******************************
OPERACAO REALIZADA COM SUCESSO!
********************************ARQUIVO*******************************
FOCO170912@FONTE 600W 80 PLUS@CORSAIR@17/09/2016@12@376.35@020@FONTE|HARDWARE@##################################################################################################################HEMU181217@HEADSET GAMER WARRIOR PRETO E AZUL@MULTILASER@18/12/2017@17@171.65@020@HEADSET|PERIFERICO@###########################################################################################GASH190317@GABINETE SHARKOON TG5 BLUE VIDRO TEMPERADO ATX@SHARKOON@19/03/2018@17@329.29@010@GABINETE@###########################################################################################MECR251216@MEMORIA RAM 8GB 2400MHZ DDR4@CRUCIAL@25/12/2017@16@341.06@010@MEMORIA|RAM|HARDWARE@##################################################################################################MEKI090716@MEMORIA RAM 8GB 2400MHZ DDR4@KINGSTON HYPERX@09/07/2018@16@611.65@005@MEMORIA|RAM|HARDWARE@##########################################################################################HDSE220517@HD SEAGATE 2TB 7200RPM 64MB@SEAGATE@22/05/2018@17@375.55@050@ARMAZENAMENTO|HARDWARE@#################################################################################################
ERRO: Ja existe um registro com a chave primaria: HDSE220517.
********************************ARQUIVO*******************************
FOCO170912@FONTE 600W 80 PLUS@CORSAIR@17/09/2016@12@376.35@020@FONTE|HARDWARE@##################################################################################################################HEMU181217@HEADSET GAMER WARRIOR PRETO E AZUL@MULTILASER@18/12/2017@17@171.65@020@HEADSET|PERIFERICO@###########################################################################################GASH190317@GABINETE SHARKOON TG5 BLUE VIDRO TEMPERADO ATX@SHARKOON@19/03/2018@17@329.29@010@GABINETE@###########################################################################################MECR251216@MEMORIA RAM 8GB 2400MHZ DDR4@CRUCIAL@25/12/2017@16@341.06@010@MEMORIA|RAM|HARDWARE@##################################################################################################MEKI090716@MEMORIA RAM 8GB 2400MHZ DDR4@KINGSTON HYPERX@09/07/2018@16@611.65@005@MEMORIA|RAM|HARDWARE@##########################################################################################HDSE220517@HD SEAGATE 2TB 7200RPM 64MB@SEAGATE@22/05/2018@17@375.55@050@ARMAZENAMENTO|HARDWARE@#################################################################################################SSKI220618@SSD KINGSTON 2.5 240GB A400 SATA III@KINGSTON@22/06/2018@18@335.18@020@ARMAZENAMENTO|HARDWARE@#######################################################################################
********************************ALTERAR*******************************
OPERACAO REALIZADA COM SUCESSO!
ERRO: Ja existe um registro com a chave primaria: HDSE220517.
********************************ARQUIVO*******************************
FOCO170912@FONTE 600W 80 PLUS@CORSAIR@17/09/2016@12@376.35@020@FONTE|HARDWARE@##################################################################################################################HEMU181217@HEADSET GAMER WARRIOR PRETO E AZUL@MULTILASER@18/12/2017@17@171.65@020@HEADSET|PERIFERICO@###########################################################################################GASH190317@GABINETE SHARKOON TG5 BLUE VIDRO TEMPERADO ATX@SHARKOON@19/03/2018@17@329.29@010@GABINETE@###########################################################################################MECR251216@MEMORIA RAM 8GB 2400MHZ DDR4@CRUCIAL@25/12/2017@16@341.06@010@MEMORIA|RAM|HARDWARE@##################################################################################################MEKI090716@MEMORIA RAM 8GB 2400MHZ DDR4@KINGSTON HYPERX@09/07/2018@16@611.65@005@MEMORIA|RAM|HARDWARE@##########################################################################################HDSE220517@HD SEAGATE 2TB 7200RPM 64MB@SEAGATE@22/05/2018@17@375.55@100@ARMAZENAMENTO|HARDWARE@#################################################################################################SSKI220618@SSD KINGSTON 2.5 240GB A400 SATA III@KINGSTON@22/06/2018@18@335.18@020@ARMAZENAMENTO|HARDWARE@#######################################################################################
********************************LISTAR********************************
1 - HEMU181217
2 - FOCO170912, GASH190317, HDSE220517
2 - MECR251216, MEKI090716, SSKI220618
********************************BUSCAR********************************
Busca por MECR251216. Nos percorridos:
HEMU181217
MECR251216, MEKI090716, SSKI220618

MECR251216
MEMORIA RAM 8GB 2400MHZ DDR4
CRUCIAL
25/12/2017
16
0306.95
MEMORIA RAM HARDWARE 
********************************BUSCAR********************************
Busca por SEAGATE$HD SEAGATE 2TB 7200RPM 64MB.
Nos percorridos:
CRUCIAL$MEMORIA RAM 8GB 2400MHZ DDR4, MULTILASER$HEADSET GAMER WARRIOR PRETO E AZUL
SEAGATE$HD SEAGATE 2TB 7200RPM 64MB, SHARKOON$GABINETE SHARKOON TG5 BLUE VIDRO TEMPERADO ATX

HDSE220517
HD SEAGATE 2TB 7200RPM 64MB
SEAGATE
22/05/2018
17
0000.00
ARMAZENAMENTO HARDWARE 
********************************ARQUIVO*******************************
FOCO170912@FONTE 600W 80 PLUS@CORSAIR@17/09/2016@12@376.35@020@FONTE|HARDWARE@##################################################################################################################HEMU181217@HEADSET GAMER WARRIOR PRETO E AZUL@MULTILASER@18/12/2017@17@171.65@020@HEADSET|PERIFERICO@###########################################################################################GASH190317@GABINETE SHARKOON TG5 BLUE VIDRO TEMPERADO ATX@SHARKOON@19/03/2018@17@329.29@010@GABINETE@###########################################################################################MECR251216@MEMORIA RAM 8GB 2400MHZ DDR4@CRUCIAL@25/12/2017@16@341.06@010@MEMORIA|RAM|HARDWARE@##################################################################################################MEKI090716@MEMORIA RAM 8GB 2400MHZ DDR4@KINGSTON HYPERX@09/07/2018@16@611.65@005@MEMORIA|RAM|HARDWARE@##########################################################################################HDSE220517@HD SEAGATE 2TB 7200RPM 64MB@SEAGATE@22/05/2018@17@375.55@100@ARMAZENAMENTO|HARDWARE@#################################################################################################SSKI220618@SSD KINGSTON 2.5 240GB A400 SATA III@KINGSTON@22/06/2018@18@335.18@020@ARMAZENAMENTO|HARDWARE@#######################################################################################
***************************INDICE PRIMÁRIO****************************
003FOCO1709120000GASH1903170002HDSE2205170005F************
003MECR2512160003MEKI0907160004SSKI2206180006F************
001HEMU1812170001############################N000001******
********************************LISTAR********************************
1 - HEMU181217
2 - FOCO170912, GASH190317, HDSE220517
2 - MECR251216, MEKI090716, SSKI220618
