ERRO: Ja existe um registro com a chave primaria: FOCO170912.
********************************ARQUIVO*******************************
FOCO170912@FONTE 600W 80 PLUS@CORSAIR@17/09/2016@12@376.35@020@FONTE|HARDWARE@##################################################################################################################HEMU181217@HEADSET GAMER WARRIOR PRETO E AZUL@MULTILASER@18/12/2017@17@171.65@020@HEADSET|PERIFERICO@###########################################################################################MECR251216@MEMORIA RAM 8GB 2400MHZ DDR4@CRUCIAL@25/12/2017@16@341.06@010@MEMORIA|RAM|HARDWARE@##################################################################################################MEKI090716@MEMORIA RAM 8GB 2400MHZ DDR4@KINGSTON HYPERX@09/07/2018@16@611.65@005@MEMORIA|RAM|HARDWARE@##########################################################################################
***************************INDICE PRIMÁRIO****************************
002FOCO1709120000HEMU1812170001##############F************
001MEKI0907160003############################F************
001MECR2512160002############################N000001******
***************************INDICE SECUNDÁRIO**************************
001FOCO170912CORSAIR$FONTE 600W 80 PLUS##########################################################################################################################################################################################F*********
002MEKI090716KINGSTON HYPERX$MEMORIA RAM 8GB 2400MHZ DDR4#########################################################HEMU181217MULTILASER$HEADSET GAMER WARRIOR PRETO E AZUL########################################################F*********
001MECR251216CRUCIAL$MEMORIA RAM 8GB 2400MHZ DDR4################################################################################################################################################################################N000001***
********************************LISTAR********************************
1 - MECR251216
2 - FOCO170912, HEMU181217
2 - MEKI090716
********************************ALTERAR*******************************
OPERACAO REALIZADA COM SUCESSO!
********************************ALTERAR*******************************
OPERACAO REALIZADA COM SUCESSO!
********************************ALTERAR*******************************
OPERACAO REALIZADA COM SUCESSO!
ERRO: Ja existe um registro com a chave primaria: MEKI090716.
********************************ARQUIVO*******************************
FOCO170912@FONTE 600W 80 PLUS@CORSAIR@17/09/2016@12@376.35@020@FONTE|HARDWARE@##################################################################################################################HEMU181217@HEADSET GAMER WARRIOR PRETO E AZUL@MULTILASER@18/12/2017@17@171.65@020@HEADSET|PERIFERICO@###########################################################################################MECR251216@MEMORIA RAM 8GB 2400MHZ DDR4@CRUCIAL@25/12/2017@16@341.06@010@MEMORIA|RAM|HARDWARE@##################################################################################################MEKI090716@MEMORIA RAM 8GB 2400MHZ DDR4@KINGSTON HYPERX@09/07/2018@16@611.65@100@MEMORIA|RAM|HARDWARE@##########################################################################################GASH190317@GABINETE SHARKOON TG5 BLUE VIDRO TEMPERADO ATX@SHARKOON@19/03/2018@17@329.29@030@GABINETE@###########################################################################################HDSE220517@HD SEAGATE 2TB 7200RPM 64MB@SEAGATE@22/05/2018@17@375.55@080@ARMAZENAMENTO|HARDWARE@#################################################################################################PLAS081117@PLACA-MAE PARA INTEL LGA 1151 MATX@ASUS@08/11/2018@17@470.47@010@PLACA MAE|HARDWARE@#################################################################################################PRIN080918@PROCESSADOR INTEL CORE I5-8400 8GE@INTEL@08/09/2017@18@1208.78@000@PROCESSADOR|HARDWARE@#############################################################################################
Opcao invalida!
********************************ALTERAR*******************************
OPERACAO REALIZADA COM SUCESSO!
********************************ARQUIVO*******************************
FOCO170912@FONTE 600W 80 PLUS@CORSAIR@17/09/2016@12@376.35@020@FONTE|HARDWARE@##################################################################################################################HEMU181217@HEADSET GAMER WARRIOR PRETO E AZUL@MULTILASER@18/12/2017@17@171.65@020@HEADSET|PERIFERICO@###########################################################################################MECR251216@MEMORIA RAM 8GB 2400MHZ DDR4@CRUCIAL@25/12/2017@16@341.06@010@MEMORIA|RAM|HARDWARE@##################################################################################################MEKI090716@MEMORIA RAM 8GB 2400MHZ DDR4@KINGSTON HYPERX@09/07/2018@16@611.65@100@MEMORIA|RAM|HARDWARE@##########################################################################################GASH190317@GABINETE SHARKOON TG5 BLUE VIDRO TEMPERADO ATX@SHARKOON@19/03/2018@17@329.29@030@GABINETE@###########################################################################################HDSE220517@HD SEAGATE 2TB 7200RPM 64MB@SEAGATE@22/05/2018@17@375.55@080@ARMAZENAMENTO|HARDWARE@#################################################################################################PLAS081117@PLACA-MAE PARA INTEL LGA 1151 MATX@ASUS@08/11/2018@17@470.47@010@PLACA MAE|HARDWARE@#################################################################################################PRIN080918@PROCESSADOR INTEL CORE I5-8400 8GE@INTEL@08/09/2017@18@1208.78@000@PROCESSADOR|HARDWARE@#############################################################################################GEMS230917@GEOFORCE GTX 1080 TI@MSI@23/09/2018@17@8752.82@010@1@################################################################################################################################MOLO301217@MOUSE GAMER 12000DPI@LOGITECH@30/12/2017@17@249.29@069@MOUSE|GAMER|PERIFERICO@#######################################################################################################
***************************INDICE PRIMÁRIO****************************
003FOCO1709120000GASH1903170004GEMS2309170008F************
002MEKI0907160003MOLO3012170009##############F************
003HDSE2205170005MECR2512160002PLAS0811170006N000003001004
001HEMU1812170001############################F************
002PRIN0809180007TEWA0901160010##############F************
********************************ALTERAR*******************************
OPERACAO REALIZADA COM SUCESSO!
********************************ALTERAR*******************************
OPERACAO REALIZADA COM SUCESSO!
********************************ALTERAR*******************************
OPERACAO REALIZADA COM SUCESSO!
********************************LISTAR********************************
1 - HDSE220517, MECR251216, PLAS081117
2 - FOCO170912, GASH190317, GEMS230917
2 - HEMU181217
2 - MEKI090716, MOLO301217
2 - PRIN080918, TEWA090116
********************************BUSCAR********************************
Busca por HEMU181217. Nos percorridos:
HDSE220517, MECR251216, PLAS081117
HEMU181217

HEMU181217
HEADSET GAMER WARRIOR PRETO E AZUL
MULTILASER
18/12/2017
17
0120.15
HEADSET PERIFERICO 
********************************ARQUIVO*******************************
FOCO170912@FONTE 600W 80 PLUS@CORSAIR@17/09/2016@12@376.35@040@FONTE|HARDWARE@##################################################################################################################HEMU181217@HEADSET GAMER WARRIOR PRETO E AZUL@MULTILASER@18/12/2017@17@171.65@030@HEADSET|PERIFERICO@###########################################################################################MECR251216@MEMORIA RAM 8GB 2400MHZ DDR4@CRUCIAL@25/12/2017@16@341.06@010@MEMORIA|RAM|HARDWARE@##################################################################################################MEKI090716@MEMORIA RAM 8GB 2400MHZ DDR4@KINGSTON HYPERX@09/07/2018@16@611.65@100@MEMORIA|RAM|HARDWARE@##########################################################################################GASH190317@GABINETE SHARKOON TG5 BLUE VIDRO TEMPERADO ATX@SHARKOON@19/03/2018@17@329.29@030@GABINETE@###########################################################################################HDSE220517@HD SEAGATE 2TB 7200RPM 64MB@SEAGATE@22/05/2018@17@375.55@080@ARMAZENAMENTO|HARDWARE@#################################################################################################PLAS081117@PLACA-MAE PARA INTEL LGA 1151 MATX@ASUS@08/11/2018@17@470.47@080@PLACA MAE|HARDWARE@#################################################################################################PRIN080918@PROCESSADOR INTEL CORE I5-8400 8GE@INTEL@08/09/2017@18@1208.78@000@PROCESSADOR|HARDWARE@#############################################################################################GEMS230917@GEOFORCE GTX 1080 TI@MSI@23/09/2018@17@8752.82@010@1@################################################################################################################################MOLO301217@MOUSE GAMER 12000DPI@LOGITECH@30/12/2017@17@249.29@069@MOUSE|GAMER|PERIFERICO@#######################################################################################################TEWA090116@TECLADO GAMER SEMI MECANICO ABNT2@WARRIOR@09/01/2018@16@177.53@000@TECLADO|GAMER|PERIFERICO@#########################################################################################
