********************************LISTAR********************************
1 - GEAM050216, GEGI200918, HDAS180316, I3CR160717, PLGI120318
2 - FOAM090515, FOCO020815, FOCR030817, GAIN120518, GEAM050118
2 - GEAM071017, GECO180216, GECR140217, GEEV140218, GEEV231218, GEGI200118
2 - GEIN020218, GEIN190518, GEIN240416, GEKI160418, GEKI241215
2 - HDCO001018, HDGI130715, HDWA000415, I3AS060315
2 - I5GI030714, I5KI131114, I7CO170714, I7MS161015, MOAS070517, MOCO060517, MOMS211017
2 - RAAS140816, RAGI180417, RAGI230217, RAIN100116, TEAS150215, TEAS160217, TEMS100217, TEWA190116
***************************INDICE PRIMÁRIO****************************
005FOAM0905150032FOCO0208150019FOCR0308170013GAIN1205180029GEAM0501180034########################################################F******************************
008RAAS1408160006RAGI1804170001RAGI2302170028RAIN1001160008TEAS1502150005TEAS1602170031TEMS1002170018TEWA1901160011##############F******************************
005GEAM0502160016GEGI2009180004HDAS1803160024I3CR1607170003PLGI1203180007########################################################N000005004006003001************
007I5GI0307140009I5KI1311140027I7CO1707140021I7MS1610150002MOAS0705170036MOCO0605170012MOMS2110170014############################F******************************
005GEIN0202180039GEIN1905180035GEIN2404160023GEKI1604180033GEKI2412150010########################################################F******************************
006GEAM0710170025GECO1802160026GECR1402170038GEEV1402180037GEEV2312180017GEGI2001180000##########################################F******************************
004HDCO0010180015HDGI1307150030HDWA0004150020I3AS0603150022######################################################################F******************************
********************************BUSCAR********************************
Busca por uhdwuhd. Nos percorridos:
GEAM050216, GEGI200918, HDAS180316, I3CR160717, PLGI120318
RAAS140816, RAGI180417, RAGI230217, RAIN100116, TEAS150215, TEAS160217, TEMS100217, TEWA190116

Registro(s) nao encontrado!
********************************LISTAR********************************
1 - GEAM050216, GEGI200918, HDAS180316, I3CR160717, PLGI120318
2 - FOAM090515, FOCO020815, FOCR030817, GAIN120518, GEAM050118
2 - GEAM071017, GECO180216, GECR140217, GEEV140218, GEEV231218, GEGI200118
2 - GEIN020218, GEIN190518, GEIN240416, GEKI160418, GEKI241215
2 - HDCO001018, HDGI130715, HDWA000415, I3AS060315
2 - I5GI030714, I5KI131114, I7CO170714, I7MS161015, MOAS070517, MOCO060517, MOMS211017
2 - RAAS140816, RAGI180417, RAGI230217, RAIN100116, TEAS150215, TEAS160217, TEMS100217, TEWA190116
********************************BUSCAR********************************
Busca por I3AS230917. Nos percorridos:
GEAM050216, GEGI200918, HDAS180316, I3CR160717, PLGI120318
HDCO001018, HDGI130715, HDWA000415, I3AS060315

Registro(s) nao encontrado!
***************************INDICE PRIMÁRIO****************************
005FOAM0905150032FOCO0208150019FOCR0308170013GAIN1205180029GEAM0501180034########################################################F******************************
008RAAS1408160006RAGI1804170001RAGI2302170028RAIN1001160008TEAS1502150005TEAS1602170031TEMS1002170018TEWA1901160011##############F******************************
005GEAM0502160016GEGI2009180004HDAS1803160024I3CR1607170003PLGI1203180007########################################################N000005004006003001************
007I5GI0307140009I5KI1311140027I7CO1707140021I7MS1610150002MOAS0705170036MOCO0605170012MOMS2110170014############################F******************************
005GEIN0202180039GEIN1905180035GEIN2404160023GEKI1604180033GEKI2412150010########################################################F******************************
006GEAM0710170025GECO1802160026GECR1402170038GEEV1402180037GEEV2312180017GEGI2001180000##########################################F******************************
004HDCO0010180015HDGI1307150030HDWA0004150020I3AS0603150022######################################################################F******************************
********************************BUSCAR********************************
Busca por GEAS170216. Nos percorridos:
GEAM050216, GEGI200918, HDAS180316, I3CR160717, PLGI120318
GEAM071017, GECO180216, GECR140217, GEEV140218, GEEV231218, GEGI200118

Registro(s) nao encontrado!
********************************LISTAR********************************
1 - GEAM050216, GEGI200918, HDAS180316, I3CR160717, PLGI120318
2 - FOAM090515, FOCO020815, FOCR030817, FOGI160617, GAIN120518, GEAM050118
2 - GEAM071017, GECO180216, GECR140217, GEEV140218, GEEV231218, GEGI200118
2 - GEIN020218, GEIN190518, GEIN240416, GEKI160418, GEKI241215
2 - HDCO001018, HDGI130715, HDWA000415, I3AS060315
2 - I5GI030714, I5KI131114, I7CO170714, I7MS161015, MOAS070517, MOCO060517, MOMS211017
2 - RAAS140816, RAGI180417, RAGI230217, RAIN100116, TEAS150215, TEAS160217, TEMS100217, TEWA190116
********************************BUSCAR********************************
Busca por MOAS231017. Nos percorridos:
GEAM050216, GEGI200918, HDAS180316, I3CR160717, PLGI120318
I5GI030714, I5KI131114, I7CO170714, I7MS161015, MOAS070517, MOCO060517, MOMS211017

Registro(s) nao encontrado!
********************************ARQUIVO*******************************
GEGI200118@GEOFORCE GTX 1060 3GB@GIGABYTE@20/01/09@18@0122.57@070@FONTE|GABINETE|HARDWARE|HD|MEMORIA RAM@#######################################################################################RAGI180417@RAM 8GB DDR4@GIGABYTE@18/04/07@17@0249.11@055@FONTE|GABINETE|HARDWARE|HD|MEMORIA RAM|MOUSE@##########################################################################################I7MS161015@I7 - 8700@MSI@16/10/06@15@0181.13@010@FONTE|HARDWARE|HD|PLACA DE VIDEO@##############################################################################################################I3CR160717@I3 - 7100@CRUCIAL@16/07/17@17@0133.21@074@FONTE|GABINETE|HARDWARE|HD|MEMORIA RAM|MOUSE@##############################################################################################GEGI200918@GEOFORCE GTX 1060 3GB@GIGABYTE@20/09/15@18@0053.17@006@FONTE|GABINETE|HARDWARE|HD|MEMORIA RAM|MOUSE@#################################################################################TEAS150215@TECLADO GAMMER SEMI MECANICO@ASUS@15/02/03@15@0086.37@017@FONTE|HD|MOUSE|PERIFERICO|PLACA MAE|PROCESSADOR@###########################################################################RAAS140816@RAM 8GB DDR4@ASUS@14/08/16@16@0194.03@048@GABINETE|HARDWARE|HD|MEMORIA RAM|MOUSE@####################################################################################################PLGI120318@PLACA MAE PARA INTEL 1151 MATX@GIGABYTE@12/03/16@18@0023.87@098@FONTE|HARDWARE|HD|MOUSE|PERIFERICO@##################################################################################RAIN100116@RAM 8GB DDR4@INTEL@10/01/14@16@0102.45@019@GABINETE|HARDWARE|MOUSE@##################################################################################################################I5GI030714@I5 - 7400@GIGABYTE@03/07/17@14@0151.61@083@FONTE|GABINETE|HARDWARE|HD|MEMORIA RAM|MOUSE@#############################################################################################GEKI241215@GEOFORCE GTX 1050 2BG@KINGSTON@24/12/05@15@0176.48@016@MOUSE|PLACA DE VIDEO|PLACA MAE@###############################################################################################TEWA190116@TECLADO GAMMER MECANICO@WARRIOR@19/01/03@16@0215.01@043@FONTE|MEMORIA RAM@###########################################################################################################MOCO060517@MOUSE PRETO COM FIO USB@CORSAIR@06/05/10@17@0041.29@027@MOUSE@#######################################################################################################################FOCR030817@FONTE 500W@CRUCIAL@03/08/06@17@0104.76@074@FONTE|GABINETE|HARDWARE|MEMORIA RAM|MOUSE@################################################################################################MOMS211017@MOUSE BRANCO COM FIO USB@MSI@21/10/07@17@0160.13@046@GABINETE@#######################################################################################################################HDCO001018@HD 500GB@CORSAIR@00/10/12@18@0168.91@071@GABINETE|HD|MEMORIA RAM|MOUSE@##############################################################################################################GEAM050216@GEOFORCE GTX 1060 3GB@AMD@05/02/12@16@0008.37@016@FONTE|GABINETE|HARDWARE|HD|MEMORIA RAM|MOUSE@######################################################################################GEEV231218@GEOFORCE GTX 1060 3GB@EVGA@23/12/01@18@0083.02@035@FONTE|HD|MOUSE@###################################################################################################################TEMS100217@TECLADO GAMMER MECANICO@MSI@10/02/03@17@0037.29@001@FONTE|HARDWARE|HD|MEMORIA RAM|MOUSE|PERIFERICO@##################################################################################FOCO020815@FONTE 500W@CORSAIR@02/08/15@15@0053.01@078@FONTE|GABINETE|HARDWARE|HD|MEMORIA RAM|MOUSE@#############################################################################################HDWA000415@HD 500GB@WARRIOR@00/04/13@15@0205.12@063@FONTE|GABINETE|HARDWARE|HD|MEMORIA RAM|MOUSE@###############################################################################################I7CO170714@I7 - 8700@CORSAIR@17/07/13@14@0214.99@046@GABINETE|MOUSE|PERIFERICO|PLACA DE VIDEO@##################################################################################################I3AS060315@I3 - 7100@ASROCK@06/03/01@15@0033.27@050@FONTE|HARDWARE|HD|MEMORIA RAM|MOUSE|PERIFERICO@#############################################################################################GEIN240416@GEOFORCE GTX 1060 3GB@INTEL@24/04/12@16@0180.13@026@GABINETE|HARDWARE|HD|MEMORIA RAM|MOUSE@##########################################################################################HDAS180316@HD 500GB@ASUS@18/03/13@16@0026.97@080@FONTE|GABINETE|HARDWARE|HD|MEMORIA RAM@########################################################################################################GEAM071017@GEOFORCE GTX 1070@AMD@07/10/05@17@0001.51@087@FONTE|GABINETE|HD|MEMORIA RAM|MOUSE|PERIFERICO@########################################################################################GECO180216@GEOFORCE GTX 1060 3GB@CORSAIR@18/02/13@16@0013.97@044@GABINETE|HD|MEMORIA RAM|MOUSE|PERIFERICO@######################################################################################I5KI131114@I5 - 8400@KINGSTON@13/11/01@14@0206.45@025@FONTE|GABINETE|HARDWARE|HD|MEMORIA RAM@###################################################################################################RAGI230217@RAM 8GB DDR4@GIGABYTE@23/02/04@17@0062.08@099@GABINETE|HARDWARE|MEMORIA RAM|MOUSE|PLACA MAE@#########################################################################################GAIN120518@GABINETE LATERAL ACRILICO@INTEL@12/05/12@18@0142.29@090@HARDWARE|PLACA MAE@##########################################################################################################HDGI130715@HD 1TB SATA@GIGABYTE@13/07/05@15@0059.87@066@PLACA MAE@##############################################################################################################################TEAS160217@TECLADO GAMMER SEMI MECANICO@ASROCK@16/02/00@17@0015.62@027@FONTE|GABINETE|HARDWARE|HD|MEMORIA RAM|MOUSE@############################################################################FOAM090515@FONTE 450W@AMD@09/05/09@15@0244.57@054@GABINETE|HARDWARE|HD|MEMORIA RAM|PERIFERICO@##################################################################################################GEKI160418@GEOFORCE GTX 1060 3GB@KINGSTON@16/04/17@18@0068.73@048@GABINETE@#####################################################################################################################GEAM050118@GEOFORCE GTX 1070 TI@AMD@05/01/10@18@0101.96@006@HARDWARE@###########################################################################################################################GEIN190518@GEOFORCE GTX 1050 TI 4GB@INTEL@19/05/06@18@0230.51@007@HARDWARE@#####################################################################################################################MOAS070517@MOUSE PRETO COM FIO USB@ASUS@07/05/00@17@0198.28@076@HARDWARE|MEMORIA RAM|MOUSE|PERIFERICO@##########################################################################################GEEV140218@GEOFORCE GTX 1080 TI@EVGA@14/02/02@18@0207.63@001@FONTE|HARDWARE|MEMORIA RAM|MOUSE@##################################################################################################GECR140217@GEOFORCE GTX 1080 TI@CRUCIAL@14/02/17@17@0073.83@011@FONTE|HARDWARE|HD@##############################################################################################################GEIN020218@GEOFORCE GTX 1070 TI@INTEL@02/02/12@18@0206.03@065@FONTE|GABINETE|HD|MEMORIA RAM|MOUSE|PERIFERICO@###################################################################################FOGI160617@FONTE 500W@GIGABYTE@16/06/13@17@0227.76@027@GABINETE|HARDWARE|HD|MOUSE|PERIFERICO@###################################################################################################
***************************INDICE SECUNDÁRIO**************************
009FOAM090515AMD$FONTE 450W#######################################################################################GEAM050216AMD$GEOFORCE GTX 1060 3GB############################################################################GEAM071017AMD$GEOFORCE GTX 1070################################################################################GEAM050118AMD$GEOFORCE GTX 1070 TI#############################################################################I3AS060315ASROCK$I3 - 7100#####################################################################################TEAS160217ASROCK$TECLADO GAMMER SEMI MECANICO##################################################################HDAS180316ASUS$HD 500GB########################################################################################MOAS070517ASUS$MOUSE PRETO COM FIO USB#########################################################################RAAS140816ASUS$RAM 8GB DDR4####################################################################################F******************************
005PLGI120318GIGABYTE$PLACA MAE PARA INTEL 1151 MATX##############################################################RAGI180417GIGABYTE$RAM 8GB DDR4################################################################################RAGI230217GIGABYTE$RAM 8GB DDR4################################################################################GAIN120518INTEL$GABINETE LATERAL ACRILICO######################################################################GEIN190518INTEL$GEOFORCE GTX 1050 TI 4GB###################################################################################################################################################################################################################################################################################################################################################################################################################################################################################################################################F******************************
005TEAS150215ASUS$TECLADO GAMMER SEMI MECANICO####################################################################FOCR030817CRUCIAL$FONTE 500W###################################################################################I5GI030714GIGABYTE$I5 - 7400###################################################################################GEIN240416INTEL$GEOFORCE GTX 1060 3GB##########################################################################I7MS161015MSI$I7 - 8700####################################################################################################################################################################################################################################################################################################################################################################################################################################################################################################################################################N000005003001006004************
008GECR140217CRUCIAL$GEOFORCE GTX 1080 TI#########################################################################I3CR160717CRUCIAL$I3 - 7100####################################################################################GEEV231218EVGA$GEOFORCE GTX 1060 3GB###########################################################################GEEV140218EVGA$GEOFORCE GTX 1080 TI############################################################################FOGI160617GIGABYTE$FONTE 500W##################################################################################GEGI200118GIGABYTE$GEOFORCE GTX 1060 3GB#######################################################################GEGI200918GIGABYTE$GEOFORCE GTX 1060 3GB#######################################################################HDGI130715GIGABYTE$HD 1TB SATA################################################################################################################################################################################################F******************************
004MOMS211017MSI$MOUSE BRANCO COM FIO USB#########################################################################TEMS100217MSI$TECLADO GAMMER MECANICO##########################################################################HDWA000415WARRIOR$HD 500GB#####################################################################################TEWA190116WARRIOR$TECLADO GAMMER MECANICO#################################################################################################################################################################################################################################################################################################################################################################################################################################################################################################################################################################################################################################################F******************************
005FOCO020815CORSAIR$FONTE 500W###################################################################################GECO180216CORSAIR$GEOFORCE GTX 1060 3GB########################################################################HDCO001018CORSAIR$HD 500GB#####################################################################################I7CO170714CORSAIR$I7 - 8700####################################################################################MOCO060517CORSAIR$MOUSE PRETO COM FIO USB##################################################################################################################################################################################################################################################################################################################################################################################################################################################################################################################################F******************************
005GEIN020218INTEL$GEOFORCE GTX 1070 TI###########################################################################RAIN100116INTEL$RAM 8GB DDR4###################################################################################GEKI241215KINGSTON$GEOFORCE GTX 1050 2BG#######################################################################GEKI160418KINGSTON$GEOFORCE GTX 1060 3GB#######################################################################I5KI131114KINGSTON$I5 - 8400###############################################################################################################################################################################################################################################################################################################################################################################################################################################################################################################################################F******************************
