Registro MOAM081014 inserido com sucesso. Numero de colisoes: 1.

********************************BUSCAR********************************
GEAM050118
GEOFORCE GTX 1070 TI
AMD
05/01/10
18
0095.84
HARDWARE 
Registro FOEV200216 inserido com sucesso. Numero de colisoes: 14.

Registro GEAS271016 inserido com sucesso. Numero de colisoes: 2.

Registro GECO210815 inserido com sucesso. Numero de colisoes: 20.

Registro FOMS261118 inserido com sucesso. Numero de colisoes: 5.

Registro HDMS210917 inserido com sucesso. Numero de colisoes: 1.

Registro MOKI250718 inserido com sucesso. Numero de colisoes: 1.

Registro I7KI120917 inserido com sucesso. Numero de colisoes: 2.

Registro PLWA060518 inserido com sucesso. Numero de colisoes: 1.

Registro MOAS180714 inserido com sucesso. Numero de colisoes: 19.

********************************BUSCAR********************************
HDAS180316
HD 500GB
ASUS
18/03/13
16
0005.39
FONTE GABINETE HARDWARE HD MEMORIA RAM 
********************************BUSCAR********************************
I3AS060315
I3 - 7100
ASROCK
06/03/01
15
0016.63
FONTE HARDWARE HD MEMORIA RAM MOUSE PERIFERICO 
********************************LISTAR********************************
[0] Livre
[1] Livre
[2] Ocupado: PLGI120318
[3] Livre
[4] Ocupado: FOCR030817
[5] Ocupado: GEIN190518
[6] Livre
[7] Ocupado: GEKI241215
[8] Ocupado: GECR140217
[9] Ocupado: MOAS070517
[10] Livre
[11] Livre
[12] Livre
[13] Ocupado: GAIN120518
[14] Ocupado: MOKI250718
[15] Ocupado: GEGI200118
[16] Ocupado: HDCO001018
[17] Ocupado: HDGI130715
[18] Ocupado: MOAM081014
[19] Ocupado: GECO180216
[20] Ocupado: GEGI200918
[21] Ocupado: GEAS271016
[22] Ocupado: FOMS261118
[23] Ocupado: GEKI160418
[24] Ocupado: TEAS150215
[25] Ocupado: HDMS210917
[26] Ocupado: RAGI180417
[27] Ocupado: I7KI120917
[28] Livre
[29] Ocupado: I5KI131114
[30] Ocupado: I7MS161015
[31] Ocupado: TEMS100217
[32] Ocupado: GEIN240416
[33] Ocupado: TEAS160217
[34] Ocupado: TEWA190116
[35] Ocupado: GEEV231218
[36] Ocupado: HDAS180316
[37] Ocupado: I3CR160717
[38] Ocupado: GEAM050118
[39] Ocupado: RAIN100116
[40] Ocupado: I7CO170714
[41] Ocupado: GEAM050216
[42] Ocupado: GEEV140218
[43] Ocupado: FOEV200216
[44] Ocupado: HDWA000415
[45] Ocupado: MOMS211017
[46] Ocupado: FOCO020815
[47] Ocupado: GEAM071017
[48] Ocupado: RAGI230217
[49] Ocupado: FOAM090515
[50] Ocupado: GECO210815
[51] Ocupado: GEIN020218
[52] Ocupado: MOCO060517
[53] Ocupado: I5GI030714
[54] Ocupado: PLWA060518
[55] Ocupado: MOAS180714
[56] Ocupado: RAAS140816
[57] Ocupado: I3AS060315
[58] Livre
Registro I7AM101014 inserido com sucesso. Numero de colisoes: 6.

********************************BUSCAR********************************
Registro(s) nao encontrado!
********************************BUSCAR********************************
Registro(s) nao encontrado!
********************************BUSCAR********************************
Registro(s) nao encontrado!
Registro MOEV260615 inserido com sucesso. Numero de colisoes: 14.

ERRO: Ja existe um registro com a chave primaria: I7KI120917.

ERRO: Ja existe um registro com a chave primaria: PLWA060518.

Registro RAKI190816 inserido com sucesso. Numero de colisoes: 11.

Registro RAAS110215 inserido com sucesso. Numero de colisoes: 11.

Registro RAKI030318 inserido com sucesso. Numero de colisoes: 8.

Registro GEIN071115 inserido com sucesso. Numero de colisoes: 44.

Registro GEEV201018 inserido com sucesso. Numero de colisoes: 9.

Registro MOAS231017 inserido com sucesso. Numero de colisoes: 49.

Registro GECO230317 inserido com sucesso. Numero de colisoes: 10.

ERRO: Tabela Hash esta cheia!

ERRO: Tabela Hash esta cheia!

ERRO: Tabela Hash esta cheia!

ERRO: Tabela Hash esta cheia!

********************************LISTAR********************************
[0] Ocupado: MOEV260615
[1] Ocupado: RAAS110215
[2] Ocupado: PLGI120318
[3] Ocupado: RAKI030318
[4] Ocupado: FOCR030817
[5] Ocupado: GEIN190518
[6] Ocupado: GEIN071115
[7] Ocupado: GEKI241215
[8] Ocupado: GECR140217
[9] Ocupado: MOAS070517
[10] Ocupado: GEEV201018
[11] Ocupado: MOAS231017
[12] Ocupado: GECO230317
[13] Ocupado: GAIN120518
[14] Ocupado: MOKI250718
[15] Ocupado: GEGI200118
[16] Ocupado: HDCO001018
[17] Ocupado: HDGI130715
[18] Ocupado: MOAM081014
[19] Ocupado: GECO180216
[20] Ocupado: GEGI200918
[21] Ocupado: GEAS271016
[22] Ocupado: FOMS261118
[23] Ocupado: GEKI160418
[24] Ocupado: TEAS150215
[25] Ocupado: HDMS210917
[26] Ocupado: RAGI180417
[27] Ocupado: I7KI120917
[28] Ocupado: RAKI190816
[29] Ocupado: I5KI131114
[30] Ocupado: I7MS161015
[31] Ocupado: TEMS100217
[32] Ocupado: GEIN240416
[33] Ocupado: TEAS160217
[34] Ocupado: TEWA190116
[35] Ocupado: GEEV231218
[36] Ocupado: HDAS180316
[37] Ocupado: I3CR160717
[38] Ocupado: GEAM050118
[39] Ocupado: RAIN100116
[40] Ocupado: I7CO170714
[41] Ocupado: GEAM050216
[42] Ocupado: GEEV140218
[43] Ocupado: FOEV200216
[44] Ocupado: HDWA000415
[45] Ocupado: MOMS211017
[46] Ocupado: FOCO020815
[47] Ocupado: GEAM071017
[48] Ocupado: RAGI230217
[49] Ocupado: FOAM090515
[50] Ocupado: GECO210815
[51] Ocupado: GEIN020218
[52] Ocupado: MOCO060517
[53] Ocupado: I5GI030714
[54] Ocupado: PLWA060518
[55] Ocupado: MOAS180714
[56] Ocupado: RAAS140816
[57] Ocupado: I3AS060315
[58] Ocupado: I7AM101014
