Registro MECR251216 inserido com sucesso. Numero de colisoes: 23.

Registro MEKI090716 inserido com sucesso. Numero de colisoes: 32.

Registro FOEV280214 inserido com sucesso. Numero de colisoes: 27.

ERRO: Tabela Hash esta cheia!

********************************LISTAR********************************
[0] Ocupado: GEIN190518
[1] Ocupado: RAIN100116
[2] Ocupado: TEAS150215
[3] Ocupado: GEAM050216
[4] Ocupado: RAGI180417
[5] Ocupado: GEKI160418
[6] Ocupado: HDWA000415
[7] Ocupado: GEAM071017
[8] Ocupado: I7MS161015
[9] Ocupado: TEMS100217
[10] Ocupado: GEIN240416
[11] Ocupado: RAGI230217
[12] Ocupado: TEWA190116
[13] Ocupado: GEEV231218
[14] Ocupado: HDAS180316
[15] Ocupado: I3CR160717
[16] Ocupado: I5GI030714
[17] Ocupado: I7CO170714
[18] Ocupado: TEAS160217
[19] Ocupado: I3AS060315
[20] Ocupado: GEGI200118
[21] Ocupado: HDCO001018
[22] Ocupado: MOAS070517
[23] Ocupado: PLGI120318
[24] Ocupado: MOMS211017
[25] Ocupado: FOCO020815
[26] Ocupado: GEEV140218
[27] Ocupado: FOAM090515
[28] Ocupado: GEKI241215
[29] Ocupado: GECR140217
[30] Ocupado: MOCO060517
[31] Ocupado: GEIN020218
[32] Ocupado: MECR251216
[33] Ocupado: MEKI090716
[34] Ocupado: RAAS140816
[35] Ocupado: I5KI131114
[36] Ocupado: GAIN120518
[37] Ocupado: HDGI130715
[38] Ocupado: GEAM050118
[39] Ocupado: FOEV280214
[40] Ocupado: GECO180216
[41] Ocupado: GEGI200918
[42] Ocupado: FOCR030817
